[I 2026-07-18 09:48:13,089] Trial 3 finished with value: -99.58333333333333 and parameters: {'Q_INIT': 131, 'EPS_START': 0.802216052285051, 'EPS_DECAY': 0.7966766368744469, 'GAMMA': 0.808952352100229, 'ALPHA': 0.7174993356222531}. Best is trial 2 with value: -75.875.
[I 2026-07-18 09:48:25,483] Trial 4 finished with value: -86.45833333333333 and parameters: {'Q_INIT': 84, 'EPS_START': 0.9775367536204866, 'EPS_DECAY': 0.6007756516437632, 'GAMMA': 0.5907105254898638, 'ALPHA': 0.8517519431251555}. Best is trial 2 with value: -75.875.
[I 2026-07-18 09:48:34,736] Trial 5 finished with value: -95.2 and parameters: {'Q_INIT': 87, 'EPS_START': 0.8964719575678967, 'EPS_DECAY': 0.744801875046515, 'GAMMA': 0.6856960808877501, 'ALPHA': 0.8925466248042585}. Best is trial 2 with value: -75.875.
[I 2026-07-18 09:48:41,094] Trial 6 finished with value: -99.5 and parameters: {'Q_INIT': 147, 'EPS_START': 0.9968149618330817, 'EPS_DECAY': 0.5400498504121668, 'GAMMA': 0.731235679429769, 'ALPHA': 0.7087696772338472}. Best is trial 2 with value: -75.875.
[I 2026-07-18 09:49:01,250] Trial 7 finished with value: -62.88333333333333 and parameters: {'Q_INIT': 59, 'EPS_START': 0.9693728698766155, 'EPS_DECAY': 0.5183339773830596, 'GAMMA': 0.7023936647596076, 'ALPHA': 0.7155098222051088}. Best is trial 7 with value: -62.88333333333333.
[I 2026-07-18 09:49:07,037] Trial 8 finished with value: -99.53333333333333 and parameters: {'Q_INIT': 145, 'EPS_START': 0.8353765667125116, 'EPS_DECAY': 0.8203222236460123, 'GAMMA': 0.9169820629414889, 'ALPHA': 0.7068866091371881}. Best is trial 7 with value: -62.88333333333333.
[I 2026-07-18 09:49:15,420] Trial 9 finished with value: -60.391666666666666 and parameters: {'Q_INIT': 80, 'EPS_START': 0.9952506384570086, 'EPS_DECAY': 0.6195733927966947, 'GAMMA': 0.9367029945081811, 'ALPHA': 0.9083595060509244}. Best is trial 9 with value: -60.391666666666666.
[I 2026-07-18 09:49:22,123] Trial 10 finished with value: -92.31666666666666 and parameters: {'Q_INIT': 121, 'EPS_START': 0.9249897000606213, 'EPS_DECAY': 0.9789007594947672, 'GAMMA': 0.9981923897392003, 'ALPHA': 0.5015091691848979}. Best is trial 9 with value: -60.391666666666666.
[I 2026-07-18 09:49:30,717] Trial 11 finished with value: -24.175 and parameters: {'Q_INIT': 50, 'EPS_START': 0.9563076522272336, 'EPS_DECAY': 0.5000502970408782, 'GAMMA': 0.9909615432120545, 'ALPHA': 0.5900056480483833}. Best is trial 11 with value: -24.175.
[I 2026-07-18 09:49:39,912] Trial 12 finished with value: -13.2 and parameters: {'Q_INIT': 58, 'EPS_START': 0.9454115195830242, 'EPS_DECAY': 0.5004681903611287, 'GAMMA': 0.9988821518385483, 'ALPHA': 0.5046857070469188}. Best is trial 12 with value: -13.2.
[I 2026-07-18 09:49:48,654] Trial 13 finished with value: -11.183333333333334 and parameters: {'Q_INIT': 52, 'EPS_START': 0.9327487218058804, 'EPS_DECAY': 0.507762260979742, 'GAMMA': 0.9986653224120174, 'ALPHA': 0.5107238325626422}. Best is trial 13 with value: -11.183333333333334.
[I 2026-07-18 09:49:57,679] Trial 14 finished with value: -87.35 and parameters: {'Q_INIT': 69, 'EPS_START': 0.9144673389239584, 'EPS_DECAY': 0.5570729751102182, 'GAMMA': 0.9011339186931109, 'ALPHA': 0.5006748587985476}. Best is trial 13 with value: -11.183333333333334.
[I 2026-07-18 09:50:03,985] Trial 15 finished with value: -99.36666666666666 and parameters: {'Q_INIT': 104, 'EPS_START': 0.9383389277617368, 'EPS_DECAY': 0.6570006844925309, 'GAMMA': 0.8595362494216628, 'ALPHA': 0.5921555186494277}. Best is trial 13 with value: -11.183333333333334.
[I 2026-07-18 09:50:13,288] Trial 16 finished with value: -15.775 and parameters: {'Q_INIT': 50, 'EPS_START': 0.8995802179988562, 'EPS_DECAY': 0.5067543896702442, 'GAMMA': 0.9626039325098878, 'ALPHA': 0.5897593102645666}. Best is trial 13 with value: -11.183333333333334.
[I 2026-07-18 09:50:31,997] Trial 17 finished with value: -71.91666666666667 and parameters: {'Q_INIT': 68, 'EPS_START': 0.8732537824201482, 'EPS_DECAY': 0.5698566362409458, 'GAMMA': 0.5085075574275288, 'ALPHA': 0.5519396944928141}. Best is trial 13 with value: -11.183333333333334.
[I 2026-07-18 09:50:44,192] Trial 18 finished with value: -72.475 and parameters: {'Q_INIT': 61, 'EPS_START': 0.9238143977693097, 'EPS_DECAY': 0.7011503506886917, 'GAMMA': 0.8887603057061703, 'ALPHA': 0.654937661752088}. Best is trial 13 with value: -11.183333333333334.
[I 2026-07-18 09:50:51,446] Trial 19 finished with value: -97.15833333333333 and parameters: {'Q_INIT': 101, 'EPS_START': 0.9560229359387796, 'EPS_DECAY': 0.9244219731430887, 'GAMMA': 0.7950967551456743, 'ALPHA': 0.639766604720471}. Best is trial 13 with value: -11.183333333333334.
[I 2026-07-18 09:50:58,369] Trial 20 finished with value: -74.94166666666666 and parameters: {'Q_INIT': 76, 'EPS_START': 0.9077385258457802, 'EPS_DECAY': 0.5608095373543713, 'GAMMA': 0.9374047221367305, 'ALPHA': 0.9999768440313336}. Best is trial 13 with value: -11.183333333333334.
[I 2026-07-18 09:51:06,852] Trial 21 finished with value: -15.558333333333334 and parameters: {'Q_INIT': 55, 'EPS_START': 0.892359674344313, 'EPS_DECAY': 0.505787480678858, 'GAMMA': 0.9737742319505629, 'ALPHA': 0.5656707912916736}. Best is trial 13 with value: -11.183333333333334.
[I 2026-07-18 09:51:16,221] Trial 22 finished with value: -10.933333333333334 and parameters: {'Q_INIT': 58, 'EPS_START': 0.8769169097080072, 'EPS_DECAY': 0.5030409732152772, 'GAMMA': 0.9644685396995202, 'ALPHA': 0.5399790067343849}. Best is trial 22 with value: -10.933333333333334.
[I 2026-07-18 09:51:25,296] Trial 23 finished with value: -24.1 and parameters: {'Q_INIT': 61, 'EPS_START': 0.8600504312216003, 'EPS_DECAY': 0.5555824565255734, 'GAMMA': 0.9514810045110156, 'ALPHA': 0.5408695411563633}. Best is trial 22 with value: -10.933333333333334.
[I 2026-07-18 09:51:35,663] Trial 24 finished with value: -88.24166666666666 and parameters: {'Q_INIT': 70, 'EPS_START': 0.8199652710650597, 'EPS_DECAY': 0.5933066165984596, 'GAMMA': 0.8789050714459729, 'ALPHA': 0.6337578245398071}. Best is trial 22 with value: -10.933333333333334.
[I 2026-07-18 09:51:44,733] Trial 25 finished with value: -19.05 and parameters: {'Q_INIT': 58, 'EPS_START': 0.9357091971771088, 'EPS_DECAY': 0.53948308241089, 'GAMMA': 0.9971752245812795, 'ALPHA': 0.5289456064446997}. Best is trial 22 with value: -10.933333333333334.
[I 2026-07-18 09:51:52,873] Trial 26 finished with value: -56.208333333333336 and parameters: {'Q_INIT': 75, 'EPS_START': 0.9675742969242032, 'EPS_DECAY': 0.6502056357619355, 'GAMMA': 0.9209332892099369, 'ALPHA': 0.503161583197729}. Best is trial 22 with value: -10.933333333333334.
[I 2026-07-18 09:52:02,747] Trial 27 finished with value: -20.95 and parameters: {'Q_INIT': 50, 'EPS_START': 0.8700786531427164, 'EPS_DECAY': 0.5348542633418549, 'GAMMA': 0.957229270811475, 'ALPHA': 0.6110299667521932}. Best is trial 22 with value: -10.933333333333334.
[I 2026-07-18 09:52:09,813] Trial 28 finished with value: -97.725 and parameters: {'Q_INIT': 96, 'EPS_START': 0.9195664701640273, 'EPS_DECAY': 0.5769312641029849, 'GAMMA': 0.8356324057717899, 'ALPHA': 0.6699849880405511}. Best is trial 22 with value: -10.933333333333334.
[I 2026-07-18 09:52:18,801] Trial 29 finished with value: -20.641666666666666 and parameters: {'Q_INIT': 64, 'EPS_START': 0.9559093759893096, 'EPS_DECAY': 0.6945495276544131, 'GAMMA': 0.965620161504718, 'ALPHA': 0.5610546386559268}. Best is trial 22 with value: -10.933333333333334.
[I 2026-07-18 09:52:27,751] Trial 30 finished with value: -87.425 and parameters: {'Q_INIT': 74, 'EPS_START': 0.9430605789549588, 'EPS_DECAY': 0.6335553494793111, 'GAMMA': 0.9089393227654736, 'ALPHA': 0.7644790103407698}. Best is trial 22 with value: -10.933333333333334.
[I 2026-07-18 09:52:37,396] Trial 31 finished with value: -18.575 and parameters: {'Q_INIT': 56, 'EPS_START': 0.9013826822970284, 'EPS_DECAY': 0.5112750307571093, 'GAMMA': 0.9731085496474698, 'ALPHA': 0.5629687027761613}. Best is trial 22 with value: -10.933333333333334.
[I 2026-07-18 09:52:45,780] Trial 32 finished with value: -19.591666666666665 and parameters: {'Q_INIT': 52, 'EPS_START': 0.882539464430423, 'EPS_DECAY': 0.5014300180204053, 'GAMMA': 0.9781828643549318, 'ALPHA': 0.5333794492088881}. Best is trial 22 with value: -10.933333333333334.
[I 2026-07-18 09:52:54,166] Trial 33 finished with value: -23.125 and parameters: {'Q_INIT': 64, 'EPS_START': 0.8889977086626636, 'EPS_DECAY': 0.5387492150421895, 'GAMMA': 0.9978716651688476, 'ALPHA': 0.5695914823363092}. Best is trial 22 with value: -10.933333333333334.
[I 2026-07-18 09:53:03,921] Trial 34 finished with value: -20.8 and parameters: {'Q_INIT': 56, 'EPS_START': 0.8471425762786808, 'EPS_DECAY': 0.5900593549629246, 'GAMMA': 0.9384936796141141, 'ALPHA': 0.5264900464260119}. Best is trial 22 with value: -10.933333333333334.
[I 2026-07-18 09:53:18,296] Trial 35 finished with value: -75.125 and parameters: {'Q_INIT': 56, 'EPS_START': 0.9306878622754838, 'EPS_DECAY': 0.520105488323085, 'GAMMA': 0.8665648836205253, 'ALPHA': 0.6131292149282545}. Best is trial 22 with value: -10.933333333333334.
[I 2026-07-18 09:53:27,112] Trial 36 finished with value: -33.75 and parameters: {'Q_INIT': 66, 'EPS_START': 0.8665552342540289, 'EPS_DECAY': 0.6062019218310424, 'GAMMA': 0.9275678934698384, 'ALPHA': 0.5217345812901433}. Best is trial 22 with value: -10.933333333333334.
[I 2026-07-18 09:53:36,018] Trial 37 finished with value: -93.325 and parameters: {'Q_INIT': 81, 'EPS_START': 0.8865546023986044, 'EPS_DECAY': 0.5735721518695999, 'GAMMA': 0.8018021728516183, 'ALPHA': 0.5717441296199246}. Best is trial 22 with value: -10.933333333333334.
[I 2026-07-18 09:53:50,923] Trial 38 finished with value: -73.125 and parameters: {'Q_INIT': 55, 'EPS_START': 0.9824840186496748, 'EPS_DECAY': 0.5319373299361625, 'GAMMA': 0.838374973154088, 'ALPHA': 0.8228570015418633}. Best is trial 22 with value: -10.933333333333334.
[I 2026-07-18 09:54:00,320] Trial 39 finished with value: -46.983333333333334 and parameters: {'Q_INIT': 72, 'EPS_START': 0.8434766518671933, 'EPS_DECAY': 0.5435313007052034, 'GAMMA': 0.9640156960301726, 'ALPHA': 0.6770338486463509}. Best is trial 22 with value: -10.933333333333334.
[I 2026-07-18 09:54:16,477] Trial 40 finished with value: -70.96666666666667 and parameters: {'Q_INIT': 62, 'EPS_START': 0.9106597598502563, 'EPS_DECAY': 0.524225508494259, 'GAMMA': 0.7712782546185777, 'ALPHA': 0.6081470331795485}. Best is trial 22 with value: -10.933333333333334.
[I 2026-07-18 09:54:26,700] Trial 41 finished with value: -17.441666666666666 and parameters: {'Q_INIT': 51, 'EPS_START': 0.9012285194843577, 'EPS_DECAY': 0.5126844102250664, 'GAMMA': 0.964504670410461, 'ALPHA': 0.5869257539564351}. Best is trial 22 with value: -10.933333333333334.
[I 2026-07-18 09:54:35,335] Trial 42 finished with value: -3.408333333333333 and parameters: {'Q_INIT': 60, 'EPS_START': 0.894525367556947, 'EPS_DECAY': 0.5071966318877293, 'GAMMA': 0.9481012152612325, 'ALPHA': 0.5445561305065373}. Best is trial 42 with value: -3.408333333333333.
[I 2026-07-18 09:54:47,854] Trial 43 finished with value: -53.75 and parameters: {'Q_INIT': 60, 'EPS_START': 0.8781941697643134, 'EPS_DECAY': 0.5001995131263344, 'GAMMA': 0.8961384888926357, 'ALPHA': 0.5438092841501614}. Best is trial 42 with value: -3.408333333333333.
[I 2026-07-18 09:54:56,894] Trial 44 finished with value: -28.041666666666668 and parameters: {'Q_INIT': 65, 'EPS_START': 0.8587828465424796, 'EPS_DECAY': 0.5552520649578456, 'GAMMA': 0.9403224480452778, 'ALPHA': 0.5104152295091516}. Best is trial 42 with value: -3.408333333333333.
[I 2026-07-18 09:55:05,537] Trial 45 finished with value: -25.341666666666665 and parameters: {'Q_INIT': 55, 'EPS_START': 0.8918697094395754, 'EPS_DECAY': 0.5901598587634546, 'GAMMA': 0.9820182335422601, 'ALPHA': 0.5495515855114039}. Best is trial 42 with value: -3.408333333333333.
[I 2026-07-18 09:55:12,437] Trial 46 finished with value: -82.21666666666667 and parameters: {'Q_INIT': 79, 'EPS_START': 0.8279660583262581, 'EPS_DECAY': 0.6177022299350422, 'GAMMA': 0.9171445749156426, 'ALPHA': 0.5759962585960646}. Best is trial 42 with value: -3.408333333333333.
[I 2026-07-18 09:55:18,628] Trial 47 finished with value: -99.59166666666667 and parameters: {'Q_INIT': 119, 'EPS_START': 0.9180924033094876, 'EPS_DECAY': 0.8247289064506811, 'GAMMA': 0.6273475692485251, 'ALPHA': 0.5212853105785614}. Best is trial 42 with value: -3.408333333333333.
[I 2026-07-18 09:55:26,965] Trial 48 finished with value: -39.958333333333336 and parameters: {'Q_INIT': 69, 'EPS_START': 0.9525668580166786, 'EPS_DECAY': 0.5198124934502256, 'GAMMA': 0.997247412117527, 'ALPHA': 0.6242176867596716}. Best is trial 42 with value: -3.408333333333333.
[I 2026-07-18 09:55:33,763] Trial 49 finished with value: -56.875 and parameters: {'Q_INIT': 84, 'EPS_START': 0.9293570742419672, 'EPS_DECAY': 0.5530761945964499, 'GAMMA': 0.9457374298401476, 'ALPHA': 0.5010202690319551}. Best is trial 42 with value: -3.408333333333333.

=== double_q ===
best value : -3.408333333333333
best params: {'Q_INIT': 60, 'EPS_START': 0.894525367556947, 'EPS_DECAY': 0.5071966318877293, 'GAMMA': 0.9481012152612325, 'ALPHA': 0.5445561305065373}
7401@oth-aw.de@ki-032:~/Schreibtisch/Task2/RLTask1$ 