[I 2026-07-18 09:45:55,271] Trial 49 finished with value: -99.28333333333333 and parameters: {'Q_INIT': 104, 'EPS_START': 0.888752355966253, 'EPS_DECAY': 0.9617348523385956, 'GAMMA': 0.8248731337738704, 'ALPHA': 0.9978982306733218, 'N_STEP': 4}. Best is trial 43 with value: -84.925.

=== sarsa ===
best value : -84.925
best params: {'Q_INIT': 114, 'EPS_START': 0.8434183559284321, 'EPS_DECAY': 0.9073567344593699, 'GAMMA': 0.9996113599797011, 'ALPHA': 0.940613758793346, 'N_STEP': 4}
[I 2026-07-18 09:45:55,294] A new study created in memory with name: n_step_sarsa
[W 2026-07-18 09:45:59,536] Trial 0 failed with parameters: {'Q_INIT': 104, 'EPS_START': 0.8973637864041989, 'EPS_DECAY': 0.656083502508577, 'GAMMA': 0.8321153870064896, 'ALPHA': 0.8860071149246475, 'N_STEP': 4} because of the following error: KeyboardInterrupt().
Traceback (most recent call last):
  File "C:\Users\nikam\ReinforcementLearning\Task1\.venv\Lib\site-packages\optuna\study\_optimize.py", line 206, in _run_trial
    value_or_values = func(trial)
  File "c:\Users\nikam\ReinforcementLearning\Task1\sarsa_tune.py", line 36, in objective
    return evaluate(learner, TUNE_EPISODES)
  File "c:\Users\nikam\ReinforcementLearning\Task1\sarsa_tune.py", line 23, in evaluate
    curve = learner(env, n_episodes, False)
  File "c:\Users\nikam\ReinforcementLearning\Task1\sarsa.py", line 147, in n_step_sarsa
    next_obs, reward, done = env.step(actions[tt])
                             ~~~~~~~~^^^^^^^^^^^^^
  File "c:\Users\nikam\ReinforcementLearning\Task1\gridworld.py", line 619, in step
    self._grid2grid()
    ~~~~~~~~~~~~~~~^^
  File "c:\Users\nikam\ReinforcementLearning\Task1\gridworld.py", line 574, in _grid2grid
    water = np.abs(self._grid) >= 1.125
            ~~~~~~^^^^^^^^^^^^
KeyboardInterrupt
[W 2026-07-18 09:45:59,565] Trial 0 failed with value None.
Traceback (most recent call last):
  File "c:\Users\nikam\ReinforcementLearning\Task1\sarsa_tune.py", line 44, in <module>
    study.optimize(make_objective(learner), n_trials=50)
    ~~~~~~~~~~~~~~^^^^^^^^^^^^^^^^^^^^^^^^^^^^^^^^^^^^^^
  File "C:\Users\nikam\ReinforcementLearning\Task1\.venv\Lib\site-packages\optuna\study\study.py", line 516, in optimize
    _optimize(
    ~~~~~~~~~^
        study=self,
        ^^^^^^^^^^^
    ...<7 lines>...
        show_progress_bar=show_progress_bar,
        ^^^^^^^^^^^^^^^^^^^^^^^^^^^^^^^^^^^^
    )
    ^
  File "C:\Users\nikam\ReinforcementLearning\Task1\.venv\Lib\site-packages\optuna\study\_optimize.py", line 68, in _optimize
    _optimize_sequential(
    ~~~~~~~~~~~~~~~~~~~~^
        study,
        ^^^^^^
    ...<8 lines>...
        progress_bar=progress_bar,
        ^^^^^^^^^^^^^^^^^^^^^^^^^^
    )
    ^
  File "C:\Users\nikam\ReinforcementLearning\Task1\.venv\Lib\site-packages\optuna\study\_optimize.py", line 165, in _optimize_sequential
    frozen_trial_id = _run_trial(study, func, catch)
  File "C:\Users\nikam\ReinforcementLearning\Task1\.venv\Lib\site-packages\optuna\study\_optimize.py", line 263, in _run_trial
    raise func_err
  File "C:\Users\nikam\ReinforcementLearning\Task1\.venv\Lib\site-packages\optuna\study\_optimize.py", line 206, in _run_trial
    value_or_values = func(trial)
  File "c:\Users\nikam\ReinforcementLearning\Task1\sarsa_tune.py", line 36, in objective
    return evaluate(learner, TUNE_EPISODES)
  File "c:\Users\nikam\ReinforcementLearning\Task1\sarsa_tune.py", line 23, in evaluate
    curve = learner(env, n_episodes, False)
  File "c:\Users\nikam\ReinforcementLearning\Task1\sarsa.py", line 147, in n_step_sarsa
    next_obs, reward, done = env.step(actions[tt])
                             ~~~~~~~~^^^^^^^^^^^^^
  File "c:\Users\nikam\ReinforcementLearning\Task1\gridworld.py", line 619, in step
    self._grid2grid()
    ~~~~~~~~~~~~~~~^^
  File "c:\Users\nikam\ReinforcementLearning\Task1\gridworld.py", line 574, in _grid2grid
    water = np.abs(self._grid) >= 1.125
            ~~~~~~^^^^^^^^^^^^
KeyboardInterrupt
(.venv) PS C:\Users\nikam\ReinforcementLearning\Task1> & c:\Users\nikam\ReinforcementLearning\Task1\.venv\Scripts\python.exe c:/Users/nikam/ReinforcementLearning/Task1/sarsa.py     
env   1/100 | final-10 avg real reward: -100.0
env   2/100 | final-10 avg real reward:  -80.0
env   3/100 | final-10 avg real reward: -100.0
env   4/100 | final-10 avg real reward: -100.0
env   5/100 | final-10 avg real reward: -100.0
env   6/100 | final-10 avg real reward: -100.0
env   7/100 | final-10 avg real reward:  -80.0
env   8/100 | final-10 avg real reward:  -80.0
env   9/100 | final-10 avg real reward: -100.0
env  10/100 | final-10 avg real reward: -100.0
env  11/100 | final-10 avg real reward: -100.0
env  12/100 | final-10 avg real reward: -100.0
env  13/100 | final-10 avg real reward:  -80.0
env  14/100 | final-10 avg real reward: -100.0
env  15/100 | final-10 avg real reward: -100.0
env  16/100 | final-10 avg real reward: -100.0
env  17/100 | final-10 avg real reward: -100.0
env  18/100 | final-10 avg real reward: -100.0
env  19/100 | final-10 avg real reward: -100.0
env  20/100 | final-10 avg real reward: -100.0
env  21/100 | final-10 avg real reward: -100.0
env  22/100 | final-10 avg real reward: -100.0
env  23/100 | final-10 avg real reward: -100.0
env  24/100 | final-10 avg real reward:  -80.0
env  25/100 | final-10 avg real reward: -100.0
env  26/100 | final-10 avg real reward: -100.0
env  27/100 | final-10 avg real reward: -100.0
env  28/100 | final-10 avg real reward: -100.0
env  29/100 | final-10 avg real reward: -100.0
env  30/100 | final-10 avg real reward:  -80.0
env  31/100 | final-10 avg real reward: -100.0
env  32/100 | final-10 avg real reward: -100.0
env  33/100 | final-10 avg real reward: -100.0
env  34/100 | final-10 avg real reward: -100.0
env  35/100 | final-10 avg real reward:  -80.0
env  36/100 | final-10 avg real reward:  -80.0
env  37/100 | final-10 avg real reward:  -80.0
env  38/100 | final-10 avg real reward:  -80.0
env  39/100 | final-10 avg real reward: -100.0
env  40/100 | final-10 avg real reward:  -80.0
env  41/100 | final-10 avg real reward:  -80.0
env  42/100 | final-10 avg real reward: -100.0
env  43/100 | final-10 avg real reward: -100.0
env  44/100 | final-10 avg real reward: -100.0
env  45/100 | final-10 avg real reward: -100.0
env  46/100 | final-10 avg real reward: -100.0
env  47/100 | final-10 avg real reward:  -80.0
env  48/100 | final-10 avg real reward:  -80.0
env  49/100 | final-10 avg real reward: -100.0
env  50/100 | final-10 avg real reward: -100.0
env  51/100 | final-10 avg real reward:  -80.0
env  52/100 | final-10 avg real reward: -100.0
env  53/100 | final-10 avg real reward: -100.0
env  54/100 | final-10 avg real reward: -100.0
env  55/100 | final-10 avg real reward: -100.0
env  56/100 | final-10 avg real reward:  -80.0
env  57/100 | final-10 avg real reward:  -80.0
env  58/100 | final-10 avg real reward: -100.0
env  59/100 | final-10 avg real reward: -100.0
env  60/100 | final-10 avg real reward: -100.0
env  61/100 | final-10 avg real reward: -100.0
env  62/100 | final-10 avg real reward: -100.0
env  63/100 | final-10 avg real reward:  -90.0
env  64/100 | final-10 avg real reward:  -80.0
env  65/100 | final-10 avg real reward: -100.0
env  66/100 | final-10 avg real reward:  -80.0
env  67/100 | final-10 avg real reward: -100.0
env  68/100 | final-10 avg real reward: -100.0
env  69/100 | final-10 avg real reward: -100.0
env  70/100 | final-10 avg real reward: -100.0
env  71/100 | final-10 avg real reward: -100.0
env  72/100 | final-10 avg real reward: -100.0
env  73/100 | final-10 avg real reward: -100.0
env  74/100 | final-10 avg real reward:  -80.0
env  75/100 | final-10 avg real reward: -100.0
env  76/100 | final-10 avg real reward: -100.0
env  77/100 | final-10 avg real reward: -100.0
env  78/100 | final-10 avg real reward: -100.0
env  79/100 | final-10 avg real reward: -100.0
env  80/100 | final-10 avg real reward: -100.0
env  81/100 | final-10 avg real reward:  -80.0
env  82/100 | final-10 avg real reward: -100.0
env  83/100 | final-10 avg real reward: -100.0
env  84/100 | final-10 avg real reward:  -80.0
env  85/100 | final-10 avg real reward:  -80.0
env  86/100 | final-10 avg real reward: -100.0
env  87/100 | final-10 avg real reward: -100.0
env  88/100 | final-10 avg real reward:  -60.0
env  89/100 | final-10 avg real reward: -100.0
env  90/100 | final-10 avg real reward: -100.0
env  91/100 | final-10 avg real reward: -100.0
env  92/100 | final-10 avg real reward: -100.0
env  93/100 | final-10 avg real reward: -100.0
env  94/100 | final-10 avg real reward: -100.0
env  95/100 | final-10 avg real reward: -100.0
env  96/100 | final-10 avg real reward: -100.0
env  97/100 | final-10 avg real reward: -100.0
env  98/100 | final-10 avg real reward: -100.0
env  99/100 | final-10 avg real reward:  -80.0
env 100/100 | final-10 avg real reward: -100.0

Saved learning_curve.png | reward at ep50/100/150/199: -92 / -76 / -88 / -98
(.venv) PS C:\Users\nikam\ReinforcementLearning\Task1> & c:\Users\nikam\ReinforcementLearning\Task1\.venv\Scripts\python.exe c:/Users/nikam/ReinforcementLearning/Task1/sarsa.py
env   1/100 | final-10 avg real reward: -100.0
Traceback (most recent call last):
  File "c:\Users\nikam\ReinforcementLearning\Task1\sarsa.py", line 243, in <module>
    main()                       # required deliverable: averaged learning curve
    ~~~~^^
  File "c:\Users\nikam\ReinforcementLearning\Task1\sarsa.py", line 221, in main
    all_curves[i] = sarsa_fn(env, N_EPISODES, False)
                    ~~~~~~~~^^^^^^^^^^^^^^^^^^^^^^^^
  File "c:\Users\nikam\ReinforcementLearning\Task1\sarsa.py", line 80, in sarsa_fn
    shaped = reward + GAMMA * phi(env, next_state) - phi(env, obs)
                              ~~~^^^^^^^^^^^^^^^^^
  File "c:\Users\nikam\ReinforcementLearning\Task1\sarsa.py", line 40, in phi
    goal = _find_goal(env)
  File "c:\Users\nikam\ReinforcementLearning\Task1\sarsa.py", line 30, in _find_goal
    g = np.argwhere(env.grid == 'G')
  File "C:\Users\nikam\ReinforcementLearning\Task1\.venv\Lib\site-packages\numpy\_core\numeric.py", line 668, in argwhere
    if np.ndim(a) == 0:
       ~~~~~~~^^^
  File "C:\Users\nikam\ReinforcementLearning\Task1\.venv\Lib\site-packages\numpy\_core\fromnumeric.py", line 3478, in _ndim_dispatcher
    def _ndim_dispatcher(a):
    
KeyboardInterrupt
(.venv) PS C:\Users\nikam\ReinforcementLearning\Task1> & c:\Users\nikam\ReinforcementLearning\Task1\.venv\Scripts\python.exe c:/Users/nikam/ReinforcementLearning/Task1/sarsa.py
env   1/100 | final-10 avg real reward:  100.0
env   2/100 | final-10 avg real reward:  100.0
env   3/100 | final-10 avg real reward:   90.0
env   4/100 | final-10 avg real reward:  100.0
env   5/100 | final-10 avg real reward:  100.0
env   6/100 | final-10 avg real reward:  100.0
env   7/100 | final-10 avg real reward:  100.0
env   8/100 | final-10 avg real reward:   60.0
env   9/100 | final-10 avg real reward:  100.0
env  10/100 | final-10 avg real reward:  100.0
env  11/100 | final-10 avg real reward:  100.0
env  12/100 | final-10 avg real reward:   90.0
env  13/100 | final-10 avg real reward:  100.0
env  14/100 | final-10 avg real reward:  100.0
env  15/100 | final-10 avg real reward:  100.0
env  16/100 | final-10 avg real reward:  100.0
env  17/100 | final-10 avg real reward:    0.0
env  18/100 | final-10 avg real reward:  100.0
env  19/100 | final-10 avg real reward:  100.0
env  20/100 | final-10 avg real reward:  100.0
env  21/100 | final-10 avg real reward:  100.0
env  22/100 | final-10 avg real reward:  100.0
env  23/100 | final-10 avg real reward:  100.0
env  24/100 | final-10 avg real reward:   20.0
env  25/100 | final-10 avg real reward:  100.0
env  26/100 | final-10 avg real reward: -100.0
env  27/100 | final-10 avg real reward:  100.0
env  28/100 | final-10 avg real reward:  100.0
env  29/100 | final-10 avg real reward:  100.0
env  30/100 | final-10 avg real reward:  100.0
env  31/100 | final-10 avg real reward:  100.0
env  32/100 | final-10 avg real reward:  100.0
env  33/100 | final-10 avg real reward:  100.0
env  34/100 | final-10 avg real reward:  100.0
env  35/100 | final-10 avg real reward:  100.0
env  36/100 | final-10 avg real reward:  100.0
env  37/100 | final-10 avg real reward:  100.0
env  38/100 | final-10 avg real reward:  100.0
env  39/100 | final-10 avg real reward:  100.0
env  40/100 | final-10 avg real reward:    0.0
env  41/100 | final-10 avg real reward:  100.0
env  42/100 | final-10 avg real reward:  100.0
env  43/100 | final-10 avg real reward:  100.0
env  44/100 | final-10 avg real reward:   80.0
env  45/100 | final-10 avg real reward:  100.0
env  46/100 | final-10 avg real reward:   50.0
env  47/100 | final-10 avg real reward:  100.0
env  48/100 | final-10 avg real reward:   80.0
env  49/100 | final-10 avg real reward:  100.0
env  50/100 | final-10 avg real reward:  100.0
env  51/100 | final-10 avg real reward:  100.0
env  52/100 | final-10 avg real reward:  100.0
env  53/100 | final-10 avg real reward:    0.0
env  54/100 | final-10 avg real reward:  100.0
env  55/100 | final-10 avg real reward:    0.0
env  56/100 | final-10 avg real reward:  100.0
env  57/100 | final-10 avg real reward:  100.0
env  58/100 | final-10 avg real reward:  100.0
env  59/100 | final-10 avg real reward:  100.0
env  60/100 | final-10 avg real reward:  100.0
env  61/100 | final-10 avg real reward:  100.0
env  62/100 | final-10 avg real reward:  100.0
env  63/100 | final-10 avg real reward:  100.0
env  64/100 | final-10 avg real reward:  100.0
env  65/100 | final-10 avg real reward: -100.0
env  66/100 | final-10 avg real reward:  100.0
env  67/100 | final-10 avg real reward:  100.0
env  68/100 | final-10 avg real reward:  100.0
env  69/100 | final-10 avg real reward:  100.0
env  70/100 | final-10 avg real reward:  100.0
env  71/100 | final-10 avg real reward:    0.0
env  72/100 | final-10 avg real reward:  100.0
env  73/100 | final-10 avg real reward:    0.0
env  74/100 | final-10 avg real reward:   30.0
env  75/100 | final-10 avg real reward:  100.0
env  76/100 | final-10 avg real reward:  100.0
env  77/100 | final-10 avg real reward:  100.0
env  78/100 | final-10 avg real reward:  100.0
env  79/100 | final-10 avg real reward:  100.0
env  80/100 | final-10 avg real reward:  100.0
env  81/100 | final-10 avg real reward:  100.0
env  82/100 | final-10 avg real reward:    0.0
env  83/100 | final-10 avg real reward:  100.0
env  84/100 | final-10 avg real reward:  100.0
env  85/100 | final-10 avg real reward:    0.0
env  86/100 | final-10 avg real reward:  100.0
env  87/100 | final-10 avg real reward:  100.0
env  88/100 | final-10 avg real reward:  100.0
env  89/100 | final-10 avg real reward:    0.0
env  90/100 | final-10 avg real reward:  100.0
env  91/100 | final-10 avg real reward:  100.0
env  92/100 | final-10 avg real reward:  100.0
env  93/100 | final-10 avg real reward:    0.0
env  94/100 | final-10 avg real reward:  100.0
env  95/100 | final-10 avg real reward:  100.0
env  96/100 | final-10 avg real reward:   50.0
env  97/100 | final-10 avg real reward:  100.0
env  98/100 | final-10 avg real reward:  100.0
env  99/100 | final-10 avg real reward:  100.0
env 100/100 | final-10 avg real reward:  100.0

Saved learning_curve.png | reward at ep50/100/150/199: -83 / -43 / -31 / 83
(.venv) PS C:\Users\nikam\ReinforcementLearning\Task1> & c:\Users\nikam\ReinforcementLearning\Task1\.venv\Scripts\python.exe c:/Users/nikam/ReinforcementLearning/Task1/task1.py
env   1/100 | final-10 avg real reward:  100.0
env   2/100 | final-10 avg real reward:  100.0
env   3/100 | final-10 avg real reward:  100.0
env   4/100 | final-10 avg real reward:  100.0
env   5/100 | final-10 avg real reward:  100.0
env   6/100 | final-10 avg real reward:  100.0
env   7/100 | final-10 avg real reward:  100.0
env   8/100 | final-10 avg real reward:  100.0
env   9/100 | final-10 avg real reward:  100.0
env  10/100 | final-10 avg real reward:  100.0
env  11/100 | final-10 avg real reward:  100.0
env  12/100 | final-10 avg real reward:  100.0
env  13/100 | final-10 avg real reward:  100.0
env  14/100 | final-10 avg real reward:  100.0
env  15/100 | final-10 avg real reward:  100.0
env  16/100 | final-10 avg real reward:  100.0
env  17/100 | final-10 avg real reward:  100.0
env  18/100 | final-10 avg real reward:  100.0
env  19/100 | final-10 avg real reward:  100.0
env  20/100 | final-10 avg real reward:  100.0
env  21/100 | final-10 avg real reward:  100.0
env  22/100 | final-10 avg real reward:  100.0
env  23/100 | final-10 avg real reward:  100.0
env  24/100 | final-10 avg real reward:  100.0
env  25/100 | final-10 avg real reward:  100.0
env  26/100 | final-10 avg real reward: -100.0
env  27/100 | final-10 avg real reward:  100.0
env  28/100 | final-10 avg real reward:  100.0
env  29/100 | final-10 avg real reward:  100.0
env  30/100 | final-10 avg real reward:  100.0
env  31/100 | final-10 avg real reward:  100.0
env  32/100 | final-10 avg real reward:  100.0
env  33/100 | final-10 avg real reward:  100.0
env  34/100 | final-10 avg real reward:  100.0
env  35/100 | final-10 avg real reward:  100.0
env  36/100 | final-10 avg real reward:  100.0
env  37/100 | final-10 avg real reward:  100.0
env  38/100 | final-10 avg real reward:  100.0
env  39/100 | final-10 avg real reward:  100.0
env  40/100 | final-10 avg real reward:  100.0
env  41/100 | final-10 avg real reward:  100.0
env  42/100 | final-10 avg real reward:  100.0
env  43/100 | final-10 avg real reward:  100.0
env  44/100 | final-10 avg real reward:  100.0
env  45/100 | final-10 avg real reward:  100.0
env  46/100 | final-10 avg real reward:  100.0
env  47/100 | final-10 avg real reward:  100.0
env  48/100 | final-10 avg real reward:  100.0
env  49/100 | final-10 avg real reward:  100.0
env  50/100 | final-10 avg real reward:  100.0
env  51/100 | final-10 avg real reward:  100.0
env  52/100 | final-10 avg real reward:  100.0
env  53/100 | final-10 avg real reward:  100.0
env  54/100 | final-10 avg real reward:  100.0
env  55/100 | final-10 avg real reward:  100.0
env  56/100 | final-10 avg real reward:  100.0
env  57/100 | final-10 avg real reward:  100.0
env  58/100 | final-10 avg real reward:  100.0
env  59/100 | final-10 avg real reward:  100.0
env  60/100 | final-10 avg real reward:  100.0
env  61/100 | final-10 avg real reward:  100.0
env  62/100 | final-10 avg real reward:  100.0
env  63/100 | final-10 avg real reward:  100.0
env  64/100 | final-10 avg real reward:  100.0
env  65/100 | final-10 avg real reward: -100.0
env  66/100 | final-10 avg real reward:  100.0
env  67/100 | final-10 avg real reward:  100.0
env  68/100 | final-10 avg real reward:  100.0
env  69/100 | final-10 avg real reward:  100.0
env  70/100 | final-10 avg real reward:  100.0
env  71/100 | final-10 avg real reward:  100.0
env  72/100 | final-10 avg real reward:  100.0
env  73/100 | final-10 avg real reward:  100.0
env  74/100 | final-10 avg real reward:  100.0
env  75/100 | final-10 avg real reward:    0.0
env  76/100 | final-10 avg real reward:  100.0
env  77/100 | final-10 avg real reward:  100.0
env  78/100 | final-10 avg real reward:  100.0
env  79/100 | final-10 avg real reward:  100.0
env  80/100 | final-10 avg real reward:  100.0
env  81/100 | final-10 avg real reward:  100.0
env  82/100 | final-10 avg real reward:  100.0
env  83/100 | final-10 avg real reward:  100.0
env  84/100 | final-10 avg real reward:  100.0
env  85/100 | final-10 avg real reward:  100.0
env  86/100 | final-10 avg real reward:  100.0
env  87/100 | final-10 avg real reward:  100.0
env  88/100 | final-10 avg real reward:  100.0
env  89/100 | final-10 avg real reward:  100.0
env  90/100 | final-10 avg real reward:  100.0
env  91/100 | final-10 avg real reward:  100.0
env  92/100 | final-10 avg real reward:  100.0
env  93/100 | final-10 avg real reward:  100.0
env  94/100 | final-10 avg real reward:  100.0
env  95/100 | final-10 avg real reward:  100.0
env  96/100 | final-10 avg real reward:  100.0
env  97/100 | final-10 avg real reward:  100.0
env  98/100 | final-10 avg real reward:  100.0
env  99/100 | final-10 avg real reward:  100.0
env 100/100 | final-10 avg real reward:  100.0

Saved learning_curve.png | reward at ep50/100/150/199: 59 / 93 / 95 / 95
(.venv) PS C:\Users\nikam\ReinforcementLearning\Task1> & c:\Users\nikam\ReinforcementLearning\Task1\.venv\Scripts\python.exe c:/Users/nikam/ReinforcementLearning/Task1/sarsa.py
env   1/100 | final-10 avg real reward:  100.0
env   2/100 | final-10 avg real reward:  100.0
env   3/100 | final-10 avg real reward:  -70.0
env   4/100 | final-10 avg real reward:  100.0
env   5/100 | final-10 avg real reward:  100.0
env   6/100 | final-10 avg real reward:  -30.0
env   7/100 | final-10 avg real reward:    0.0
env   8/100 | final-10 avg real reward:  -10.0
env   9/100 | final-10 avg real reward:  -10.0
env  10/100 | final-10 avg real reward:    0.0
env  11/100 | final-10 avg real reward:   10.0
env  12/100 | final-10 avg real reward:   30.0
env  13/100 | final-10 avg real reward:    0.0
env  14/100 | final-10 avg real reward:    0.0
env  15/100 | final-10 avg real reward:  -60.0
env  16/100 | final-10 avg real reward:    0.0
env  17/100 | final-10 avg real reward:  -40.0
env  18/100 | final-10 avg real reward:    0.0
env  19/100 | final-10 avg real reward:    0.0
env  20/100 | final-10 avg real reward:  100.0
env  21/100 | final-10 avg real reward:  100.0
env  22/100 | final-10 avg real reward:   10.0
env  23/100 | final-10 avg real reward:  -10.0
env  24/100 | final-10 avg real reward:  -30.0
env  25/100 | final-10 avg real reward:  -50.0
env  26/100 | final-10 avg real reward: -100.0
env  27/100 | final-10 avg real reward:  -10.0
env  28/100 | final-10 avg real reward:  -40.0
env  29/100 | final-10 avg real reward:  -60.0
env  30/100 | final-10 avg real reward:  -50.0
env  31/100 | final-10 avg real reward:  -80.0
env  32/100 | final-10 avg real reward:  100.0
env  33/100 | final-10 avg real reward:    0.0
env  34/100 | final-10 avg real reward: