[I 2026-07-18 09:33:30,887] Trial 23 finished with value: -99.50833333333334 and parameters: {'Q_INIT': 147, 'EPS_START': 0.9655747757753588, 'EPS_DECAY': 0.8825762936439594, 'GAMMA': 0.6390534605582118, 'ALPHA': 0.8864023978098894, 'N_STEP': 4}. Best is trial 17 with value: -99.075.
[I 2026-07-18 09:34:03,839] Trial 24 finished with value: -99.575 and parameters: {'Q_INIT': 110, 'EPS_START': 0.8701438492628166, 'EPS_DECAY': 0.9814272599884148, 'GAMMA': 0.734647448673898, 'ALPHA': 0.9965160472057737, 'N_STEP': 4}. Best is trial 17 with value: -99.075.
[I 2026-07-18 09:34:37,078] Trial 25 finished with value: -99.53333333333333 and parameters: {'Q_INIT': 130, 'EPS_START': 0.8431954464863208, 'EPS_DECAY': 0.8970657033575838, 'GAMMA': 0.8935007757336132, 'ALPHA': 0.9500706069133608, 'N_STEP': 4}. Best is trial 17 with value: -99.075.
[I 2026-07-18 09:35:08,225] Trial 26 finished with value: -99.5 and parameters: {'Q_INIT': 98, 'EPS_START': 0.9185321599884148, 'EPS_DECAY': 0.8387082243511612, 'GAMMA': 0.755527323899333, 'ALPHA': 0.8644112982967821, 'N_STEP': 5}. Best is trial 17 with value: -99.075.
[I 2026-07-18 09:35:39,264] Trial 27 finished with value: -99.525 and parameters: {'Q_INIT': 142, 'EPS_START': 0.8798012837704613, 'EPS_DECAY': 0.9417264750147402, 'GAMMA': 0.8200664125544299, 'ALPHA': 0.9709367207979251, 'N_STEP': 3}. Best is trial 17 with value: -99.075.
[I 2026-07-18 09:36:09,476] Trial 28 finished with value: -99.475 and parameters: {'Q_INIT': 150, 'EPS_START': 0.949322903912183, 'EPS_DECAY': 0.8600690203993029, 'GAMMA': 0.9657286221530084, 'ALPHA': 0.9213855556477814, 'N_STEP': 4}. Best is trial 17 with value: -99.075.
[I 2026-07-18 09:36:40,325] Trial 29 finished with value: -99.53333333333333 and parameters: {'Q_INIT': 50, 'EPS_START': 0.984363726759017, 'EPS_DECAY': 0.9511444392606352, 'GAMMA': 0.6707030041323494, 'ALPHA': 0.8268076752002873, 'N_STEP': 5}. Best is trial 17 with value: -99.075.
[I 2026-07-18 09:37:05,320] Trial 30 finished with value: -99.73333333333333 and parameters: {'Q_INIT': 126, 'EPS_START': 0.9156524292966803, 'EPS_DECAY': 0.9892834606310924, 'GAMMA': 0.8851025612895133, 'ALPHA': 0.8868313588187444, 'N_STEP': 4}. Best is trial 17 with value: -99.075.
[I 2026-07-18 09:37:34,384] Trial 31 finished with value: -99.18333333333334 and parameters: {'Q_INIT': 77, 'EPS_START': 0.8000152381380529, 'EPS_DECAY': 0.9126960031649702, 'GAMMA': 0.9744339317919464, 'ALPHA': 0.9620497500893574, 'N_STEP': 4}. Best is trial 17 with value: -99.075.
[I 2026-07-18 09:38:04,412] Trial 32 finished with value: -99.18333333333334 and parameters: {'Q_INIT': 72, 'EPS_START': 0.8314076570699058, 'EPS_DECAY': 0.9071209035159853, 'GAMMA': 0.9622830302192578, 'ALPHA': 0.9762138920811128, 'N_STEP': 4}. Best is trial 17 with value: -99.075.
[I 2026-07-18 09:38:26,349] Trial 33 finished with value: -99.425 and parameters: {'Q_INIT': 70, 'EPS_START': 0.8342475456404033, 'EPS_DECAY': 0.9044629434398905, 'GAMMA': 0.9584723507651042, 'ALPHA': 0.9461802996603714, 'N_STEP': 4}. Best is trial 17 with value: -99.075.
[I 2026-07-18 09:38:49,442] Trial 34 finished with value: -99.44166666666666 and parameters: {'Q_INIT': 85, 'EPS_START': 0.815062661192743, 'EPS_DECAY': 0.8036176616813046, 'GAMMA': 0.9140292721857652, 'ALPHA': 0.9686428927424872, 'N_STEP': 4}. Best is trial 17 with value: -99.075.
[I 2026-07-18 09:39:18,699] Trial 35 finished with value: -99.40833333333333 and parameters: {'Q_INIT': 62, 'EPS_START': 0.8611337898435102, 'EPS_DECAY': 0.7498582565901991, 'GAMMA': 0.9575558892577338, 'ALPHA': 0.8983054963191119, 'N_STEP': 4}. Best is trial 17 with value: -99.075.
[I 2026-07-18 09:39:47,998] Trial 36 finished with value: -99.425 and parameters: {'Q_INIT': 69, 'EPS_START': 0.8125627215685122, 'EPS_DECAY': 0.8604185726065505, 'GAMMA': 0.9110875006145425, 'ALPHA': 0.9293378772395515, 'N_STEP': 4}. Best is trial 17 with value: -99.075.
[I 2026-07-18 09:40:16,599] Trial 37 finished with value: -99.19166666666666 and parameters: {'Q_INIT': 116, 'EPS_START': 0.838193373277199, 'EPS_DECAY': 0.923006600043197, 'GAMMA': 0.996463274906026, 'ALPHA': 0.9705674722443351, 'N_STEP': 4}. Best is trial 17 with value: -99.075.
[I 2026-07-18 09:40:46,814] Trial 38 finished with value: -99.55833333333334 and parameters: {'Q_INIT': 71, 'EPS_START': 0.8541485081128376, 'EPS_DECAY': 0.8704395711601152, 'GAMMA': 0.9317425661480367, 'ALPHA': 0.6947471723118511, 'N_STEP': 3}. Best is trial 17 with value: -99.075.
[I 2026-07-18 09:41:15,871] Trial 39 finished with value: -99.525 and parameters: {'Q_INIT': 138, 'EPS_START': 0.8306261925622401, 'EPS_DECAY': 0.9034923496244828, 'GAMMA': 0.8576425418181053, 'ALPHA': 0.8172081164135986, 'N_STEP': 5}. Best is trial 17 with value: -99.075.
[I 2026-07-18 09:41:44,687] Trial 40 finished with value: -99.46666666666667 and parameters: {'Q_INIT': 51, 'EPS_START': 0.8635199715470616, 'EPS_DECAY': 0.833241922368123, 'GAMMA': 0.9644556024370196, 'ALPHA': 0.8716233715711854, 'N_STEP': 3}. Best is trial 17 with value: -99.075.
[I 2026-07-18 09:42:13,008] Trial 41 finished with value: -99.13333333333334 and parameters: {'Q_INIT': 115, 'EPS_START': 0.8395276169564286, 'EPS_DECAY': 0.9284730982379507, 'GAMMA': 0.9963382679056896, 'ALPHA': 0.9753852945625556, 'N_STEP': 4}. Best is trial 17 with value: -99.075.
[I 2026-07-18 09:42:41,273] Trial 42 finished with value: -99.45 and parameters: {'Q_INIT': 125, 'EPS_START': 0.8153209765926397, 'EPS_DECAY': 0.9446576918453529, 'GAMMA': 0.9358711227593413, 'ALPHA': 0.9805681157576674, 'N_STEP': 4}. Best is trial 17 with value: -99.075.
[I 2026-07-18 09:43:19,521] Trial 43 finished with value: -84.925 and parameters: {'Q_INIT': 114, 'EPS_START': 0.8434183559284321, 'EPS_DECAY': 0.9073567344593699, 'GAMMA': 0.9996113599797011, 'ALPHA': 0.940613758793346, 'N_STEP': 4}. Best is trial 43 with value: -84.925.
[I 2026-07-18 09:43:47,876] Trial 44 finished with value: -99.5 and parameters: {'Q_INIT': 119, 'EPS_START': 0.8864620038142196, 'EPS_DECAY': 0.9569241532082834, 'GAMMA': 0.9734136506633493, 'ALPHA': 0.9365860928210382, 'N_STEP': 4}. Best is trial 43 with value: -84.925.
[I 2026-07-18 09:44:16,317] Trial 45 finished with value: -99.19166666666666 and parameters: {'Q_INIT': 112, 'EPS_START': 0.8448572734518464, 'EPS_DECAY': 0.9317782982448557, 'GAMMA': 0.995683861031317, 'ALPHA': 0.9154322339588172, 'N_STEP': 4}. Best is trial 43 with value: -84.925.
[I 2026-07-18 09:44:39,249] Trial 46 finished with value: -99.575 and parameters: {'Q_INIT': 133, 'EPS_START': 0.8573508775763321, 'EPS_DECAY': 0.8802719273402502, 'GAMMA': 0.9460623033719301, 'ALPHA': 0.5623446502190548, 'N_STEP': 4}. Best is trial 43 with value: -84.925.
[I 2026-07-18 09:45:01,128] Trial 47 finished with value: -99.45833333333333 and parameters: {'Q_INIT': 101, 'EPS_START': 0.8464678437426604, 'EPS_DECAY': 0.8504904807732404, 'GAMMA': 0.9164087836694383, 'ALPHA': 0.9537231520688302, 'N_STEP': 4}. Best is trial 43 with value: -84.925.
[I 2026-07-18 09:45:26,305] Trial 48 finished with value: -99.14166666666667 and parameters: {'Q_INIT': 104, 'EPS_START': 0.8954677037294234, 'EPS_DECAY': 0.9655517089393619, 'GAMMA': 0.824050279303163, 'ALPHA': 0.9999616351925021, 'N_STEP': 4}. Best is trial 43 with value: -84.925.
