env  13/100 | final-10 avg real reward:    0.0
env  14/100 | final-10 avg real reward:    0.0
env  15/100 | final-10 avg real reward:    0.0
env  16/100 | final-10 avg real reward:    0.0
env  17/100 | final-10 avg real reward:    0.0
env  18/100 | final-10 avg real reward:    0.0
env  19/100 | final-10 avg real reward:    0.0
env  20/100 | final-10 avg real reward:    0.0
env  21/100 | final-10 avg real reward:    0.0
env  22/100 | final-10 avg real reward:  100.0
env  23/100 | final-10 avg real reward:    0.0
env  24/100 | final-10 avg real reward:    0.0
env  25/100 | final-10 avg real reward:    0.0
env  26/100 | final-10 avg real reward: -100.0
env  27/100 | final-10 avg real reward:    0.0
env  28/100 | final-10 avg real reward:    0.0
env  29/100 | final-10 avg real reward:    0.0
env  30/100 | final-10 avg real reward:    0.0
env  31/100 | final-10 avg real reward:    0.0
env  32/100 | final-10 avg real reward:    0.0
env  33/100 | final-10 avg real reward:    0.0
env  34/100 | final-10 avg real reward:    0.0
env  35/100 | final-10 avg real reward:    0.0
env  36/100 | final-10 avg real reward:    0.0
env  37/100 | final-10 avg real reward:    0.0
env  38/100 | final-10 avg real reward:    0.0
env  39/100 | final-10 avg real reward:    0.0
env  40/100 | final-10 avg real reward:    0.0
env  41/100 | final-10 avg real reward:    0.0
env  42/100 | final-10 avg real reward:  100.0
env  43/100 | final-10 avg real reward:    0.0
env  44/100 | final-10 avg real reward:    0.0
env  45/100 | final-10 avg real reward:    0.0
env  46/100 | final-10 avg real reward:    0.0
env  47/100 | final-10 avg real reward:    0.0
env  48/100 | final-10 avg real reward:    0.0
env  49/100 | final-10 avg real reward:    0.0
env  50/100 | final-10 avg real reward:    0.0
env  51/100 | final-10 avg real reward:    0.0
env  52/100 | final-10 avg real reward:    0.0
env  53/100 | final-10 avg real reward:    0.0
env  54/100 | final-10 avg real reward:    0.0
env  55/100 | final-10 avg real reward:    0.0
env  56/100 | final-10 avg real reward:    0.0
env  57/100 | final-10 avg real reward:    0.0
env  58/100 | final-10 avg real reward:    0.0
env  59/100 | final-10 avg real reward:    0.0
env  60/100 | final-10 avg real reward:    0.0
env  61/100 | final-10 avg real reward:    0.0
env  62/100 | final-10 avg real reward:    0.0
env  63/100 | final-10 avg real reward:    0.0
env  64/100 | final-10 avg real reward:    0.0
env  65/100 | final-10 avg real reward: -100.0
env  66/100 | final-10 avg real reward:    0.0
env  67/100 | final-10 avg real reward:    0.0
env  68/100 | final-10 avg real reward:    0.0
env  69/100 | final-10 avg real reward:    0.0
env  70/100 | final-10 avg real reward:    0.0
env  71/100 | final-10 avg real reward:    0.0
env  72/100 | final-10 avg real reward:    0.0
env  73/100 | final-10 avg real reward:    0.0
env  74/100 | final-10 avg real reward:    0.0
env  75/100 | final-10 avg real reward:    0.0
env  76/100 | final-10 avg real reward:    0.0
env  77/100 | final-10 avg real reward:    0.0
env  78/100 | final-10 avg real reward:    0.0
env  79/100 | final-10 avg real reward:    0.0
env  80/100 | final-10 avg real reward:    0.0
env  81/100 | final-10 avg real reward:    0.0
env  82/100 | final-10 avg real reward:    0.0
env  83/100 | final-10 avg real reward:    0.0
env  84/100 | final-10 avg real reward:    0.0
env  85/100 | final-10 avg real reward:    0.0
env  86/100 | final-10 avg real reward:    0.0
env  87/100 | final-10 avg real reward:    0.0
env  88/100 | final-10 avg real reward:    0.0
env  89/100 | final-10 avg real reward:    0.0
env  90/100 | final-10 avg real reward:    0.0
env  91/100 | final-10 avg real reward:    0.0
env  92/100 | final-10 avg real reward:  100.0
env  93/100 | final-10 avg real reward:    0.0
env  94/100 | final-10 avg real reward:    0.0
env  95/100 | final-10 avg real reward:    0.0
env  96/100 | final-10 avg real reward:    0.0
env  97/100 | final-10 avg real reward:    0.0
env  98/100 | final-10 avg real reward:  100.0
env  99/100 | final-10 avg real reward:    0.0
env 100/100 | final-10 avg real reward:    0.0

Saved learning_curve.png | reward at ep50/100/150/199: -42 / -24 / -11 / 3
Traceback (most recent call last):
  File "c:\Users\nikam\ReinforcementLearning\Task1\sarsa.py", line 245, in <module>
    main()                       # required deliverable: averaged learning curve
    ~~~~^^
  File "c:\Users\nikam\ReinforcementLearning\Task1\sarsa.py", line 241, in main
    plt.show()
    ~~~~~~~~^^
  File "C:\Users\nikam\ReinforcementLearning\Task1\.venv\Lib\site-packages\matplotlib\pyplot.py", line 646, in show
    return _get_backend_mod().show(*args, **kwargs)
           ~~~~~~~~~~~~~~~~~~~~~~~^^^^^^^^^^^^^^^^^
  File "C:\Users\nikam\ReinforcementLearning\Task1\.venv\Lib\site-packages\matplotlib\backend_bases.py", line 3702, in show
    cls.mainloop()
    ~~~~~~~~~~~~^^
  File "C:\Users\nikam\ReinforcementLearning\Task1\.venv\Lib\site-packages\matplotlib\backends\_backend_tk.py", line 582, in start_main_loop
    first_manager.window.mainloop()
    ~~~~~~~~~~~~~~~~~~~~~~~~~~~~~^^
  File "C:\Python313\Lib\tkinter\__init__.py", line 1599, in mainloop
    self.tk.mainloop(n)
    ~~~~~~~~~~~~~~~~^^^
KeyboardInterrupt
(.venv) PS C:\Users\nikam\ReinforcementLearning\Task1> & c:\Users\nikam\ReinforcementLearning\Task1\.venv\Scripts\python.exe c:/Users/nikam/ReinforcementLearning/Task1/sarsa.py
env   1/100 | final-10 avg real reward:  100.0
env   2/100 | final-10 avg real reward:  100.0
env   3/100 | final-10 avg real reward:  100.0
env   4/100 | final-10 avg real reward:  100.0
env   5/100 | final-10 avg real reward:  100.0
env   6/100 | final-10 avg real reward:  100.0
env   7/100 | final-10 avg real reward:  100.0
env   8/100 | final-10 avg real reward:  100.0
env   9/100 | final-10 avg real reward:  100.0
env  10/100 | final-10 avg real reward:  100.0
env  11/100 | final-10 avg real reward:  100.0
env  12/100 | final-10 avg real reward:  100.0
env  13/100 | final-10 avg real reward:  100.0
env  14/100 | final-10 avg real reward:  100.0
env  15/100 | final-10 avg real reward:  100.0
env  16/100 | final-10 avg real reward:  100.0
env  17/100 | final-10 avg real reward:  100.0
env  18/100 | final-10 avg real reward:  100.0
env  19/100 | final-10 avg real reward:  100.0
env  20/100 | final-10 avg real reward:  100.0
env  21/100 | final-10 avg real reward:  100.0
env  22/100 | final-10 avg real reward:  100.0
env  23/100 | final-10 avg real reward:  100.0
env  24/100 | final-10 avg real reward:  100.0
env  25/100 | final-10 avg real reward:  100.0
env  26/100 | final-10 avg real reward: -100.0
env  27/100 | final-10 avg real reward:  100.0
env  28/100 | final-10 avg real reward:  100.0
env  29/100 | final-10 avg real reward:  100.0
env  30/100 | final-10 avg real reward:  100.0
env  31/100 | final-10 avg real reward:  100.0
env  32/100 | final-10 avg real reward:  100.0
env  33/100 | final-10 avg real reward:  100.0
env  34/100 | final-10 avg real reward:  100.0
env  35/100 | final-10 avg real reward:  100.0
env  36/100 | final-10 avg real reward:  100.0
env  37/100 | final-10 avg real reward:  100.0
env  38/100 | final-10 avg real reward:  100.0
env  39/100 | final-10 avg real reward:  100.0
env  40/100 | final-10 avg real reward:  100.0
env  41/100 | final-10 avg real reward:  100.0
env  42/100 | final-10 avg real reward:  100.0
env  43/100 | final-10 avg real reward:  100.0
env  44/100 | final-10 avg real reward:  100.0
env  45/100 | final-10 avg real reward:  100.0
env  46/100 | final-10 avg real reward:  100.0
env  47/100 | final-10 avg real reward:  100.0
env  48/100 | final-10 avg real reward:  100.0
env  49/100 | final-10 avg real reward:  100.0
env  50/100 | final-10 avg real reward:  100.0
env  51/100 | final-10 avg real reward:  100.0
env  52/100 | final-10 avg real reward:  100.0
env  53/100 | final-10 avg real reward:  100.0
env  54/100 | final-10 avg real reward:  100.0
env  55/100 | final-10 avg real reward:  100.0
env  56/100 | final-10 avg real reward:  100.0
env  57/100 | final-10 avg real reward:  100.0
env  58/100 | final-10 avg real reward:  100.0
env  59/100 | final-10 avg real reward:  100.0
env  60/100 | final-10 avg real reward:  100.0
env  61/100 | final-10 avg real reward:  100.0
env  62/100 | final-10 avg real reward:  100.0
env  63/100 | final-10 avg real reward:  100.0
env  64/100 | final-10 avg real reward:  100.0
env  65/100 | final-10 avg real reward: -100.0
env  66/100 | final-10 avg real reward:  100.0
env  67/100 | final-10 avg real reward:  100.0
env  68/100 | final-10 avg real reward:  100.0
env  69/100 | final-10 avg real reward:  100.0
env  70/100 | final-10 avg real reward:  100.0
env  71/100 | final-10 avg real reward:  100.0
env  72/100 | final-10 avg real reward:  100.0
env  73/100 | final-10 avg real reward:  100.0
env  74/100 | final-10 avg real reward:  100.0
env  75/100 | final-10 avg real reward:  100.0
env  76/100 | final-10 avg real reward:  100.0
env  77/100 | final-10 avg real reward:  100.0
env  78/100 | final-10 avg real reward:  100.0
env  79/100 | final-10 avg real reward:  100.0
env  80/100 | final-10 avg real reward:  100.0
env  81/100 | final-10 avg real reward:  100.0
env  82/100 | final-10 avg real reward:  100.0
env  83/100 | final-10 avg real reward:  100.0
env  84/100 | final-10 avg real reward:  100.0
env  85/100 | final-10 avg real reward:  100.0
env  86/100 | final-10 avg real reward:  100.0
env  87/100 | final-10 avg real reward:  100.0
env  88/100 | final-10 avg real reward:  100.0
env  89/100 | final-10 avg real reward:  100.0
env  90/100 | final-10 avg real reward:  100.0
env  91/100 | final-10 avg real reward:  100.0
env  92/100 | final-10 avg real reward:  100.0
env  93/100 | final-10 avg real reward:  100.0
env  94/100 | final-10 avg real reward:  100.0
env  95/100 | final-10 avg real reward:  100.0
env  96/100 | final-10 avg real reward:  100.0
env  97/100 | final-10 avg real reward:  100.0
env  98/100 | final-10 avg real reward:  100.0
env  99/100 | final-10 avg real reward:  100.0
env 100/100 | final-10 avg real reward:  100.0

Saved learning_curve.png | reward at ep50/100/150/199: 46 / 90 / 96 / 96
(.venv) PS C:\Users\nikam\ReinforcementLearning\Task1> & c:\Users\nikam\ReinforcementLearning\Task1\.venv\Scripts\python.exe c:/Users/nikam/ReinforcementLearning/Task1/sarsa.py
env   1/100 | final-10 avg real reward:  100.0
env   2/100 | final-10 avg real reward: -100.0
env   3/100 | final-10 avg real reward: -100.0
env   4/100 | final-10 avg real reward:  -60.0
env   5/100 | final-10 avg real reward: -100.0
env   6/100 | final-10 avg real reward: -100.0
env   7/100 | final-10 avg real reward:  -80.0
env   8/100 | final-10 avg real reward: -100.0
env   9/100 | final-10 avg real reward: -100.0
env  10/100 | final-10 avg real reward: -100.0
env  11/100 | final-10 avg real reward: -100.0
env  12/100 | final-10 avg real reward: -100.0
env  13/100 | final-10 avg real reward: -100.0
env  14/100 | final-10 avg real reward: -100.0
env  15/100 | final-10 avg real reward: -100.0
env  16/100 | final-10 avg real reward: -100.0
env  17/100 | final-10 avg real reward: -100.0
env  18/100 | final-10 avg real reward:  100.0
env  19/100 | final-10 avg real reward: -100.0
env  20/100 | final-10 avg real reward: -100.0
env  21/100 | final-10 avg real reward:  100.0
env  22/100 | final-10 avg real reward: -100.0
env  23/100 | final-10 avg real reward: -100.0
env  24/100 | final-10 avg real reward: -100.0
env  25/100 | final-10 avg real reward:  -80.0
env  26/100 | final-10 avg real reward: -100.0
env  27/100 | final-10 avg real reward:  100.0
env  28/100 | final-10 avg real reward: -100.0
env  29/100 | final-10 avg real reward: -100.0
env  30/100 | final-10 avg real reward:  -80.0
env  31/100 | final-10 avg real reward: -100.0
env  32/100 | final-10 avg real reward:  100.0
env  33/100 | final-10 avg real reward: -100.0
env  34/100 | final-10 avg real reward: -100.0
env  35/100 | final-10 avg real reward: -100.0
env  36/100 | final-10 avg real reward: -100.0
env  37/100 | final-10 avg real reward:  100.0
env  38/100 | final-10 avg real reward: -100.0
env  39/100 | final-10 avg real reward:  100.0
env  40/100 | final-10 avg real reward: -100.0
env  41/100 | final-10 avg real reward: -100.0
env  42/100 | final-10 avg real reward: -100.0
env  43/100 | final-10 avg real reward: -100.0
env  44/100 | final-10 avg real reward: -100.0
env  45/100 | final-10 avg real reward: -100.0
env  46/100 | final-10 avg real reward: -100.0
env  47/100 | final-10 avg real reward: -100.0
env  48/100 | final-10 avg real reward: -100.0
env  49/100 | final-10 avg real reward: -100.0
env  50/100 | final-10 avg real reward: -100.0
env  51/100 | final-10 avg real reward: -100.0
env  52/100 | final-10 avg real reward: -100.0
env  53/100 | final-10 avg real reward: -100.0
env  54/100 | final-10 avg real reward: -100.0
env  55/100 | final-10 avg real reward:  -80.0
env  56/100 | final-10 avg real reward:  100.0
env  57/100 | final-10 avg real reward: -100.0
env  58/100 | final-10 avg real reward: -100.0
env  59/100 | final-10 avg real reward: -100.0
env  60/100 | final-10 avg real reward: -100.0
env  61/100 | final-10 avg real reward: -100.0
env  62/100 | final-10 avg real reward:  -80.0
env  63/100 | final-10 avg real reward: -100.0
env  64/100 | final-10 avg real reward: -100.0
env  65/100 | final-10 avg real reward: -100.0
env  66/100 | final-10 avg real reward:  -80.0
env  67/100 | final-10 avg real reward: -100.0
env  68/100 | final-10 avg real reward: -100.0
env  69/100 | final-10 avg real reward: -100.0
env  70/100 | final-10 avg real reward: -100.0
env  71/100 | final-10 avg real reward:    0.0
env  72/100 | final-10 avg real reward: -100.0
env  73/100 | final-10 avg real reward: -100.0
env  74/100 | final-10 avg real reward: -100.0
env  75/100 | final-10 avg real reward: -100.0
env  76/100 | final-10 avg real reward: -100.0
env  77/100 | final-10 avg real reward: -100.0
env  78/100 | final-10 avg real reward:  -60.0
env  79/100 | final-10 avg real reward: -100.0
env  80/100 | final-10 avg real reward: -100.0
env  81/100 | final-10 avg real reward:  -60.0
env  82/100 | final-10 avg real reward: -100.0
env  83/100 | final-10 avg real reward: -100.0
env  84/100 | final-10 avg real reward:  100.0
env  85/100 | final-10 avg real reward: -100.0
env  86/100 | final-10 avg real reward:  100.0
env  87/100 | final-10 avg real reward:  -80.0
env  88/100 | final-10 avg real reward: -100.0
env  89/100 | final-10 avg real reward: -100.0
env  90/100 | final-10 avg real reward: -100.0
env  91/100 | final-10 avg real reward: -100.0
env  92/100 | final-10 avg real reward: -100.0
env  93/100 | final-10 avg real reward: -100.0
env  94/100 | final-10 avg real reward:  100.0
env  95/100 | final-10 avg real reward: -100.0
env  96/100 | final-10 avg real reward: -100.0
env  97/100 | final-10 avg real reward: -100.0
env  98/100 | final-10 avg real reward:  -80.0
env  99/100 | final-10 avg real reward: -100.0
env 100/100 | final-10 avg real reward:  100.0

Saved learning_curve.png | reward at ep50/100/150/199: -100 / -100 / -100 / -70
(.venv) PS C:\Users\nikam\ReinforcementLearning\Task1> & c:\Users\nikam\ReinforcementLearning\Task1\.venv\Scripts\python.exe c:/Users/nikam/ReinforcementLearning/Task1/sarsa_tune.py
[I 2026-07-18 09:24:27,383] A new study created in memory with name: sarsa
[I 2026-07-18 09:24:49,838] Trial 0 finished with value: -99.51666666666667 and parameters: {'Q_INIT': 148, 'EPS_START': 0.9288263034098079, 'EPS_DECAY': 0.7267270621509014, 'GAMMA': 0.6993120230592584, 'ALPHA': 0.8288061675883319, 'N_STEP': 5}. Best is trial 0 with value: -99.51666666666667.
[I 2026-07-18 09:25:11,701] Trial 1 finished with value: -99.55833333333334 and parameters: {'Q_INIT': 137, 'EPS_START': 0.8244871623195561, 'EPS_DECAY': 0.6937556418994669, 'GAMMA': 0.9422174799466447, 'ALPHA': 0.5966512462264568, 'N_STEP': 4}. Best is trial 0 with value: -99.51666666666667.
[I 2026-07-18 09:25:33,267] Trial 2 finished with value: -99.15 and parameters: {'Q_INIT': 128, 'EPS_START': 0.8470540161147229, 'EPS_DECAY': 0.9598482475439982, 'GAMMA': 0.8814188209141549, 'ALPHA': 0.9990842161346404, 'N_STEP': 4}. Best is trial 2 with value: -99.15.
[I 2026-07-18 09:25:54,799] Trial 3 finished with value: -99.5 and parameters: {'Q_INIT': 121, 'EPS_START': 0.8969012475653733, 'EPS_DECAY': 0.8701643438636484, 'GAMMA': 0.8489563038102901, 'ALPHA': 0.7269465925325984, 'N_STEP': 3}. Best is trial 2 with value: -99.15.
[I 2026-07-18 09:26:16,275] Trial 4 finished with value: -99.61666666666666 and parameters: {'Q_INIT': 121, 'EPS_START': 0.8602755917531697, 'EPS_DECAY': 0.6398417375026464, 'GAMMA': 0.5218187903235002, 'ALPHA': 0.5273876232540189, 'N_STEP': 4}. Best is trial 2 with value: -99.15.
[I 2026-07-18 09:26:38,222] Trial 5 finished with value: -99.58333333333333 and parameters: {'Q_INIT': 115, 'EPS_START': 0.8499488412177989, 'EPS_DECAY': 0.9187225164811932, 'GAMMA': 0.9316355585232897, 'ALPHA': 0.648150371515031, 'N_STEP': 5}. Best is trial 2 with value: -99.15.
[I 2026-07-18 09:26:59,804] Trial 6 finished with value: -99.525 and parameters: {'Q_INIT': 125, 'EPS_START': 0.885995078237278, 'EPS_DECAY': 0.836532943196356, 'GAMMA': 0.917615678740336, 'ALPHA': 0.7678734529627258, 'N_STEP': 5}. Best is trial 2 with value: -99.15.
[I 2026-07-18 09:27:22,351] Trial 7 finished with value: -99.56666666666666 and parameters: {'Q_INIT': 64, 'EPS_START': 0.8972164047326828, 'EPS_DECAY': 0.689133287160178, 'GAMMA': 0.6094153951287358, 'ALPHA': 0.6044821887043326, 'N_STEP': 4}. Best is trial 2 with value: -99.15.
[I 2026-07-18 09:27:44,281] Trial 8 finished with value: -99.53333333333333 and parameters: {'Q_INIT': 58, 'EPS_START': 0.9056272981259854, 'EPS_DECAY': 0.5732362749307383, 'GAMMA': 0.9419579620298636, 'ALPHA': 0.5032187437995199, 'N_STEP': 3}. Best is trial 2 with value: -99.15.
[I 2026-07-18 09:28:06,204] Trial 9 finished with value: -99.56666666666666 and parameters: {'Q_INIT': 131, 'EPS_START': 0.9261804110848358, 'EPS_DECAY': 0.6873294184448558, 'GAMMA': 0.5471859970616371, 'ALPHA': 0.6390728210114667, 'N_STEP': 3}. Best is trial 2 with value: -99.15.
[I 2026-07-18 09:28:31,232] Trial 10 finished with value: -99.375 and parameters: {'Q_INIT': 93, 'EPS_START': 0.9914607135178151, 'EPS_DECAY': 0.9726381866388164, 'GAMMA': 0.7788574521203563, 'ALPHA': 0.9976944340039086, 'N_STEP': 4}. Best is trial 2 with value: -99.15.
[I 2026-07-18 09:28:57,276] Trial 11 finished with value: -99.59166666666667 and parameters: {'Q_INIT': 91, 'EPS_START': 0.9977741168710933, 'EPS_DECAY': 0.9831824657391864, 'GAMMA': 0.7888893372803856, 'ALPHA': 0.9941586371268966, 'N_STEP': 4}. Best is trial 2 with value: -99.15.
[I 2026-07-18 09:29:24,864] Trial 12 finished with value: -99.26666666666667 and parameters: {'Q_INIT': 97, 'EPS_START': 0.9936630723950224, 'EPS_DECAY': 0.9671375699046649, 'GAMMA': 0.7491190497416068, 'ALPHA': 0.9989033824325192, 'N_STEP': 4}. Best is trial 2 with value: -99.15.
[I 2026-07-18 09:29:51,378] Trial 13 finished with value: -99.49166666666666 and parameters: {'Q_INIT': 99, 'EPS_START': 0.8024507345391891, 'EPS_DECAY': 0.8284690732305026, 'GAMMA': 0.6827263300248966, 'ALPHA': 0.9051651280227025, 'N_STEP': 4}. Best is trial 2 with value: -99.15.
[I 2026-07-18 09:30:13,389] Trial 14 finished with value: -99.50833333333334 and parameters: {'Q_INIT': 78, 'EPS_START': 0.9408633248482842, 'EPS_DECAY': 0.9275213393294461, 'GAMMA': 0.834906420446051, 'ALPHA': 0.9113938196480779, 'N_STEP': 4}. Best is trial 2 with value: -99.15.
[I 2026-07-18 09:30:35,444] Trial 15 finished with value: -99.475 and parameters: {'Q_INIT': 108, 'EPS_START': 0.9653346253980756, 'EPS_DECAY': 0.8889698551185934, 'GAMMA': 0.713880520034881, 'ALPHA': 0.926844363166237, 'N_STEP': 5}. Best is trial 2 with value: -99.15.
[I 2026-07-18 09:30:57,737] Trial 16 finished with value: -99.49166666666666 and parameters: {'Q_INIT': 78, 'EPS_START': 0.9634476770073281, 'EPS_DECAY': 0.7893066427454597, 'GAMMA': 0.8643389044806581, 'ALPHA': 0.8540993445677639, 'N_STEP': 3}. Best is trial 2 with value: -99.15.
[I 2026-07-18 09:31:18,995] Trial 17 finished with value: -99.075 and parameters: {'Q_INIT': 146, 'EPS_START': 0.8612529855199943, 'EPS_DECAY': 0.9491974019827752, 'GAMMA': 0.9962273471518132, 'ALPHA': 0.9572594495970644, 'N_STEP': 4}. Best is trial 17 with value: -99.075.
[I 2026-07-18 09:31:40,338] Trial 18 finished with value: -99.39166666666667 and parameters: {'Q_INIT': 146, 'EPS_START': 0.8510385391381247, 'EPS_DECAY': 0.5015436124389028, 'GAMMA': 0.9868552349040968, 'ALPHA': 0.9413305349507661, 'N_STEP': 3}. Best is trial 17 with value: -99.075.
[I 2026-07-18 09:32:01,714] Trial 19 finished with value: -99.41666666666667 and parameters: {'Q_INIT': 140, 'EPS_START': 0.8242109404953767, 'EPS_DECAY': 0.7733343621480158, 'GAMMA': 0.9851314580212376, 'ALPHA': 0.8514866400826016, 'N_STEP': 5}. Best is trial 17 with value: -99.075.
[I 2026-07-18 09:32:23,201] Trial 20 finished with value: -99.54166666666667 and parameters: {'Q_INIT': 133, 'EPS_START': 0.8740618784673547, 'EPS_DECAY': 0.923322071872428, 'GAMMA': 0.8879592727434188, 'ALPHA': 0.7904903576212815, 'N_STEP': 4}. Best is trial 17 with value: -99.075.
[I 2026-07-18 09:32:44,372] Trial 21 finished with value: -99.51666666666667 and parameters: {'Q_INIT': 108, 'EPS_START': 0.8254844575339204, 'EPS_DECAY': 0.9641255441403608, 'GAMMA': 0.7878670407024652, 'ALPHA': 0.9635226058555145, 'N_STEP': 4}. Best is trial 17 with value: -99.075.
[I 2026-07-18 09:33:06,587] Trial 22 finished with value: -99.3 and parameters: {'Q_INIT': 81, 'EPS_START': 0.8021350126236518, 'EPS_DECAY': 0.943759939025037, 'GAMMA': 0.9933636670493605, 'ALPHA': 0.9628937813205386, 'N_STEP': 4}. Best is trial 17 with value: -99.075.
