[I 2026-07-18 20:45:53,590] Trial 75 finished with value: -19.93 and parameters: {'Q_INIT': 52, 'EPS_START': 0.8112640429117737, 'EPS_DECAY': 0.7963706914424513, 'GAMMA': 0.9128142285140014, 'ALPHA': 0.6563790537762868, 'SHAPE_W': 137.44400187972056}. Best is trial 75 with value: -19.93.
[I 2026-07-18 20:46:12,461] Trial 76 finished with value: -24.0 and parameters: {'Q_INIT': 56, 'EPS_START': 0.8079601102144649, 'EPS_DECAY': 0.7131262823821916, 'GAMMA': 0.9330219285658591, 'ALPHA': 0.6563917146523106, 'SHAPE_W': 137.9757901192931}. Best is trial 75 with value: -19.93.
[I 2026-07-18 20:46:37,958] Trial 77 finished with value: -37.41 and parameters: {'Q_INIT': 56, 'EPS_START': 0.8194093369617607, 'EPS_DECAY': 0.7141149315367861, 'GAMMA': 0.9082995121549474, 'ALPHA': 0.6535538442011277, 'SHAPE_W': 136.71348498519387}. Best is trial 75 with value: -19.93.
[I 2026-07-18 20:46:58,156] Trial 78 finished with value: -53.39 and parameters: {'Q_INIT': 64, 'EPS_START': 0.8012158264834025, 'EPS_DECAY': 0.755378395541898, 'GAMMA': 0.9264838719721921, 'ALPHA': 0.6629143840607014, 'SHAPE_W': 124.15325419844821}. Best is trial 75 with value: -19.93.
[I 2026-07-18 20:47:21,149] Trial 79 finished with value: -33.88 and parameters: {'Q_INIT': 50, 'EPS_START': 0.8074460016191722, 'EPS_DECAY': 0.7930608363456656, 'GAMMA': 0.9293983874155786, 'ALPHA': 0.6969750696136524, 'SHAPE_W': 130.24765521015075}. Best is trial 75 with value: -19.93.
[I 2026-07-18 20:47:37,815] Trial 80 finished with value: -52.67 and parameters: {'Q_INIT': 55, 'EPS_START': 0.8171027373896335, 'EPS_DECAY': 0.6756973471116668, 'GAMMA': 0.9862624839416453, 'ALPHA': 0.7231104722470991, 'SHAPE_W': 120.80066180832716}. Best is trial 75 with value: -19.93.
[I 2026-07-18 20:48:00,766] Trial 81 finished with value: -39.365 and parameters: {'Q_INIT': 59, 'EPS_START': 0.8116321568828438, 'EPS_DECAY': 0.7348925622944709, 'GAMMA': 0.9124457431159017, 'ALPHA': 0.6929074754992939, 'SHAPE_W': 135.2874079714799}. Best is trial 75 with value: -19.93.
[I 2026-07-18 20:48:20,950] Trial 82 finished with value: -23.33 and parameters: {'Q_INIT': 52, 'EPS_START': 0.8253431336583115, 'EPS_DECAY': 0.7141057391232377, 'GAMMA': 0.9460172169974819, 'ALPHA': 0.6789883886008125, 'SHAPE_W': 138.52390485519138}. Best is trial 75 with value: -19.93.
[I 2026-07-18 20:48:42,591] Trial 83 finished with value: -16.735 and parameters: {'Q_INIT': 52, 'EPS_START': 0.8245020338281035, 'EPS_DECAY': 0.70133119635339, 'GAMMA': 0.945787177843594, 'ALPHA': 0.6425952157798094, 'SHAPE_W': 137.72073030079142}. Best is trial 83 with value: -16.735.
[I 2026-07-18 20:49:01,024] Trial 84 finished with value: -28.155 and parameters: {'Q_INIT': 56, 'EPS_START': 0.8279238033407017, 'EPS_DECAY': 0.6880132837974685, 'GAMMA': 0.9783330931414567, 'ALPHA': 0.6392060015689819, 'SHAPE_W': 127.0308723724527}. Best is trial 83 with value: -16.735.
[I 2026-07-18 20:49:18,295] Trial 85 finished with value: -31.92 and parameters: {'Q_INIT': 56, 'EPS_START': 0.828081538412379, 'EPS_DECAY': 0.6928397393645321, 'GAMMA': 0.9757005279976654, 'ALPHA': 0.6424722647269371, 'SHAPE_W': 118.6117762381484}. Best is trial 83 with value: -16.735.
[I 2026-07-18 20:49:39,962] Trial 86 finished with value: -28.32 and parameters: {'Q_INIT': 52, 'EPS_START': 0.8126736066843473, 'EPS_DECAY': 0.7185116258632376, 'GAMMA': 0.9415187724661788, 'ALPHA': 0.6100574191953855, 'SHAPE_W': 128.28286858072585}. Best is trial 83 with value: -16.735.
[I 2026-07-18 20:49:54,524] Trial 87 finished with value: -26.33 and parameters: {'Q_INIT': 63, 'EPS_START': 0.8248280423579655, 'EPS_DECAY': 0.6689197322149465, 'GAMMA': 0.9886297555931314, 'ALPHA': 0.6087231020453038, 'SHAPE_W': 126.0010093657465}. Best is trial 83 with value: -16.735.
[I 2026-07-18 20:50:09,839] Trial 88 finished with value: -33.695 and parameters: {'Q_INIT': 63, 'EPS_START': 0.8254576135632583, 'EPS_DECAY': 0.660315771540482, 'GAMMA': 0.9888953438303784, 'ALPHA': 0.607252324114427, 'SHAPE_W': 126.67748882426768}. Best is trial 83 with value: -16.735.
[I 2026-07-18 20:50:27,199] Trial 89 finished with value: -28.14 and parameters: {'Q_INIT': 66, 'EPS_START': 0.8079995868646827, 'EPS_DECAY': 0.7136187859223825, 'GAMMA': 0.945235833328084, 'ALPHA': 0.5887370355256615, 'SHAPE_W': 126.3293858237907}. Best is trial 83 with value: -16.735.
[I 2026-07-18 20:50:53,044] Trial 90 finished with value: -77.145 and parameters: {'Q_INIT': 69, 'EPS_START': 0.8075404262689626, 'EPS_DECAY': 0.6751128034920226, 'GAMMA': 0.7140059921541285, 'ALPHA': 0.6236546399513633, 'SHAPE_W': 115.95565333038839}. Best is trial 83 with value: -16.735.
[I 2026-07-18 20:51:09,869] Trial 91 finished with value: -36.89 and parameters: {'Q_INIT': 66, 'EPS_START': 0.8128370079500641, 'EPS_DECAY': 0.714666569150639, 'GAMMA': 0.9431833001928712, 'ALPHA': 0.5914011255204197, 'SHAPE_W': 124.5337869968392}. Best is trial 83 with value: -16.735.
[I 2026-07-18 20:51:29,727] Trial 92 finished with value: -20.43 and parameters: {'Q_INIT': 58, 'EPS_START': 0.822587936127301, 'EPS_DECAY': 0.634115088690354, 'GAMMA': 0.9453397737100994, 'ALPHA': 0.5701796023607018, 'SHAPE_W': 129.17124757971777}. Best is trial 83 with value: -16.735.
[I 2026-07-18 20:52:08,233] Trial 93 finished with value: -55.69 and parameters: {'Q_INIT': 58, 'EPS_START': 0.830943195277607, 'EPS_DECAY': 0.6186612044673959, 'GAMMA': 0.7603734997236289, 'ALPHA': 0.5693895902026008, 'SHAPE_W': 130.91425887635958}. Best is trial 83 with value: -16.735.
[I 2026-07-18 20:52:26,872] Trial 94 finished with value: -37.865 and parameters: {'Q_INIT': 72, 'EPS_START': 0.8228174996479927, 'EPS_DECAY': 0.6394834611087485, 'GAMMA': 0.9514634577167517, 'ALPHA': 0.6757851991417508, 'SHAPE_W': 132.54978108139403}. Best is trial 83 with value: -16.735.
[I 2026-07-18 20:52:43,225] Trial 95 finished with value: -15.975 and parameters: {'Q_INIT': 62, 'EPS_START': 0.848690349903563, 'EPS_DECAY': 0.6291994412289668, 'GAMMA': 0.99981074729494, 'ALPHA': 0.5435809271397999, 'SHAPE_W': 110.99351797741728}. Best is trial 95 with value: -15.975.
[I 2026-07-18 20:52:58,097] Trial 96 finished with value: -31.905 and parameters: {'Q_INIT': 62, 'EPS_START': 0.8368985208345877, 'EPS_DECAY': 0.6096768465441834, 'GAMMA': 0.9971232057166597, 'ALPHA': 0.5582209905700551, 'SHAPE_W': 111.70873527728685}. Best is trial 95 with value: -15.975.
[I 2026-07-18 20:53:09,421] Trial 97 finished with value: -97.37 and parameters: {'Q_INIT': 75, 'EPS_START': 0.8474576588479098, 'EPS_DECAY': 0.6311815134175852, 'GAMMA': 0.9269114039626856, 'ALPHA': 0.5441527759436829, 'SHAPE_W': 94.98740893005862}. Best is trial 95 with value: -15.975.
[I 2026-07-18 20:53:28,744] Trial 98 finished with value: -24.94 and parameters: {'Q_INIT': 60, 'EPS_START': 0.8037560036446931, 'EPS_DECAY': 0.578873791513968, 'GAMMA': 0.9867188163406639, 'ALPHA': 0.5195627643086964, 'SHAPE_W': 120.49511558172864}. Best is trial 95 with value: -15.975.
[I 2026-07-18 20:53:45,202] Trial 99 finished with value: -20.43 and parameters: {'Q_INIT': 59, 'EPS_START': 0.8008610578839601, 'EPS_DECAY': 0.5669203894166011, 'GAMMA': 0.9822259251657947, 'ALPHA': 0.5184622150185102, 'SHAPE_W': 110.75289051986728}. Best is trial 95 with value: -15.975.
[I 2026-07-18 20:54:00,929] Trial 100 finished with value: -26.345 and parameters: {'Q_INIT': 60, 'EPS_START': 0.8530716881611254, 'EPS_DECAY': 0.5646319055857657, 'GAMMA': 0.9867971722458759, 'ALPHA': 0.5215902780547232, 'SHAPE_W': 104.7544964204015}. Best is trial 95 with value: -15.975.
[I 2026-07-18 20:54:16,346] Trial 101 finished with value: -24.6 and parameters: {'Q_INIT': 60, 'EPS_START': 0.8598214045133683, 'EPS_DECAY': 0.5497275738729477, 'GAMMA': 0.9918880239692847, 'ALPHA': 0.5219412500631596, 'SHAPE_W': 105.93388564917686}. Best is trial 95 with value: -15.975.
[I 2026-07-18 20:54:33,549] Trial 102 finished with value: -23.06 and parameters: {'Q_INIT': 61, 'EPS_START': 0.8621246353155866, 'EPS_DECAY': 0.5487637384720767, 'GAMMA': 0.9651418271012676, 'ALPHA': 0.5289433389644598, 'SHAPE_W': 110.92183213017664}. Best is trial 95 with value: -15.975.
[I 2026-07-18 20:54:50,767] Trial 103 finished with value: -21.01 and parameters: {'Q_INIT': 58, 'EPS_START': 0.8610776936791384, 'EPS_DECAY': 0.5329369974389477, 'GAMMA': 0.968143409834016, 'ALPHA': 0.5242573897551935, 'SHAPE_W': 109.21815586769331}. Best is trial 95 with value: -15.975.
[I 2026-07-18 20:55:08,519] Trial 104 finished with value: -26.405 and parameters: {'Q_INIT': 58, 'EPS_START': 0.8678255542310706, 'EPS_DECAY': 0.5056356547060622, 'GAMMA': 0.9636671821076845, 'ALPHA': 0.52289465731985, 'SHAPE_W': 110.78887776222707}. Best is trial 95 with value: -15.975.
[I 2026-07-18 20:55:25,456] Trial 105 finished with value: -19.515 and parameters: {'Q_INIT': 55, 'EPS_START': 0.8632300009174999, 'EPS_DECAY': 0.5440354920101677, 'GAMMA': 0.9731526988479139, 'ALPHA': 0.5395739586262776, 'SHAPE_W': 105.1050915224636}. Best is trial 95 with value: -15.975.
[I 2026-07-18 20:55:36,445] Trial 106 finished with value: -54.845 and parameters: {'Q_INIT': 97, 'EPS_START': 0.8730807028913032, 'EPS_DECAY': 0.5345890962033241, 'GAMMA': 0.9659801670259597, 'ALPHA': 0.5421577030585909, 'SHAPE_W': 101.03110582096}. Best is trial 95 with value: -15.975.
[I 2026-07-18 20:55:58,543] Trial 107 finished with value: -37.62 and parameters: {'Q_INIT': 55, 'EPS_START': 0.8542743940149554, 'EPS_DECAY': 0.5417874378379586, 'GAMMA': 0.9217206754995811, 'ALPHA': 0.5114684599430398, 'SHAPE_W': 108.5419802165928}. Best is trial 95 with value: -15.975.
[I 2026-07-18 20:56:19,713] Trial 108 finished with value: -26.01 and parameters: {'Q_INIT': 52, 'EPS_START': 0.8632032911561045, 'EPS_DECAY': 0.5131370519620732, 'GAMMA': 0.9357984798044221, 'ALPHA': 0.5308812692908862, 'SHAPE_W': 113.62521852771387}. Best is trial 95 with value: -15.975.
[I 2026-07-18 20:56:35,259] Trial 109 finished with value: -35.845 and parameters: {'Q_INIT': 57, 'EPS_START': 0.8764259107232042, 'EPS_DECAY': 0.5954198337692911, 'GAMMA': 0.9548999452013786, 'ALPHA': 0.5509695157250253, 'SHAPE_W': 102.77373988644032}. Best is trial 95 with value: -15.975.
[I 2026-07-18 20:56:49,444] Trial 110 finished with value: -30.105 and parameters: {'Q_INIT': 64, 'EPS_START': 0.8631011760792914, 'EPS_DECAY': 0.5660303203260766, 'GAMMA': 0.9738087873893312, 'ALPHA': 0.570487516040358, 'SHAPE_W': 108.30254794518753}. Best is trial 95 with value: -15.975.
[I 2026-07-18 20:57:04,409] Trial 111 finished with value: -34.7 and parameters: {'Q_INIT': 61, 'EPS_START': 0.8593581337632793, 'EPS_DECAY': 0.5565539411905036, 'GAMMA': 0.980137533290059, 'ALPHA': 0.5390245209982997, 'SHAPE_W': 98.18464536174615}. Best is trial 95 with value: -15.975.
[I 2026-07-18 20:57:20,326] Trial 112 finished with value: -19.735 and parameters: {'Q_INIT': 55, 'EPS_START': 0.8444198863199365, 'EPS_DECAY': 0.5464606978014128, 'GAMMA': 0.9965084712039941, 'ALPHA': 0.531296880691986, 'SHAPE_W': 105.50151024681486}. Best is trial 95 with value: -15.975.
[I 2026-07-18 20:57:34,256] Trial 113 finished with value: -26.435 and parameters: {'Q_INIT': 55, 'EPS_START': 0.8451096960809896, 'EPS_DECAY': 0.5276684586097664, 'GAMMA': 0.9999478923778973, 'ALPHA': 0.5314764661284097, 'SHAPE_W': 87.29369421216816}. Best is trial 95 with value: -15.975.
[I 2026-07-18 20:57:54,202] Trial 114 finished with value: -20.22 and parameters: {'Q_INIT': 52, 'EPS_START': 0.8510188391331337, 'EPS_DECAY': 0.5186519623110367, 'GAMMA': 0.9661727990039385, 'ALPHA': 0.5507617102703073, 'SHAPE_W': 113.06721041131813}. Best is trial 95 with value: -15.975.
[I 2026-07-18 20:58:12,702] Trial 115 finished with value: -22.56 and parameters: {'Q_INIT': 52, 'EPS_START': 0.8522968325719835, 'EPS_DECAY': 0.5185531516788535, 'GAMMA': 0.9687182573932972, 'ALPHA': 0.5114129747679041, 'SHAPE_W': 112.96377049696063}. Best is trial 95 with value: -15.975.
[I 2026-07-18 20:58:30,816] Trial 116 finished with value: -14.8 and parameters: {'Q_INIT': 58, 'EPS_START': 0.8490582027876764, 'EPS_DECAY': 0.5206011712531352, 'GAMMA': 0.968441736941359, 'ALPHA': 0.5096251869761707, 'SHAPE_W': 112.64127533309554}. Best is trial 116 with value: -14.8.
[I 2026-07-18 20:58:49,171] Trial 117 finished with value: -8.925 and parameters: {'Q_INIT': 58, 'EPS_START': 0.8513385030487333, 'EPS_DECAY': 0.5131594075673396, 'GAMMA': 0.9717948070620872, 'ALPHA': 0.5107981031978998, 'SHAPE_W': 117.50660996198826}. Best is trial 117 with value: -8.925.
[I 2026-07-18 20:59:09,071] Trial 118 finished with value: -16.16 and parameters: {'Q_INIT': 58, 'EPS_START': 0.8408522219914503, 'EPS_DECAY': 0.503895976680118, 'GAMMA': 0.9554013456620778, 'ALPHA': 0.500846079559926, 'SHAPE_W': 116.7132717038543}. Best is trial 117 with value: -8.925.
[I 2026-07-18 20:59:26,306] Trial 119 finished with value: -23.735 and parameters: {'Q_INIT': 67, 'EPS_START': 0.8343872935599483, 'EPS_DECAY': 0.5020301682666914, 'GAMMA': 0.9766546585338634, 'ALPHA': 0.5027680113371729, 'SHAPE_W': 117.11656715837016}. Best is trial 117 with value: -8.925.
[I 2026-07-18 20:59:43,435] Trial 120 finished with value: -31.16 and parameters: {'Q_INIT': 58, 'EPS_START': 0.8547548019981853, 'EPS_DECAY': 0.5316261083670357, 'GAMMA': 0.9602575444184379, 'ALPHA': 0.5529298148444555, 'SHAPE_W': 105.93426313671527}. Best is trial 117 with value: -8.925.
[I 2026-07-18 21:00:02,104] Trial 121 finished with value: -7.0 and parameters: {'Q_INIT': 54, 'EPS_START': 0.8414285860649573, 'EPS_DECAY': 0.5134841845837248, 'GAMMA': 0.9794473880159279, 'ALPHA': 0.5004491655772928, 'SHAPE_W': 109.65138363803939}. Best is trial 121 with value: -7.0.
[I 2026-07-18 21:00:21,341] Trial 122 finished with value: -12.94 and parameters: {'Q_INIT': 54, 'EPS_START': 0.8462948472424618, 'EPS_DECAY': 0.5088177396578493, 'GAMMA': 0.9809579530806273, 'ALPHA': 0.5158616082881186, 'SHAPE_W': 115.12242209644972}. Best is trial 121 with value: -7.0.
[I 2026-07-18 21:00:39,341] Trial 123 finished with value: -31.195 and parameters: {'Q_INIT': 54, 'EPS_START': 0.8486456723038683, 'EPS_DECAY': 0.5143162131888701, 'GAMMA': 0.9989159775045772, 'ALPHA': 0.514068281249224, 'SHAPE_W': 115.32178052152521}. Best is trial 121 with value: -7.0.
[I 2026-07-18 21:00:50,834] Trial 124 finished with value: -94.26 and parameters: {'Q_INIT': 118, 'EPS_START': 0.8375488953717246, 'EPS_DECAY': 0.5004947337181325, 'GAMMA': 0.979603335776226, 'ALPHA': 0.5013666476264704, 'SHAPE_W': 118.09370854702767}. Best is trial 121 with value: -7.0.
[I 2026-07-18 21:01:08,579] Trial 125 finished with value: -16.595 and parameters: {'Q_INIT': 55, 'EPS_START': 0.843696632708784, 'EPS_DECAY': 0.5215640536008497, 'GAMMA': 0.9829378767435417, 'ALPHA': 0.5653403217896844, 'SHAPE_W': 113.03108334926375}. Best is trial 121 with value: -7.0.
[I 2026-07-18 21:01:27,710] Trial 126 finished with value: -21.13 and parameters: {'Q_INIT': 55, 'EPS_START': 0.8418261824464541, 'EPS_DECAY': 0.5213148509977811, 'GAMMA': 0.9564456309125497, 'ALPHA': 0.577927732227661, 'SHAPE_W': 113.16115653795168}. Best is trial 121 with value: -7.0.
[I 2026-07-18 21:01:38,623] Trial 127 finished with value: -96.275 and parameters: {'Q_INIT': 133, 'EPS_START': 0.8451954212855751, 'EPS_DECAY': 0.5428229624983951, 'GAMMA': 0.9893639854280742, 'ALPHA': 0.5670906836078462, 'SHAPE_W': 106.92884277058567}. Best is trial 121 with value: -7.0.
[I 2026-07-18 21:01:59,399] Trial 128 finished with value: -28.345 and parameters: {'Q_INIT': 50, 'EPS_START': 0.831028565115012, 'EPS_DECAY': 0.5080580471566722, 'GAMMA': 0.9707924131343688, 'ALPHA': 0.5493518073579641, 'SHAPE_W': 104.13807915928655}. Best is trial 121 with value: -7.0.
[I 2026-07-18 21:02:19,439] Trial 129 finished with value: -19.175 and parameters: {'Q_INIT': 57, 'EPS_START': 0.8508455470716019, 'EPS_DECAY': 0.5217113874904991, 'GAMMA': 0.9369233776267085, 'ALPHA': 0.5320091749732927, 'SHAPE_W': 119.34548149894894}. Best is trial 121 with value: -7.0.
[I 2026-07-18 21:02:44,073] Trial 130 finished with value: -40.585 and parameters: {'Q_INIT': 55, 'EPS_START': 0.8510250939696653, 'EPS_DECAY': 0.5235351009655214, 'GAMMA': 0.9019689662634374, 'ALPHA': 0.5372044815006835, 'SHAPE_W': 118.64149082631256}. Best is trial 121 with value: -7.0.
[I 2026-07-18 21:02:57,437] Trial 131 finished with value: -26.75 and parameters: {'Q_INIT': 57, 'EPS_START': 0.8567595808864219, 'EPS_DECAY': 0.9442284392893214, 'GAMMA': 0.9565323386538448, 'ALPHA': 0.5591860755951855, 'SHAPE_W': 122.59683298126774}. Best is trial 121 with value: -7.0.
[I 2026-07-18 21:03:18,345] Trial 132 finished with value: -29.71 and parameters: {'Q_INIT': 54, 'EPS_START': 0.8478422884542729, 'EPS_DECAY': 0.5395416840876373, 'GAMMA': 0.9366488372047804, 'ALPHA': 0.5349170546888976, 'SHAPE_W': 115.01168079725792}. Best is trial 121 with value: -7.0.
[I 2026-07-18 21:03:35,728] Trial 133 finished with value: -34.385 and parameters: {'Q_INIT': 62, 'EPS_START': 0.844377292011645, 'EPS_DECAY': 0.5176076151938326, 'GAMMA': 0.94716235219282, 'ALPHA': 0.5005507080799387, 'SHAPE_W': 112.53188481235966}. Best is trial 121 with value: -7.0.
[I 2026-07-18 21:03:56,982] Trial 134 finished with value: -9.645 and parameters: {'Q_INIT': 52, 'EPS_START': 0.8384542505422296, 'EPS_DECAY': 0.5087285444242834, 'GAMMA': 0.9192452036937573, 'ALPHA': 0.5109824121163965, 'SHAPE_W': 119.27782148928712}. Best is trial 121 with value: -7.0.
[I 2026-07-18 21:04:22,832] Trial 135 finished with value: -27.13 and parameters: {'Q_INIT': 52, 'EPS_START': 0.8346554720323223, 'EPS_DECAY': 0.5089661887310121, 'GAMMA': 0.8857165186313577, 'ALPHA': 0.5111840251086367, 'SHAPE_W': 119.80660215739097}. Best is trial 121 with value: -7.0.
[I 2026-07-18 21:04:43,938] Trial 136 finished with value: -42.44 and parameters: {'Q_INIT': 51, 'EPS_START': 0.8391623985517355, 'EPS_DECAY': 0.5264407112442973, 'GAMMA': 0.9237342083845524, 'ALPHA': 0.5431909992066619, 'SHAPE_W': 109.2575310110089}. Best is trial 121 with value: -7.0.
[I 2026-07-18 21:05:01,545] Trial 137 finished with value: -17.05 and parameters: {'Q_INIT': 54, 'EPS_START': 0.8503867067377563, 'EPS_DECAY': 0.5507550761779162, 'GAMMA': 0.9786335811093219, 'ALPHA': 0.5286803529159866, 'SHAPE_W': 116.43742754752351}. Best is trial 121 with value: -7.0.
[I 2026-07-18 21:05:22,805] Trial 138 finished with value: -29.45 and parameters: {'Q_INIT': 56, 'EPS_START': 0.857195455172602, 'EPS_DECAY': 0.547947290189367, 'GAMMA': 0.91630856944312, 'ALPHA': 0.5096184699320105, 'SHAPE_W': 116.46074076678521}. Best is trial 121 with value: -7.0.
[I 2026-07-18 21:05:38,227] Trial 139 finished with value: -23.0 and parameters: {'Q_INIT': 54, 'EPS_START': 0.8432936159240486, 'EPS_DECAY': 0.5799373559627453, 'GAMMA': 0.9996118911681405, 'ALPHA': 0.531169488497907, 'SHAPE_W': 100.5998834323333}. Best is trial 121 with value: -7.0.
[I 2026-07-18 21:05:57,181] Trial 140 finished with value: -19.255 and parameters: {'Q_INIT': 57, 'EPS_START': 0.8379854994305301, 'EPS_DECAY': 0.5547906901043642, 'GAMMA': 0.9822827773218971, 'ALPHA': 0.5167493724234047, 'SHAPE_W': 122.54280714731475}. Best is trial 121 with value: -7.0.
[I 2026-07-18 21:06:15,407] Trial 141 finished with value: -15.835 and parameters: {'Q_INIT': 57, 'EPS_START': 0.847391763440492, 'EPS_DECAY': 0.535298157118992, 'GAMMA': 0.9817710801793512, 'ALPHA': 0.5150971174410274, 'SHAPE_W': 117.13450670106094}. Best is trial 121 with value: -7.0.
[I 2026-07-18 21:06:31,852] Trial 142 finished with value: -20.94 and parameters: {'Q_INIT': 64, 'EPS_START': 0.8475307862381245, 'EPS_DECAY': 0.5602210516731969, 'GAMMA': 0.9853085928114488, 'ALPHA': 0.5129687356729666, 'SHAPE_W': 121.8439687924254}. Best is trial 121 with value: -7.0.
[I 2026-07-18 21:06:48,152] Trial 143 finished with value: -24.495 and parameters: {'Q_INIT': 60, 'EPS_START': 0.838498768339987, 'EPS_DECAY': 0.5372911140848159, 'GAMMA': 0.982738131116768, 'ALPHA': 0.5265204978437523, 'SHAPE_W': 117.3177358960193}. Best is trial 121 with value: -7.0.
[I 2026-07-18 21:07:06,972] Trial 144 finished with value: -22.295 and parameters: {'Q_INIT': 57, 'EPS_START': 0.8325999674318612, 'EPS_DECAY': 0.554044460290963, 'GAMMA': 0.9925341114548939, 'ALPHA': 0.5019848882114599, 'SHAPE_W': 115.29848909716709}. Best is trial 121 with value: -7.0.
[I 2026-07-18 21:07:25,397] Trial 145 finished with value: -11.345 and parameters: {'Q_INIT': 59, 'EPS_START': 0.8498912245252296, 'EPS_DECAY': 0.5280861424687012, 'GAMMA': 0.9739508711575354, 'ALPHA': 0.5176875393658288, 'SHAPE_W': 119.66129073151268}. Best is trial 121 with value: -7.0.
[I 2026-07-18 21:07:42,042] Trial 146 finished with value: -26.185 and parameters: {'Q_INIT': 62, 'EPS_START': 0.8655994604120483, 'EPS_DECAY': 0.5014431257160927, 'GAMMA': 0.9781994865517565, 'ALPHA': 0.5128916164402512, 'SHAPE_W': 123.41052661205572}. Best is trial 121 with value: -7.0.
[I 2026-07-18 21:07:59,959] Trial 147 finished with value: -27.575 and parameters: {'Q_INIT': 60, 'EPS_START': 0.8484695718732548, 'EPS_DECAY': 0.5273525126734613, 'GAMMA': 0.9578147405262294, 'ALPHA': 0.5227448214224921, 'SHAPE_W': 119.58746550680725}. Best is trial 121 with value: -7.0.
[I 2026-07-18 21:08:17,689] Trial 148 finished with value: -21.78 and parameters: {'Q_INIT': 58, 'EPS_START': 0.8400855701328636, 'EPS_DECAY': 0.5117440327167649, 'GAMMA': 0.9711813801413944, 'ALPHA': 0.5453416615965307, 'SHAPE_W': 114.70278867579056}. Best is trial 121 with value: -7.0.
[I 2026-07-18 21:08:28,347] Trial 149 finished with value: -98.53 and parameters: {'Q_INIT': 63, 'EPS_START': 0.8573890593247627, 'EPS_DECAY': 0.530398588464571, 'GAMMA': 0.9381471082478505, 'ALPHA': 0.5387263085168176, 'SHAPE_W': 66.86194802945104}. Best is trial 121 with value: -7.0.
[I 2026-07-18 21:08:48,838] Trial 150 finished with value: -22.44 and parameters: {'Q_INIT': 57, 'EPS_START': 0.8519757803928684, 'EPS_DECAY': 0.5367609594126639, 'GAMMA': 0.9530430691389196, 'ALPHA': 0.5206837355757351, 'SHAPE_W': 117.84130140149698}. Best is trial 121 with value: -7.0.
