[I 2026-07-18 23:08:53,494] Trial 455 finished with value: -24.0 and parameters: {'Q_INIT': 57, 'EPS_START': 0.8659689636502663, 'EPS_DECAY': 0.5916197711897628, 'GAMMA': 0.9190289928049971, 'ALPHA': 0.5475825975653991, 'SHAPE_W': 132.81835103290868}. Best is trial 340 with value: 7.455.
[I 2026-07-18 23:09:13,246] Trial 456 finished with value: -26.915 and parameters: {'Q_INIT': 52, 'EPS_START': 0.8705679885444075, 'EPS_DECAY': 0.6126538873071454, 'GAMMA': 0.9580379491595451, 'ALPHA': 0.5575130963658506, 'SHAPE_W': 145.3296010673901}. Best is trial 340 with value: 7.455.
[I 2026-07-18 23:09:35,069] Trial 457 finished with value: -13.535 and parameters: {'Q_INIT': 54, 'EPS_START': 0.8615606428718402, 'EPS_DECAY': 0.6254025134190633, 'GAMMA': 0.9379129162508756, 'ALPHA': 0.5359619073263393, 'SHAPE_W': 140.18115421081518}. Best is trial 340 with value: 7.455.
[I 2026-07-18 23:09:54,421] Trial 458 finished with value: -16.67 and parameters: {'Q_INIT': 50, 'EPS_START': 0.853934142768801, 'EPS_DECAY': 0.6385846742278077, 'GAMMA': 0.948823909224058, 'ALPHA': 0.527474547255871, 'SHAPE_W': 136.60847109987373}. Best is trial 340 with value: 7.455.
[I 2026-07-18 23:10:16,546] Trial 459 finished with value: -18.955 and parameters: {'Q_INIT': 52, 'EPS_START': 0.8668863406456168, 'EPS_DECAY': 0.603887131392888, 'GAMMA': 0.9281138891074573, 'ALPHA': 0.5342708263717975, 'SHAPE_W': 126.87993334610965}. Best is trial 340 with value: 7.455.
[I 2026-07-18 23:10:40,622] Trial 460 finished with value: -14.165 and parameters: {'Q_INIT': 56, 'EPS_START': 0.8742421267407247, 'EPS_DECAY': 0.5440558051474529, 'GAMMA': 0.902402726774394, 'ALPHA': 0.5187418187771279, 'SHAPE_W': 146.38358783755257}. Best is trial 340 with value: 7.455.
[I 2026-07-18 23:11:01,965] Trial 461 finished with value: -1.8 and parameters: {'Q_INIT': 50, 'EPS_START': 0.8573497933752031, 'EPS_DECAY': 0.5916089854600153, 'GAMMA': 0.9404820617162133, 'ALPHA': 0.5475245859158882, 'SHAPE_W': 142.8809276958472}. Best is trial 340 with value: 7.455.
[I 2026-07-18 23:11:25,752] Trial 462 finished with value: -21.82 and parameters: {'Q_INIT': 54, 'EPS_START': 0.8555590696806118, 'EPS_DECAY': 0.5888698676631708, 'GAMMA': 0.9182921898198595, 'ALPHA': 0.5633332773392127, 'SHAPE_W': 130.09402229247544}. Best is trial 340 with value: 7.455.
[I 2026-07-18 23:11:47,080] Trial 463 finished with value: -9.61 and parameters: {'Q_INIT': 52, 'EPS_START': 0.8584781444100941, 'EPS_DECAY': 0.571252037576655, 'GAMMA': 0.9535271943941538, 'ALPHA': 0.5546426100328167, 'SHAPE_W': 138.5037721471989}. Best is trial 340 with value: 7.455.
[I 2026-07-18 23:12:09,250] Trial 464 finished with value: -4.56 and parameters: {'Q_INIT': 50, 'EPS_START': 0.8522519875363584, 'EPS_DECAY': 0.5535811277236248, 'GAMMA': 0.9336603341976398, 'ALPHA': 0.5462949175159026, 'SHAPE_W': 141.93576552595886}. Best is trial 340 with value: 7.455.
[I 2026-07-18 23:12:30,789] Trial 465 finished with value: -5.71 and parameters: {'Q_INIT': 53, 'EPS_START': 0.8581204399073046, 'EPS_DECAY': 0.5611436163299942, 'GAMMA': 0.9469384542426732, 'ALPHA': 0.5420401070739683, 'SHAPE_W': 134.3919108440144}. Best is trial 340 with value: 7.455.
[I 2026-07-18 23:12:49,905] Trial 466 finished with value: -10.075 and parameters: {'Q_INIT': 56, 'EPS_START': 0.862198264596696, 'EPS_DECAY': 0.5875870356880546, 'GAMMA': 0.9585378476335186, 'ALPHA': 0.5112066863167412, 'SHAPE_W': 147.82886032312757}. Best is trial 340 with value: 7.455.
[I 2026-07-18 23:13:15,270] Trial 467 finished with value: -13.33 and parameters: {'Q_INIT': 52, 'EPS_START': 0.8656837983927652, 'EPS_DECAY': 0.5725631673786636, 'GAMMA': 0.9099837207799428, 'ALPHA': 0.5783026115197197, 'SHAPE_W': 140.9768277929421}. Best is trial 340 with value: 7.455.
[I 2026-07-18 23:13:32,718] Trial 468 finished with value: -51.275 and parameters: {'Q_INIT': 91, 'EPS_START': 0.8604888808353202, 'EPS_DECAY': 0.5382701649578837, 'GAMMA': 0.925751575912696, 'ALPHA': 0.551343477144577, 'SHAPE_W': 144.47236524088382}. Best is trial 340 with value: 7.455.
[I 2026-07-18 23:14:00,355] Trial 469 finished with value: -27.85 and parameters: {'Q_INIT': 50, 'EPS_START': 0.8628849021231736, 'EPS_DECAY': 0.5959430967957419, 'GAMMA': 0.8924465999928567, 'ALPHA': 0.600803953967668, 'SHAPE_W': 132.13548356669287}. Best is trial 340 with value: 7.455.
[I 2026-07-18 23:14:27,876] Trial 470 finished with value: -22.81 and parameters: {'Q_INIT': 54, 'EPS_START': 0.8517910493061528, 'EPS_DECAY': 0.5789677863944483, 'GAMMA': 0.8734112821591071, 'ALPHA': 0.5355780302784707, 'SHAPE_W': 136.26685842296885}. Best is trial 340 with value: 7.455.
[I 2026-07-18 23:14:41,784] Trial 471 finished with value: -53.005 and parameters: {'Q_INIT': 58, 'EPS_START': 0.8562387903701694, 'EPS_DECAY': 0.6202823811706476, 'GAMMA': 0.9385290114645639, 'ALPHA': 0.5167503859824405, 'SHAPE_W': 86.29827800348758}. Best is trial 340 with value: 7.455.
[I 2026-07-18 23:15:04,750] Trial 472 finished with value: -12.53 and parameters: {'Q_INIT': 52, 'EPS_START': 0.8686312757685337, 'EPS_DECAY': 0.5592777052207994, 'GAMMA': 0.945770957200531, 'ALPHA': 0.5673753418734367, 'SHAPE_W': 146.35462879248115}. Best is trial 340 with value: 7.455.
[I 2026-07-18 23:15:24,528] Trial 473 finished with value: 0.55 and parameters: {'Q_INIT': 50, 'EPS_START': 0.8660647717917705, 'EPS_DECAY': 0.5945400242065172, 'GAMMA': 0.9233673281102096, 'ALPHA': 0.5101948015303404, 'SHAPE_W': 143.43251459341928}. Best is trial 340 with value: 7.455.
[I 2026-07-18 23:15:38,084] Trial 474 finished with value: -94.225 and parameters: {'Q_INIT': 100, 'EPS_START': 0.870976661468561, 'EPS_DECAY': 0.5911705007166564, 'GAMMA': 0.917111696637959, 'ALPHA': 0.5103633564804867, 'SHAPE_W': 139.96341475628904}. Best is trial 340 with value: 7.455.
[I 2026-07-18 23:15:49,359] Trial 475 finished with value: -97.76 and parameters: {'Q_INIT': 110, 'EPS_START': 0.8779781107904341, 'EPS_DECAY': 0.598384625144863, 'GAMMA': 0.9266988179845341, 'ALPHA': 0.5238123465243981, 'SHAPE_W': 143.19956473805183}. Best is trial 340 with value: 7.455.
[I 2026-07-18 23:16:10,903] Trial 476 finished with value: -16.3 and parameters: {'Q_INIT': 54, 'EPS_START': 0.95325367979553, 'EPS_DECAY': 0.5745193742428251, 'GAMMA': 0.9335399134755074, 'ALPHA': 0.5078921715087085, 'SHAPE_W': 138.06184360204907}. Best is trial 340 with value: 7.455.
[I 2026-07-18 23:16:32,823] Trial 477 finished with value: -15.275 and parameters: {'Q_INIT': 52, 'EPS_START': 0.8674251221376466, 'EPS_DECAY': 0.5852778295137792, 'GAMMA': 0.9101642920040433, 'ALPHA': 0.5167017198519122, 'SHAPE_W': 140.42526105317035}. Best is trial 340 with value: 7.455.
[I 2026-07-18 23:16:51,742] Trial 478 finished with value: -26.265 and parameters: {'Q_INIT': 56, 'EPS_START': 0.8584831072471828, 'EPS_DECAY': 0.8882527013989941, 'GAMMA': 0.9280395815179672, 'ALPHA': 0.5087406857803897, 'SHAPE_W': 135.05605571764727}. Best is trial 340 with value: 7.455.
[I 2026-07-18 23:17:12,226] Trial 479 finished with value: -6.195 and parameters: {'Q_INIT': 50, 'EPS_START': 0.8639920387525386, 'EPS_DECAY': 0.5796675578457848, 'GAMMA': 0.9406763530274741, 'ALPHA': 0.524074474671635, 'SHAPE_W': 144.88186203790983}. Best is trial 340 with value: 7.455.
[I 2026-07-18 23:17:33,000] Trial 480 finished with value: -3.36 and parameters: {'Q_INIT': 54, 'EPS_START': 0.8723983788976202, 'EPS_DECAY': 0.5665114123592602, 'GAMMA': 0.9572114774029807, 'ALPHA': 0.5086232949521914, 'SHAPE_W': 141.60759009634648}. Best is trial 340 with value: 7.455.
[I 2026-07-18 23:17:55,086] Trial 481 finished with value: -9.725 and parameters: {'Q_INIT': 52, 'EPS_START': 0.8686308740203678, 'EPS_DECAY': 0.5921010344736171, 'GAMMA': 0.9203771888216726, 'ALPHA': 0.5274959618782268, 'SHAPE_W': 142.83269239927844}. Best is trial 340 with value: 7.455.
[I 2026-07-18 23:18:21,081] Trial 482 finished with value: -15.71 and parameters: {'Q_INIT': 50, 'EPS_START': 0.876673685035301, 'EPS_DECAY': 0.5469734872225842, 'GAMMA': 0.9044823012945898, 'ALPHA': 0.5169418071831191, 'SHAPE_W': 138.2961830466199}. Best is trial 340 with value: 7.455.
[I 2026-07-18 23:18:42,042] Trial 483 finished with value: -19.245 and parameters: {'Q_INIT': 60, 'EPS_START': 0.8604385033246738, 'EPS_DECAY': 0.6044002938730081, 'GAMMA': 0.9366014713965573, 'ALPHA': 0.5086071144801553, 'SHAPE_W': 133.35701171546202}. Best is trial 340 with value: 7.455.
[I 2026-07-18 23:19:01,988] Trial 484 finished with value: -8.685 and parameters: {'Q_INIT': 55, 'EPS_START': 0.8521312880084352, 'EPS_DECAY': 0.6099773775211319, 'GAMMA': 0.9474723707956648, 'ALPHA': 0.5001477359819438, 'SHAPE_W': 144.43508707293464}. Best is trial 340 with value: 7.455.
[I 2026-07-18 23:19:23,017] Trial 485 finished with value: -22.52 and parameters: {'Q_INIT': 52, 'EPS_START': 0.8646486627196567, 'EPS_DECAY': 0.583087071708427, 'GAMMA': 0.922381693576479, 'ALPHA': 0.5298837851016002, 'SHAPE_W': 129.09661315601375}. Best is trial 340 with value: 7.455.
[I 2026-07-18 23:19:48,146] Trial 486 finished with value: -38.885 and parameters: {'Q_INIT': 50, 'EPS_START': 0.8827725457490615, 'EPS_DECAY': 0.5377333370561649, 'GAMMA': 0.9349140085762359, 'ALPHA': 0.8701181069304712, 'SHAPE_W': 136.56223353104411}. Best is trial 340 with value: 7.455.
[I 2026-07-18 23:19:59,510] Trial 487 finished with value: -97.835 and parameters: {'Q_INIT': 116, 'EPS_START': 0.8705474898090758, 'EPS_DECAY': 0.5962484717387982, 'GAMMA': 0.9132480004566257, 'ALPHA': 0.5184995491223461, 'SHAPE_W': 148.670801049971}. Best is trial 340 with value: 7.455.
[I 2026-07-18 23:20:20,228] Trial 488 finished with value: -11.34 and parameters: {'Q_INIT': 53, 'EPS_START': 0.8581197626165209, 'EPS_DECAY': 0.5562136190247039, 'GAMMA': 0.9625018114552769, 'ALPHA': 0.5412214581764673, 'SHAPE_W': 142.40519722479578}. Best is trial 340 with value: 7.455.
[I 2026-07-18 23:20:30,856] Trial 489 finished with value: -94.44 and parameters: {'Q_INIT': 57, 'EPS_START': 0.9344093401979776, 'EPS_DECAY': 0.5659850241737612, 'GAMMA': 0.9523026973921037, 'ALPHA': 0.5162010349409578, 'SHAPE_W': 51.63140497412154}. Best is trial 340 with value: 7.455.
[I 2026-07-18 23:20:53,747] Trial 490 finished with value: -10.63 and parameters: {'Q_INIT': 52, 'EPS_START': 0.8663700376985327, 'EPS_DECAY': 0.6036819005478161, 'GAMMA': 0.9250533513199602, 'ALPHA': 0.5340414181796755, 'SHAPE_W': 146.1279978493632}. Best is trial 340 with value: 7.455.
[I 2026-07-18 23:21:26,349] Trial 491 finished with value: -24.55 and parameters: {'Q_INIT': 50, 'EPS_START': 0.8788164416222115, 'EPS_DECAY': 0.577548707184139, 'GAMMA': 0.8401548060898086, 'ALPHA': 0.5006962127191097, 'SHAPE_W': 140.85046799973276}. Best is trial 340 with value: 7.455.
[I 2026-07-18 23:22:01,108] Trial 492 finished with value: -54.015 and parameters: {'Q_INIT': 54, 'EPS_START': 0.8718053988971981, 'EPS_DECAY': 0.5912934176032522, 'GAMMA': 0.8218577742229621, 'ALPHA': 0.5226224941025387, 'SHAPE_W': 138.5273785913275}. Best is trial 340 with value: 7.455.
[I 2026-07-18 23:22:22,864] Trial 493 finished with value: -8.65 and parameters: {'Q_INIT': 52, 'EPS_START': 0.8637392769504628, 'EPS_DECAY': 0.5369658786658974, 'GAMMA': 0.9443920396537507, 'ALPHA': 0.5003607208416134, 'SHAPE_W': 131.77162136228733}. Best is trial 340 with value: 7.455.
[I 2026-07-18 23:22:44,585] Trial 494 finished with value: -6.665 and parameters: {'Q_INIT': 55, 'EPS_START': 0.8753331475554411, 'EPS_DECAY': 0.6146669461522134, 'GAMMA': 0.9338472255249809, 'ALPHA': 0.5107240289396694, 'SHAPE_W': 144.40980218316335}. Best is trial 340 with value: 7.455.
[I 2026-07-18 23:23:07,367] Trial 495 finished with value: 11.235 and parameters: {'Q_INIT': 50, 'EPS_START': 0.8564433735672271, 'EPS_DECAY': 0.55233807160974, 'GAMMA': 0.9062551076377132, 'ALPHA': 0.527195162509491, 'SHAPE_W': 148.04340080075454}. Best is trial 495 with value: 11.235.
[I 2026-07-18 23:23:35,686] Trial 496 finished with value: -31.94 and parameters: {'Q_INIT': 53, 'EPS_START': 0.852686812279673, 'EPS_DECAY': 0.5498037883623393, 'GAMMA': 0.9036657881628251, 'ALPHA': 0.9623153806788176, 'SHAPE_W': 148.63900632750483}. Best is trial 495 with value: 11.235.
[I 2026-07-18 23:24:01,498] Trial 497 finished with value: 1.735 and parameters: {'Q_INIT': 50, 'EPS_START': 0.8550874399271601, 'EPS_DECAY': 0.5582011817434043, 'GAMMA': 0.8944310324844554, 'ALPHA': 0.524975025100657, 'SHAPE_W': 149.71897778762485}. Best is trial 495 with value: 11.235.
[I 2026-07-18 23:24:25,852] Trial 498 finished with value: -4.085 and parameters: {'Q_INIT': 56, 'EPS_START': 0.8492242784093367, 'EPS_DECAY': 0.5550842879170024, 'GAMMA': 0.9139142071975657, 'ALPHA': 0.5239185852436609, 'SHAPE_W': 149.622978605286}. Best is trial 495 with value: 11.235.
[I 2026-07-18 23:24:49,488] Trial 499 finished with value: 1.295 and parameters: {'Q_INIT': 52, 'EPS_START': 0.855116021922576, 'EPS_DECAY': 0.5586380285795222, 'GAMMA': 0.8969334950844787, 'ALPHA': 0.5130028943696083, 'SHAPE_W': 148.42350970208832}. Best is trial 495 with value: 11.235.

=== double_q ===
best value : 11.235
best params: {'Q_INIT': 50, 'EPS_START': 0.8564433735672271, 'EPS_DECAY': 0.55233807160974, 'GAMMA': 0.9062551076377132, 'ALPHA': 0.527195162509491, 'SHAPE_W': 148.04340080075454}

saved -> tune_results.json
