[I 2026-07-19 00:01:50,690] Trial 76 finished with value: -16.714 and parameters: {'Q_INIT': 61, 'EPS_START': 0.9203762964208066, 'EPS_DECAY': 0.8681407637692026, 'GAMMA': 0.5724693427212499, 'ALPHA': 0.5853445441907951, 'N_STEP': 2}. Best is trial 62 with value: 15.716.
[I 2026-07-19 00:05:23,318] Trial 77 finished with value: -3.486 and parameters: {'Q_INIT': 53, 'EPS_START': 0.9110099686816596, 'EPS_DECAY': 0.8838078596796616, 'GAMMA': 0.6241742646302708, 'ALPHA': 0.5598778995335637, 'N_STEP': 3}. Best is trial 62 with value: 15.716.
[I 2026-07-19 00:08:22,910] Trial 78 finished with value: -3.5099999999999993 and parameters: {'Q_INIT': 57, 'EPS_START': 0.8874948584265838, 'EPS_DECAY': 0.7169600902837964, 'GAMMA': 0.5638682288118699, 'ALPHA': 0.5982135236384971, 'N_STEP': 2}. Best is trial 62 with value: 15.716.
[I 2026-07-19 00:10:59,721] Trial 79 finished with value: -17.232 and parameters: {'Q_INIT': 63, 'EPS_START': 0.8964127767741313, 'EPS_DECAY': 0.7792383323442513, 'GAMMA': 0.596495899767735, 'ALPHA': 0.5449736334601245, 'N_STEP': 2}. Best is trial 62 with value: 15.716.
[I 2026-07-19 00:14:18,120] Trial 80 finished with value: -9.415999999999999 and parameters: {'Q_INIT': 68, 'EPS_START': 0.9058232065087084, 'EPS_DECAY': 0.7559665456119091, 'GAMMA': 0.6468959143035261, 'ALPHA': 0.5679715639606849, 'N_STEP': 3}. Best is trial 62 with value: 15.716.
[I 2026-07-19 00:17:30,808] Trial 81 finished with value: 8.123999999999999 and parameters: {'Q_INIT': 50, 'EPS_START': 0.9156830384455091, 'EPS_DECAY': 0.8537519335190856, 'GAMMA': 0.5488892163881036, 'ALPHA': 0.5163395661749645, 'N_STEP': 2}. Best is trial 62 with value: 15.716.
[I 2026-07-19 00:20:22,025] Trial 82 finished with value: 11.136 and parameters: {'Q_INIT': 50, 'EPS_START': 0.8739177817611545, 'EPS_DECAY': 0.8295984080869292, 'GAMMA': 0.5816828554771084, 'ALPHA': 0.5299291253623565, 'N_STEP': 2}. Best is trial 62 with value: 15.716.
[I 2026-07-19 00:23:22,205] Trial 83 finished with value: 4.254 and parameters: {'Q_INIT': 53, 'EPS_START': 0.8629256345120355, 'EPS_DECAY': 0.7716295176500393, 'GAMMA': 0.5800422539057521, 'ALPHA': 0.5314577358998812, 'N_STEP': 2}. Best is trial 62 with value: 15.716.
[I 2026-07-19 00:25:30,673] Trial 84 finished with value: 22.144000000000002 and parameters: {'Q_INIT': 56, 'EPS_START': 0.8761380424917857, 'EPS_DECAY': 0.8077659274879818, 'GAMMA': 0.884338935988122, 'ALPHA': 0.5077387614944482, 'N_STEP': 2}. Best is trial 84 with value: 22.144000000000002.
[I 2026-07-19 00:27:25,328] Trial 85 finished with value: 30.836 and parameters: {'Q_INIT': 59, 'EPS_START': 0.8732184224139273, 'EPS_DECAY': 0.8061780426294449, 'GAMMA': 0.9458615279966545, 'ALPHA': 0.527230269291114, 'N_STEP': 2}. Best is trial 85 with value: 30.836.
[I 2026-07-19 00:29:13,159] Trial 86 finished with value: 32.714 and parameters: {'Q_INIT': 59, 'EPS_START': 0.8537655540868668, 'EPS_DECAY': 0.8043383886103912, 'GAMMA': 0.9693935823773858, 'ALPHA': 0.5434688683181244, 'N_STEP': 2}. Best is trial 86 with value: 32.714.
[I 2026-07-19 00:31:58,158] Trial 87 finished with value: 9.156 and parameters: {'Q_INIT': 58, 'EPS_START': 0.8551734414984021, 'EPS_DECAY': 0.8096579981726886, 'GAMMA': 0.9633184044071459, 'ALPHA': 0.5266903076909306, 'N_STEP': 3}. Best is trial 86 with value: 32.714.
[I 2026-07-19 00:33:52,996] Trial 88 finished with value: 2.637999999999999 and parameters: {'Q_INIT': 65, 'EPS_START': 0.8332238509485436, 'EPS_DECAY': 0.822050765796782, 'GAMMA': 0.8977544910156583, 'ALPHA': 0.5411825027485864, 'N_STEP': 2}. Best is trial 86 with value: 32.714.
[I 2026-07-19 00:36:21,449] Trial 89 finished with value: 8.303999999999998 and parameters: {'Q_INIT': 61, 'EPS_START': 0.8638039182253169, 'EPS_DECAY': 0.7408735977783777, 'GAMMA': 0.9657098102542938, 'ALPHA': 0.5270528932611246, 'N_STEP': 3}. Best is trial 86 with value: 32.714.
[I 2026-07-19 00:38:17,779] Trial 90 finished with value: 39.23 and parameters: {'Q_INIT': 56, 'EPS_START': 0.8739243051518121, 'EPS_DECAY': 0.8046227609918576, 'GAMMA': 0.9989883888712435, 'ALPHA': 0.5820922950961824, 'N_STEP': 2}. Best is trial 90 with value: 39.23.
[I 2026-07-19 00:39:40,348] Trial 91 finished with value: -85.63 and parameters: {'Q_INIT': 146, 'EPS_START': 0.873076141242472, 'EPS_DECAY': 0.8050336415051953, 'GAMMA': 0.9189731359959366, 'ALPHA': 0.5768099880839055, 'N_STEP': 2}. Best is trial 90 with value: 39.23.
[I 2026-07-19 00:41:21,129] Trial 92 finished with value: 32.212 and parameters: {'Q_INIT': 56, 'EPS_START': 0.8510933942152236, 'EPS_DECAY': 0.8209903266959411, 'GAMMA': 0.9962168236203902, 'ALPHA': 0.6460389842090268, 'N_STEP': 2}. Best is trial 90 with value: 39.23.
[I 2026-07-19 00:42:57,336] Trial 93 finished with value: 35.19 and parameters: {'Q_INIT': 56, 'EPS_START': 0.8464535079365045, 'EPS_DECAY': 0.8384644423095146, 'GAMMA': 0.9988664764187586, 'ALPHA': 0.6916025837545712, 'N_STEP': 2}. Best is trial 90 with value: 39.23.
[I 2026-07-19 00:44:32,297] Trial 94 finished with value: 34.92 and parameters: {'Q_INIT': 56, 'EPS_START': 0.818287825634518, 'EPS_DECAY': 0.8420400230866174, 'GAMMA': 0.9918821377014404, 'ALPHA': 0.7116421908079015, 'N_STEP': 2}. Best is trial 90 with value: 39.23.
[I 2026-07-19 00:46:05,759] Trial 95 finished with value: 31.289999999999996 and parameters: {'Q_INIT': 74, 'EPS_START': 0.8412949004072154, 'EPS_DECAY': 0.8371850451265116, 'GAMMA': 0.9880464078530022, 'ALPHA': 0.7066382837969566, 'N_STEP': 2}. Best is trial 90 with value: 39.23.
[I 2026-07-19 00:47:42,968] Trial 96 finished with value: 33.128 and parameters: {'Q_INIT': 92, 'EPS_START': 0.8411396086416958, 'EPS_DECAY': 0.8371439233734895, 'GAMMA': 0.998388927151007, 'ALPHA': 0.7227069159011349, 'N_STEP': 2}. Best is trial 90 with value: 39.23.
[I 2026-07-19 00:49:20,195] Trial 97 finished with value: 29.782000000000007 and parameters: {'Q_INIT': 87, 'EPS_START': 0.8189903182365509, 'EPS_DECAY': 0.8411312262234667, 'GAMMA': 0.9970855483291361, 'ALPHA': 0.6984091206564041, 'N_STEP': 2}. Best is trial 90 with value: 39.23.
[I 2026-07-19 00:50:45,312] Trial 98 finished with value: 30.024 and parameters: {'Q_INIT': 92, 'EPS_START': 0.811761705827869, 'EPS_DECAY': 0.8429071787670882, 'GAMMA': 0.9881274552605529, 'ALPHA': 0.7014068189462961, 'N_STEP': 2}. Best is trial 90 with value: 39.23.
[I 2026-07-19 00:52:46,471] Trial 99 finished with value: -2.555999999999999 and parameters: {'Q_INIT': 92, 'EPS_START': 0.8125846565508629, 'EPS_DECAY': 0.8412557666875377, 'GAMMA': 0.9995967474370856, 'ALPHA': 0.688086293004343, 'N_STEP': 3}. Best is trial 90 with value: 39.23.
[I 2026-07-19 00:54:12,802] Trial 100 finished with value: 26.317999999999998 and parameters: {'Q_INIT': 86, 'EPS_START': 0.8405552163164827, 'EPS_DECAY': 0.8828818764459738, 'GAMMA': 0.9836491002889547, 'ALPHA': 0.7323721205043825, 'N_STEP': 2}. Best is trial 90 with value: 39.23.
[I 2026-07-19 00:55:39,656] Trial 101 finished with value: 26.721999999999998 and parameters: {'Q_INIT': 86, 'EPS_START': 0.8393729802150307, 'EPS_DECAY': 0.8735684154747095, 'GAMMA': 0.984698511450836, 'ALPHA': 0.7241733442711658, 'N_STEP': 2}. Best is trial 90 with value: 39.23.
[I 2026-07-19 00:57:05,343] Trial 102 finished with value: 25.228 and parameters: {'Q_INIT': 99, 'EPS_START': 0.8335727760660833, 'EPS_DECAY': 0.9095785317104834, 'GAMMA': 0.9840340556761473, 'ALPHA': 0.6910277802252652, 'N_STEP': 2}. Best is trial 90 with value: 39.23.
[I 2026-07-19 00:58:25,220] Trial 103 finished with value: 0.5620000000000018 and parameters: {'Q_INIT': 89, 'EPS_START': 0.8206876375897272, 'EPS_DECAY': 0.8629776458172137, 'GAMMA': 0.9390738063354079, 'ALPHA': 0.7081068920875186, 'N_STEP': 2}. Best is trial 90 with value: 39.23.
[I 2026-07-19 00:59:48,607] Trial 104 finished with value: 34.782 and parameters: {'Q_INIT': 97, 'EPS_START': 0.8459659876162611, 'EPS_DECAY': 0.8200948766161255, 'GAMMA': 0.985499186552856, 'ALPHA': 0.6720036608425013, 'N_STEP': 2}. Best is trial 90 with value: 39.23.
[I 2026-07-19 01:01:07,173] Trial 105 finished with value: 12.401999999999997 and parameters: {'Q_INIT': 101, 'EPS_START': 0.8473427127503728, 'EPS_DECAY': 0.8369487935620505, 'GAMMA': 0.9606901939819051, 'ALPHA': 0.6639885735348406, 'N_STEP': 2}. Best is trial 90 with value: 39.23.
[I 2026-07-19 01:02:34,013] Trial 106 finished with value: -18.172000000000004 and parameters: {'Q_INIT': 106, 'EPS_START': 0.8147708442344528, 'EPS_DECAY': 0.8171873729836651, 'GAMMA': 0.9751317918458511, 'ALPHA': 0.7544437324896855, 'N_STEP': 2}. Best is trial 90 with value: 39.23.
[I 2026-07-19 01:03:52,502] Trial 107 finished with value: 1.9359999999999997 and parameters: {'Q_INIT': 95, 'EPS_START': 0.8295668507831072, 'EPS_DECAY': 0.8554720655408057, 'GAMMA': 0.9507720826628534, 'ALPHA': 0.6715987977480318, 'N_STEP': 2}. Best is trial 90 with value: 39.23.
[I 2026-07-19 01:05:23,917] Trial 108 finished with value: 5.969999999999999 and parameters: {'Q_INIT': 74, 'EPS_START': 0.8048642044709631, 'EPS_DECAY': 0.8438550368053139, 'GAMMA': 0.9225732439912, 'ALPHA': 0.6988207832031164, 'N_STEP': 2}. Best is trial 90 with value: 39.23.
[I 2026-07-19 01:07:25,883] Trial 109 finished with value: 0.1719999999999989 and parameters: {'Q_INIT': 89, 'EPS_START': 0.854134513700592, 'EPS_DECAY': 0.828731234906759, 'GAMMA': 0.9923079004857666, 'ALPHA': 0.6749534011556497, 'N_STEP': 3}. Best is trial 90 with value: 39.23.
[I 2026-07-19 01:09:00,271] Trial 110 finished with value: 31.72 and parameters: {'Q_INIT': 80, 'EPS_START': 0.8241171494652986, 'EPS_DECAY': 0.8154711257248188, 'GAMMA': 0.9712873990489173, 'ALPHA': 0.6465828461800808, 'N_STEP': 2}. Best is trial 90 with value: 39.23.
[I 2026-07-19 01:10:34,580] Trial 111 finished with value: 34.816 and parameters: {'Q_INIT': 79, 'EPS_START': 0.8441358534866806, 'EPS_DECAY': 0.8209224745472707, 'GAMMA': 0.974908419766423, 'ALPHA': 0.6479112437436261, 'N_STEP': 2}. Best is trial 90 with value: 39.23.
[I 2026-07-19 01:12:43,209] Trial 112 finished with value: -28.868000000000002 and parameters: {'Q_INIT': 79, 'EPS_START': 0.8454633259441765, 'EPS_DECAY': 0.815853166740136, 'GAMMA': 0.9734957876278644, 'ALPHA': 0.6453885088214681, 'N_STEP': 7}. Best is trial 90 with value: 39.23.
[I 2026-07-19 01:14:13,528] Trial 113 finished with value: 17.1 and parameters: {'Q_INIT': 82, 'EPS_START': 0.8353613311363735, 'EPS_DECAY': 0.8242507833382807, 'GAMMA': 0.9500392693614389, 'ALPHA': 0.6372671540464414, 'N_STEP': 2}. Best is trial 90 with value: 39.23.
[I 2026-07-19 01:15:36,208] Trial 114 finished with value: 16.15 and parameters: {'Q_INIT': 103, 'EPS_START': 0.8241079225065149, 'EPS_DECAY': 0.8038058125851753, 'GAMMA': 0.9737852482379266, 'ALPHA': 0.6571068902281093, 'N_STEP': 2}. Best is trial 90 with value: 39.23.
[I 2026-07-19 01:16:57,178] Trial 115 finished with value: 9.328 and parameters: {'Q_INIT': 83, 'EPS_START': 0.8511001075229871, 'EPS_DECAY': 0.8539608820285923, 'GAMMA': 0.9348939252988898, 'ALPHA': 0.7460089690924971, 'N_STEP': 2}. Best is trial 90 with value: 39.23.
[I 2026-07-19 01:18:26,697] Trial 116 finished with value: 29.695999999999998 and parameters: {'Q_INIT': 73, 'EPS_START': 0.8291760844889807, 'EPS_DECAY': 0.81568860494695, 'GAMMA': 0.9861366743341533, 'ALPHA': 0.7166171858827032, 'N_STEP': 2}. Best is trial 90 with value: 39.23.
[I 2026-07-19 01:19:58,205] Trial 117 finished with value: 16.502 and parameters: {'Q_INIT': 79, 'EPS_START': 0.8433269233947597, 'EPS_DECAY': 0.8281947644708941, 'GAMMA': 0.9587441724952401, 'ALPHA': 0.6769185933920201, 'N_STEP': 2}. Best is trial 90 with value: 39.23.
[I 2026-07-19 01:21:23,641] Trial 118 finished with value: -26.983999999999995 and parameters: {'Q_INIT': 114, 'EPS_START': 0.810885647977886, 'EPS_DECAY': 0.783291437814454, 'GAMMA': 0.9726801526809543, 'ALPHA': 0.6323740755690972, 'N_STEP': 2}. Best is trial 90 with value: 39.23.
[I 2026-07-19 01:23:00,454] Trial 119 finished with value: 17.889999999999997 and parameters: {'Q_INIT': 70, 'EPS_START': 0.8629839744857218, 'EPS_DECAY': 0.833092731866651, 'GAMMA': 0.944334144749609, 'ALPHA': 0.7613203480763292, 'N_STEP': 2}. Best is trial 90 with value: 39.23.
[I 2026-07-19 01:24:20,407] Trial 120 finished with value: -41.428000000000004 and parameters: {'Q_INIT': 93, 'EPS_START': 0.8354659477699329, 'EPS_DECAY': 0.850154938166921, 'GAMMA': 0.923774035867112, 'ALPHA': 0.6595818358928489, 'N_STEP': 2}. Best is trial 90 with value: 39.23.
[I 2026-07-19 01:25:54,322] Trial 121 finished with value: 31.620000000000005 and parameters: {'Q_INIT': 90, 'EPS_START': 0.8176521199377718, 'EPS_DECAY': 0.8384104694327603, 'GAMMA': 0.9983812660309592, 'ALPHA': 0.7001299022294702, 'N_STEP': 2}. Best is trial 90 with value: 39.23.
[I 2026-07-19 01:27:23,559] Trial 122 finished with value: 29.78 and parameters: {'Q_INIT': 91, 'EPS_START': 0.8493555163831789, 'EPS_DECAY': 0.8015554976412931, 'GAMMA': 0.988974256082448, 'ALPHA': 0.7095066481782402, 'N_STEP': 2}. Best is trial 90 with value: 39.23.
[I 2026-07-19 01:28:55,313] Trial 123 finished with value: 32.668 and parameters: {'Q_INIT': 95, 'EPS_START': 0.8081423689271562, 'EPS_DECAY': 0.8391835780139474, 'GAMMA': 0.9985800415886962, 'ALPHA': 0.736057155901348, 'N_STEP': 2}. Best is trial 90 with value: 39.23.
[I 2026-07-19 01:30:31,141] Trial 124 finished with value: 34.052 and parameters: {'Q_INIT': 98, 'EPS_START': 0.8055635256814947, 'EPS_DECAY': 0.8647800897231123, 'GAMMA': 0.9974193740115916, 'ALPHA': 0.7252052954633994, 'N_STEP': 2}. Best is trial 90 with value: 39.23.
[I 2026-07-19 01:32:07,204] Trial 125 finished with value: 33.09600000000001 and parameters: {'Q_INIT': 95, 'EPS_START': 0.8073997719113055, 'EPS_DECAY': 0.8835747466385486, 'GAMMA': 0.9999283491719011, 'ALPHA': 0.7271100398500044, 'N_STEP': 2}. Best is trial 90 with value: 39.23.
[I 2026-07-19 01:33:41,359] Trial 126 finished with value: 33.534 and parameters: {'Q_INIT': 96, 'EPS_START': 0.8003458658825204, 'EPS_DECAY': 0.8619741817553933, 'GAMMA': 0.9995975533948576, 'ALPHA': 0.788200338900557, 'N_STEP': 2}. Best is trial 90 with value: 39.23.
[I 2026-07-19 01:35:02,064] Trial 127 finished with value: 13.584000000000001 and parameters: {'Q_INIT': 97, 'EPS_START': 0.8076596150131266, 'EPS_DECAY': 0.893636871232953, 'GAMMA': 0.9697810861813341, 'ALPHA': 0.7805198918039212, 'N_STEP': 2}. Best is trial 90 with value: 39.23.
[I 2026-07-19 01:36:29,514] Trial 128 finished with value: 17.728000000000005 and parameters: {'Q_INIT': 95, 'EPS_START': 0.8021785659235091, 'EPS_DECAY': 0.8630226045012839, 'GAMMA': 0.979843755562873, 'ALPHA': 0.7279272206911067, 'N_STEP': 2}. Best is trial 90 with value: 39.23.
[I 2026-07-19 01:38:42,313] Trial 129 finished with value: -4.4780000000000015 and parameters: {'Q_INIT': 105, 'EPS_START': 0.8052912604745994, 'EPS_DECAY': 0.8795599698508737, 'GAMMA': 0.956269742256612, 'ALPHA': 0.7872952710235027, 'N_STEP': 3}. Best is trial 90 with value: 39.23.
[I 2026-07-19 01:40:02,728] Trial 130 finished with value: 20.134 and parameters: {'Q_INIT': 99, 'EPS_START': 0.8013832150727015, 'EPS_DECAY': 0.8698433419060241, 'GAMMA': 0.9673015733715123, 'ALPHA': 0.7424308896184213, 'N_STEP': 2}. Best is trial 90 with value: 39.23.
[I 2026-07-19 01:41:37,152] Trial 131 finished with value: 33.58 and parameters: {'Q_INIT': 97, 'EPS_START': 0.8175956515883697, 'EPS_DECAY': 0.8894298877026022, 'GAMMA': 0.9985861087382157, 'ALPHA': 0.7191076258167204, 'N_STEP': 2}. Best is trial 90 with value: 39.23.
[I 2026-07-19 01:43:19,585] Trial 132 finished with value: 32.018 and parameters: {'Q_INIT': 96, 'EPS_START': 0.8238873479665392, 'EPS_DECAY': 0.903101197806279, 'GAMMA': 0.9995334741128035, 'ALPHA': 0.7173839829091884, 'N_STEP': 2}. Best is trial 90 with value: 39.23.
[I 2026-07-19 01:44:44,492] Trial 133 finished with value: 30.382 and parameters: {'Q_INIT': 98, 'EPS_START': 0.8095786644512962, 'EPS_DECAY': 0.9169066386946442, 'GAMMA': 0.9930557273794234, 'ALPHA': 0.7189195010264431, 'N_STEP': 2}. Best is trial 90 with value: 39.23.
[I 2026-07-19 01:46:18,438] Trial 134 finished with value: 14.01 and parameters: {'Q_INIT': 110, 'EPS_START': 0.8166088688063304, 'EPS_DECAY': 0.9504761347981051, 'GAMMA': 0.996670248927187, 'ALPHA': 0.762053772480256, 'N_STEP': 2}. Best is trial 90 with value: 39.23.
[I 2026-07-19 01:48:37,672] Trial 135 finished with value: -22.062 and parameters: {'Q_INIT': 102, 'EPS_START': 0.82072788071273, 'EPS_DECAY': 0.9259743361442346, 'GAMMA': 0.9797270235831337, 'ALPHA': 0.7327611303019991, 'N_STEP': 5}. Best is trial 90 with value: 39.23.
[I 2026-07-19 01:50:13,597] Trial 136 finished with value: 34.26 and parameters: {'Q_INIT': 95, 'EPS_START': 0.8079393679925058, 'EPS_DECAY': 0.8968855921603587, 'GAMMA': 0.9991252047917967, 'ALPHA': 0.6840191841034647, 'N_STEP': 2}. Best is trial 90 with value: 39.23.
[I 2026-07-19 01:51:45,596] Trial 137 finished with value: 21.561999999999998 and parameters: {'Q_INIT': 100, 'EPS_START': 0.8002954039100072, 'EPS_DECAY': 0.8855932589910621, 'GAMMA': 0.9813941276633158, 'ALPHA': 0.680238730084451, 'N_STEP': 2}. Best is trial 90 with value: 39.23.
[I 2026-07-19 01:53:04,315] Trial 138 finished with value: 12.101999999999999 and parameters: {'Q_INIT': 95, 'EPS_START': 0.8070824202164375, 'EPS_DECAY': 0.8954668282441623, 'GAMMA': 0.9549994415216176, 'ALPHA': 0.6928035316121004, 'N_STEP': 2}. Best is trial 90 with value: 39.23.
[I 2026-07-19 01:54:39,706] Trial 139 finished with value: 35.082 and parameters: {'Q_INIT': 97, 'EPS_START': 0.8141421026263782, 'EPS_DECAY': 0.8574250121385716, 'GAMMA': 0.9988310171927162, 'ALPHA': 0.7519482721415017, 'N_STEP': 2}. Best is trial 90 with value: 39.23.
[I 2026-07-19 01:56:02,381] Trial 140 finished with value: 11.846000000000002 and parameters: {'Q_INIT': 94, 'EPS_START': 0.8145330945704135, 'EPS_DECAY': 0.8637108991499609, 'GAMMA': 0.9631243128232648, 'ALPHA': 0.7353104053456601, 'N_STEP': 2}. Best is trial 90 with value: 39.23.
[I 2026-07-19 01:57:27,068] Trial 141 finished with value: 27.528 and parameters: {'Q_INIT': 104, 'EPS_START': 0.8095743449596191, 'EPS_DECAY': 0.877571663840678, 'GAMMA': 0.9888732057346078, 'ALPHA': 0.7678993266158354, 'N_STEP': 2}. Best is trial 90 with value: 39.23.
[I 2026-07-19 01:58:58,778] Trial 142 finished with value: 30.325999999999993 and parameters: {'Q_INIT': 100, 'EPS_START': 0.8054489157066534, 'EPS_DECAY': 0.8893741879526641, 'GAMMA': 0.9993351319436865, 'ALPHA': 0.7550933263261255, 'N_STEP': 2}. Best is trial 90 with value: 39.23.
[I 2026-07-19 02:00:19,186] Trial 143 finished with value: 21.055999999999997 and parameters: {'Q_INIT': 98, 'EPS_START': 0.8571300272475467, 'EPS_DECAY': 0.9017571045497608, 'GAMMA': 0.9783120123629075, 'ALPHA': 0.7882743020593636, 'N_STEP': 2}. Best is trial 90 with value: 39.23.
[I 2026-07-19 02:01:52,832] Trial 144 finished with value: 33.278 and parameters: {'Q_INIT': 97, 'EPS_START': 0.82782986722995, 'EPS_DECAY': 0.8549163813406614, 'GAMMA': 0.9995324377410096, 'ALPHA': 0.7429118370980194, 'N_STEP': 2}. Best is trial 90 with value: 39.23.
[I 2026-07-19 02:03:12,404] Trial 145 finished with value: 20.464 and parameters: {'Q_INIT': 97, 'EPS_START': 0.8291670294737333, 'EPS_DECAY': 0.8560942722996616, 'GAMMA': 0.9797811610580011, 'ALPHA': 0.7424194723894488, 'N_STEP': 2}. Best is trial 90 with value: 39.23.
[I 2026-07-19 02:04:37,980] Trial 146 finished with value: 0.9819999999999997 and parameters: {'Q_INIT': 109, 'EPS_START': 0.8150072425777414, 'EPS_DECAY': 0.8700309953619171, 'GAMMA': 0.9885880671002605, 'ALPHA': 0.811866499880193, 'N_STEP': 2}. Best is trial 90 with value: 39.23.
[I 2026-07-19 02:05:58,573] Trial 147 finished with value: 17.262000000000004 and parameters: {'Q_INIT': 88, 'EPS_START': 0.8233250003576857, 'EPS_DECAY': 0.8567687456132945, 'GAMMA': 0.9664779117476123, 'ALPHA': 0.7478546639595894, 'N_STEP': 2}. Best is trial 90 with value: 39.23.
[I 2026-07-19 02:07:31,340] Trial 148 finished with value: 33.63400000000001 and parameters: {'Q_INIT': 93, 'EPS_START': 0.8372988724395397, 'EPS_DECAY': 0.8459115468366358, 'GAMMA': 0.999618431611762, 'ALPHA': 0.7291704150897103, 'N_STEP': 2}. Best is trial 90 with value: 39.23.
[I 2026-07-19 02:09:01,248] Trial 149 finished with value: 25.912000000000003 and parameters: {'Q_INIT': 93, 'EPS_START': 0.8441568625198275, 'EPS_DECAY': 0.8486329316768274, 'GAMMA': 0.9779403488224886, 'ALPHA': 0.6868077814504719, 'N_STEP': 2}. Best is trial 90 with value: 39.23.

=== n_step_sarsa ===
best value : 39.23
best params: {'Q_INIT': 56, 'EPS_START': 0.8739243051518121, 'EPS_DECAY': 0.8046227609918576, 'GAMMA': 0.9989883888712435, 'ALPHA': 0.5820922950961824, 'N_STEP': 2}
