nohup: Eingabe wird ignoriert
[I 2026-07-18 20:12:00,300] A new study created in RDB with name: double_q
[I 2026-07-18 20:12:10,568] Trial 0 finished with value: -98.945 and parameters: {'Q_INIT': 137, 'EPS_START': 0.8070353507720359, 'EPS_DECAY': 0.8460410150942654, 'GAMMA': 0.9253253359796911, 'ALPHA': 0.9304834187834725, 'SHAPE_W': 125.47896387095054}. Best is trial 0 with value: -98.945.
[I 2026-07-18 20:12:30,852] Trial 1 finished with value: -84.385 and parameters: {'Q_INIT': 50, 'EPS_START': 0.8448702292646143, 'EPS_DECAY': 0.703232929505259, 'GAMMA': 0.8173560431131075, 'ALPHA': 0.5989646035584579, 'SHAPE_W': 82.02545547691237}. Best is trial 1 with value: -84.385.
[I 2026-07-18 20:12:41,587] Trial 2 finished with value: -99.425 and parameters: {'Q_INIT': 102, 'EPS_START': 0.9267718106106428, 'EPS_DECAY': 0.5215870874869935, 'GAMMA': 0.8826714824481053, 'ALPHA': 0.8838790660612126, 'SHAPE_W': 90.838789222817}. Best is trial 1 with value: -84.385.
[I 2026-07-18 20:12:52,369] Trial 3 finished with value: -99.655 and parameters: {'Q_INIT': 147, 'EPS_START': 0.9321109890076933, 'EPS_DECAY': 0.5897529748157794, 'GAMMA': 0.5425668229772327, 'ALPHA': 0.6495334137739127, 'SHAPE_W': 97.59760852801512}. Best is trial 1 with value: -84.385.
[I 2026-07-18 20:13:02,416] Trial 4 finished with value: -97.705 and parameters: {'Q_INIT': 142, 'EPS_START': 0.8695221035192557, 'EPS_DECAY': 0.5865596297638946, 'GAMMA': 0.9650777790829361, 'ALPHA': 0.7125491326387692, 'SHAPE_W': 116.92165807708197}. Best is trial 1 with value: -84.385.
[I 2026-07-18 20:13:13,816] Trial 5 finished with value: -98.445 and parameters: {'Q_INIT': 104, 'EPS_START': 0.867370135513369, 'EPS_DECAY': 0.8694343243208051, 'GAMMA': 0.8264207952996089, 'ALPHA': 0.8348702018066656, 'SHAPE_W': 133.48568415100556}. Best is trial 1 with value: -84.385.
[I 2026-07-18 20:13:24,550] Trial 6 finished with value: -98.605 and parameters: {'Q_INIT': 143, 'EPS_START': 0.8992798667802389, 'EPS_DECAY': 0.6557314788780259, 'GAMMA': 0.9210307924983415, 'ALPHA': 0.9460065041621646, 'SHAPE_W': 86.59911813196516}. Best is trial 1 with value: -84.385.
[I 2026-07-18 20:13:34,844] Trial 7 finished with value: -99.41 and parameters: {'Q_INIT': 99, 'EPS_START': 0.8116260213805188, 'EPS_DECAY': 0.7826458428514168, 'GAMMA': 0.903548010155296, 'ALPHA': 0.5903141924521166, 'SHAPE_W': 110.36663872722357}. Best is trial 1 with value: -84.385.
[I 2026-07-18 20:13:47,405] Trial 8 finished with value: -98.61 and parameters: {'Q_INIT': 106, 'EPS_START': 0.8037134610812955, 'EPS_DECAY': 0.7948343543517196, 'GAMMA': 0.6907994557025496, 'ALPHA': 0.8542700210151642, 'SHAPE_W': 79.09638128893324}. Best is trial 1 with value: -84.385.
[I 2026-07-18 20:13:59,525] Trial 9 finished with value: -99.225 and parameters: {'Q_INIT': 92, 'EPS_START': 0.9510504835372894, 'EPS_DECAY': 0.6163545328654102, 'GAMMA': 0.7283005999419283, 'ALPHA': 0.838557169126694, 'SHAPE_W': 80.73985907787193}. Best is trial 1 with value: -84.385.
[I 2026-07-18 20:14:12,362] Trial 10 finished with value: -99.07 and parameters: {'Q_INIT': 51, 'EPS_START': 0.9941174954332973, 'EPS_DECAY': 0.935844914512334, 'GAMMA': 0.5379732627047082, 'ALPHA': 0.5232887780964294, 'SHAPE_W': 54.660808500820835}. Best is trial 1 with value: -84.385.
[I 2026-07-18 20:14:29,081] Trial 11 finished with value: -34.005 and parameters: {'Q_INIT': 57, 'EPS_START': 0.8603589631201037, 'EPS_DECAY': 0.713035910600864, 'GAMMA': 0.9891254219976511, 'ALPHA': 0.7209013391803035, 'SHAPE_W': 147.32337762622797}. Best is trial 11 with value: -34.005.
[I 2026-07-18 20:15:12,989] Trial 12 finished with value: -41.955 and parameters: {'Q_INIT': 52, 'EPS_START': 0.8531596744908782, 'EPS_DECAY': 0.7082441633040838, 'GAMMA': 0.7913958450537857, 'ALPHA': 0.7079872505030196, 'SHAPE_W': 144.4559436830665}. Best is trial 11 with value: -34.005.
[I 2026-07-18 20:15:52,131] Trial 13 finished with value: -54.145 and parameters: {'Q_INIT': 68, 'EPS_START': 0.8490496855418713, 'EPS_DECAY': 0.7283155599409299, 'GAMMA': 0.6835983868080417, 'ALPHA': 0.7522622000179238, 'SHAPE_W': 145.56676062482435}. Best is trial 11 with value: -34.005.
[I 2026-07-18 20:16:07,749] Trial 14 finished with value: -49.42 and parameters: {'Q_INIT': 71, 'EPS_START': 0.8861237883706276, 'EPS_DECAY': 0.7201541071501525, 'GAMMA': 0.9915517901097796, 'ALPHA': 0.7553353218261554, 'SHAPE_W': 148.590289854654}. Best is trial 11 with value: -34.005.
[I 2026-07-18 20:16:40,113] Trial 15 finished with value: -65.095 and parameters: {'Q_INIT': 67, 'EPS_START': 0.8353652757965082, 'EPS_DECAY': 0.6603444491573763, 'GAMMA': 0.7848269858254224, 'ALPHA': 0.69941312918502, 'SHAPE_W': 137.2756051204162}. Best is trial 11 with value: -34.005.
[I 2026-07-18 20:16:52,325] Trial 16 finished with value: -97.5 and parameters: {'Q_INIT': 81, 'EPS_START': 0.8946760893883459, 'EPS_DECAY': 0.9896827050320414, 'GAMMA': 0.644738283704243, 'ALPHA': 0.7896988571264226, 'SHAPE_W': 133.23265737555994}. Best is trial 11 with value: -34.005.
[I 2026-07-18 20:17:24,520] Trial 17 finished with value: -40.69 and parameters: {'Q_INIT': 59, 'EPS_START': 0.8323119981702859, 'EPS_DECAY': 0.7828737334242287, 'GAMMA': 0.8565820024362057, 'ALPHA': 0.6643973862184568, 'SHAPE_W': 148.51608099168078}. Best is trial 11 with value: -34.005.
[I 2026-07-18 20:17:50,902] Trial 18 finished with value: -73.665 and parameters: {'Q_INIT': 61, 'EPS_START': 0.8279226598995987, 'EPS_DECAY': 0.7833573691951818, 'GAMMA': 0.8596931650167674, 'ALPHA': 0.6502550183131149, 'SHAPE_W': 122.06819245147234}. Best is trial 11 with value: -34.005.
[I 2026-07-18 20:18:00,141] Trial 19 finished with value: -50.965 and parameters: {'Q_INIT': 83, 'EPS_START': 0.8700992947956542, 'EPS_DECAY': 0.8497630124688754, 'GAMMA': 0.9956198343577314, 'ALPHA': 0.9969321136577571, 'SHAPE_W': 149.22567792319552}. Best is trial 11 with value: -34.005.
[I 2026-07-18 20:18:10,251] Trial 20 finished with value: -99.515 and parameters: {'Q_INIT': 124, 'EPS_START': 0.822939396021854, 'EPS_DECAY': 0.9087383107308435, 'GAMMA': 0.9381990520205452, 'ALPHA': 0.5520291230614682, 'SHAPE_W': 107.48931793189678}. Best is trial 11 with value: -34.005.
[I 2026-07-18 20:18:50,261] Trial 21 finished with value: -52.605 and parameters: {'Q_INIT': 58, 'EPS_START': 0.854236601449603, 'EPS_DECAY': 0.7420526532321207, 'GAMMA': 0.7690540263767051, 'ALPHA': 0.6704090530659612, 'SHAPE_W': 139.6204515108589}. Best is trial 11 with value: -34.005.
[I 2026-07-18 20:19:12,406] Trial 22 finished with value: -80.71 and parameters: {'Q_INIT': 78, 'EPS_START': 0.8596602423462353, 'EPS_DECAY': 0.6890193371074945, 'GAMMA': 0.8474861822636017, 'ALPHA': 0.7246211905039469, 'SHAPE_W': 127.65000846288025}. Best is trial 11 with value: -34.005.
[I 2026-07-18 20:19:51,202] Trial 23 finished with value: -53.135 and parameters: {'Q_INIT': 58, 'EPS_START': 0.8328899984335307, 'EPS_DECAY': 0.7680149393620451, 'GAMMA': 0.7758837749650807, 'ALPHA': 0.7886848425194547, 'SHAPE_W': 142.6080720470095}. Best is trial 11 with value: -34.005.
[I 2026-07-18 20:20:27,305] Trial 24 finished with value: -57.615 and parameters: {'Q_INIT': 61, 'EPS_START': 0.8874929805416417, 'EPS_DECAY': 0.8088733033321468, 'GAMMA': 0.7360158250219957, 'ALPHA': 0.6087033969660877, 'SHAPE_W': 132.9222083599831}. Best is trial 11 with value: -34.005.
[I 2026-07-18 20:21:20,302] Trial 25 finished with value: -27.895 and parameters: {'Q_INIT': 50, 'EPS_START': 0.9125539452213861, 'EPS_DECAY': 0.654636494714768, 'GAMMA': 0.5901108783679261, 'ALPHA': 0.6791141259185921, 'SHAPE_W': 149.4357179009574}. Best is trial 25 with value: -27.895.
[I 2026-07-18 20:22:00,199] Trial 26 finished with value: -55.185 and parameters: {'Q_INIT': 73, 'EPS_START': 0.9201248483680665, 'EPS_DECAY': 0.5258450048423087, 'GAMMA': 0.5856267748696635, 'ALPHA': 0.6435732839064314, 'SHAPE_W': 140.42970234438295}. Best is trial 25 with value: -27.895.
[I 2026-07-18 20:22:48,332] Trial 27 finished with value: -40.39 and parameters: {'Q_INIT': 63, 'EPS_START': 0.9560929469947543, 'EPS_DECAY': 0.6494650061835847, 'GAMMA': 0.6094149602815806, 'ALPHA': 0.6839530952325199, 'SHAPE_W': 149.88429737800536}. Best is trial 25 with value: -27.895.
[I 2026-07-18 20:23:11,848] Trial 28 finished with value: -82.2 and parameters: {'Q_INIT': 87, 'EPS_START': 0.9836661451570733, 'EPS_DECAY': 0.6335886608338396, 'GAMMA': 0.6005763208153083, 'ALPHA': 0.7727699551355782, 'SHAPE_W': 129.61080949369713}. Best is trial 25 with value: -27.895.
[I 2026-07-18 20:23:56,853] Trial 29 finished with value: -47.0 and parameters: {'Q_INIT': 65, 'EPS_START': 0.9678792945925642, 'EPS_DECAY': 0.5575540222914473, 'GAMMA': 0.5923547132396081, 'ALPHA': 0.5623927383944108, 'SHAPE_W': 140.12326806931458}. Best is trial 25 with value: -27.895.
[I 2026-07-18 20:24:29,886] Trial 30 finished with value: -66.23 and parameters: {'Q_INIT': 76, 'EPS_START': 0.948373255187937, 'EPS_DECAY': 0.6696584051758381, 'GAMMA': 0.5116177224256977, 'ALPHA': 0.68728659218047, 'SHAPE_W': 127.6751606043606}. Best is trial 25 with value: -27.895.
[I 2026-07-18 20:25:18,635] Trial 31 finished with value: -39.565 and parameters: {'Q_INIT': 55, 'EPS_START': 0.9441843031127131, 'EPS_DECAY': 0.7517598632080805, 'GAMMA': 0.6563818428474884, 'ALPHA': 0.6256844755696193, 'SHAPE_W': 147.62014151107948}. Best is trial 25 with value: -27.895.
[I 2026-07-18 20:26:06,845] Trial 32 finished with value: -40.97 and parameters: {'Q_INIT': 50, 'EPS_START': 0.9576646304656959, 'EPS_DECAY': 0.6218656219953373, 'GAMMA': 0.6372439342609193, 'ALPHA': 0.630067290940942, 'SHAPE_W': 121.19054302619156}. Best is trial 25 with value: -27.895.
[I 2026-07-18 20:26:55,481] Trial 33 finished with value: -41.265 and parameters: {'Q_INIT': 55, 'EPS_START': 0.9372516007760084, 'EPS_DECAY': 0.683821260465821, 'GAMMA': 0.6345326963451665, 'ALPHA': 0.6118911786428638, 'SHAPE_W': 138.61386022515575}. Best is trial 25 with value: -27.895.
[I 2026-07-18 20:27:43,259] Trial 34 finished with value: -42.695 and parameters: {'Q_INIT': 66, 'EPS_START': 0.91052831237044, 'EPS_DECAY': 0.748469180081208, 'GAMMA': 0.5611958637971544, 'ALPHA': 0.7352389536704158, 'SHAPE_W': 148.23367028933293}. Best is trial 25 with value: -27.895.
[I 2026-07-18 20:28:31,496] Trial 35 finished with value: -40.51 and parameters: {'Q_INIT': 50, 'EPS_START': 0.9738283028923737, 'EPS_DECAY': 0.578818335448822, 'GAMMA': 0.6882959448554709, 'ALPHA': 0.5810947274220702, 'SHAPE_W': 135.97352096915478}. Best is trial 25 with value: -27.895.
[I 2026-07-18 20:29:20,405] Trial 36 finished with value: -40.33 and parameters: {'Q_INIT': 62, 'EPS_START': 0.9189250993386786, 'EPS_DECAY': 0.7009324748008275, 'GAMMA': 0.5024131739112521, 'ALPHA': 0.5050664946979646, 'SHAPE_W': 143.32469165574352}. Best is trial 25 with value: -27.895.
[I 2026-07-18 20:30:02,696] Trial 37 finished with value: -53.785 and parameters: {'Q_INIT': 72, 'EPS_START': 0.9144372422214678, 'EPS_DECAY': 0.8278717527985141, 'GAMMA': 0.5083173826695631, 'ALPHA': 0.5060664421942257, 'SHAPE_W': 143.01083458933064}. Best is trial 25 with value: -27.895.
[I 2026-07-18 20:30:47,990] Trial 38 finished with value: -46.5 and parameters: {'Q_INIT': 55, 'EPS_START': 0.930314579601544, 'EPS_DECAY': 0.6981509434512934, 'GAMMA': 0.5733060429227435, 'ALPHA': 0.5379047262147181, 'SHAPE_W': 114.58690774764295}. Best is trial 25 with value: -27.895.
[I 2026-07-18 20:31:35,522] Trial 39 finished with value: -43.565 and parameters: {'Q_INIT': 56, 'EPS_START': 0.9049090232594286, 'EPS_DECAY': 0.7592105433458494, 'GAMMA': 0.5395710188251489, 'ALPHA': 0.6295751086182272, 'SHAPE_W': 123.31890248365815}. Best is trial 25 with value: -27.895.
[I 2026-07-18 20:31:47,157] Trial 40 finished with value: -99.595 and parameters: {'Q_INIT': 133, 'EPS_START': 0.881297722811144, 'EPS_DECAY': 0.6132794837101866, 'GAMMA': 0.5022757879473245, 'ALPHA': 0.5794296896920423, 'SHAPE_W': 131.67484142954518}. Best is trial 25 with value: -27.895.
[I 2026-07-18 20:32:34,631] Trial 41 finished with value: -42.645 and parameters: {'Q_INIT': 62, 'EPS_START': 0.9398566232019057, 'EPS_DECAY': 0.6477177619189074, 'GAMMA': 0.624280768884954, 'ALPHA': 0.6849499960978399, 'SHAPE_W': 144.01363497747772}. Best is trial 25 with value: -27.895.
[I 2026-07-18 20:33:20,250] Trial 42 finished with value: -46.665 and parameters: {'Q_INIT': 63, 'EPS_START': 0.9615311880342488, 'EPS_DECAY': 0.7228529825429008, 'GAMMA': 0.6692516953304712, 'ALPHA': 0.8056604066983245, 'SHAPE_W': 149.40520896338856}. Best is trial 25 with value: -27.895.
[I 2026-07-18 20:34:01,885] Trial 43 finished with value: -51.515 and parameters: {'Q_INIT': 69, 'EPS_START': 0.9205242653702134, 'EPS_DECAY': 0.6820684470295031, 'GAMMA': 0.609670512305277, 'ALPHA': 0.7330071593811951, 'SHAPE_W': 136.46011617784887}. Best is trial 25 with value: -27.895.
[I 2026-07-18 20:34:15,790] Trial 44 finished with value: -98.475 and parameters: {'Q_INIT': 54, 'EPS_START': 0.9497095357506897, 'EPS_DECAY': 0.6441094432393851, 'GAMMA': 0.5592197390074793, 'ALPHA': 0.673161903170263, 'SHAPE_W': 50.42295748686769}. Best is trial 25 with value: -27.895.
[I 2026-07-18 20:34:54,659] Trial 45 finished with value: -56.28 and parameters: {'Q_INIT': 75, 'EPS_START': 0.9434564988637071, 'EPS_DECAY': 0.5967649828938525, 'GAMMA': 0.6643800763896803, 'ALPHA': 0.7085575054871297, 'SHAPE_W': 145.4543548173533}. Best is trial 25 with value: -27.895.
[I 2026-07-18 20:35:06,542] Trial 46 finished with value: -98.59 and parameters: {'Q_INIT': 65, 'EPS_START': 0.9258522348107459, 'EPS_DECAY': 0.7271617395847308, 'GAMMA': 0.7239959968898015, 'ALPHA': 0.5017217315162936, 'SHAPE_W': 71.74953209914045}. Best is trial 25 with value: -27.895.
[I 2026-07-18 20:35:24,708] Trial 47 finished with value: -92.095 and parameters: {'Q_INIT': 113, 'EPS_START': 0.9839496629369037, 'EPS_DECAY': 0.7067842572747165, 'GAMMA': 0.5373988671061877, 'ALPHA': 0.8718604017990496, 'SHAPE_W': 143.82324202724334}. Best is trial 25 with value: -27.895.
[I 2026-07-18 20:36:07,396] Trial 48 finished with value: -49.105 and parameters: {'Q_INIT': 50, 'EPS_START': 0.8964721595930882, 'EPS_DECAY': 0.6626121308035379, 'GAMMA': 0.8098792091624223, 'ALPHA': 0.8167291650325481, 'SHAPE_W': 137.62594629175967}. Best is trial 25 with value: -27.895.
[I 2026-07-18 20:36:26,395] Trial 49 finished with value: -32.785 and parameters: {'Q_INIT': 59, 'EPS_START': 0.9592745161810301, 'EPS_DECAY': 0.7401863950407218, 'GAMMA': 0.9612875637482516, 'ALPHA': 0.756538415133239, 'SHAPE_W': 149.9109071665877}. Best is trial 25 with value: -27.895.
[I 2026-07-18 20:36:45,757] Trial 50 finished with value: -43.18 and parameters: {'Q_INIT': 57, 'EPS_START': 0.9728978548254092, 'EPS_DECAY': 0.8126990718732978, 'GAMMA': 0.9600484607922204, 'ALPHA': 0.9129372601509819, 'SHAPE_W': 133.88621508112402}. Best is trial 25 with value: -27.895.
[I 2026-07-18 20:37:13,270] Trial 51 finished with value: -33.565 and parameters: {'Q_INIT': 61, 'EPS_START': 0.9604947909281718, 'EPS_DECAY': 0.7459030240338398, 'GAMMA': 0.897241521897956, 'ALPHA': 0.7425086701749247, 'SHAPE_W': 149.96154136887097}. Best is trial 25 with value: -27.895.
[I 2026-07-18 20:37:37,228] Trial 52 finished with value: -51.355 and parameters: {'Q_INIT': 68, 'EPS_START': 0.9345010828717585, 'EPS_DECAY': 0.740758771239617, 'GAMMA': 0.8939106891666385, 'ALPHA': 0.7518609128727612, 'SHAPE_W': 143.83186355354135}. Best is trial 25 with value: -27.895.
[I 2026-07-18 20:37:57,769] Trial 53 finished with value: -33.54 and parameters: {'Q_INIT': 54, 'EPS_START': 0.9665051730700606, 'EPS_DECAY': 0.7670972584523538, 'GAMMA': 0.9591902568719698, 'ALPHA': 0.7632906527213972, 'SHAPE_W': 146.75638447846865}. Best is trial 25 with value: -27.895.
[I 2026-07-18 20:38:19,125] Trial 54 finished with value: -29.14 and parameters: {'Q_INIT': 54, 'EPS_START': 0.9985677874939853, 'EPS_DECAY': 0.7599010876949014, 'GAMMA': 0.9710603029146831, 'ALPHA': 0.7688956790686756, 'SHAPE_W': 146.46545311803408}. Best is trial 25 with value: -27.895.
[I 2026-07-18 20:38:38,906] Trial 55 finished with value: -35.975 and parameters: {'Q_INIT': 59, 'EPS_START': 0.9984755088212964, 'EPS_DECAY': 0.7742144156180825, 'GAMMA': 0.9719266439182056, 'ALPHA': 0.7691841711519035, 'SHAPE_W': 139.8790505823359}. Best is trial 25 with value: -27.895.
[I 2026-07-18 20:39:03,326] Trial 56 finished with value: -32.095 and parameters: {'Q_INIT': 53, 'EPS_START': 0.9903131729889257, 'EPS_DECAY': 0.7929238338706248, 'GAMMA': 0.934945502469364, 'ALPHA': 0.8329390016602978, 'SHAPE_W': 145.77150310826227}. Best is trial 25 with value: -27.895.
[I 2026-07-18 20:39:25,528] Trial 57 finished with value: -37.755 and parameters: {'Q_INIT': 53, 'EPS_START': 0.9878980102485805, 'EPS_DECAY': 0.8631039606741894, 'GAMMA': 0.9199487862134025, 'ALPHA': 0.8330183943022959, 'SHAPE_W': 149.9659026597211}. Best is trial 25 with value: -27.895.
[I 2026-07-18 20:39:35,496] Trial 58 finished with value: -98.865 and parameters: {'Q_INIT': 150, 'EPS_START': 0.9773653219290658, 'EPS_DECAY': 0.7998396672785184, 'GAMMA': 0.9445405789766753, 'ALPHA': 0.7968169398494258, 'SHAPE_W': 145.72478089002132}. Best is trial 25 with value: -27.895.
[I 2026-07-18 20:40:04,010] Trial 59 finished with value: -32.99 and parameters: {'Q_INIT': 52, 'EPS_START': 0.9912428536334533, 'EPS_DECAY': 0.8220690156486327, 'GAMMA': 0.8780027795200224, 'ALPHA': 0.8456789655476749, 'SHAPE_W': 141.3913377300752}. Best is trial 25 with value: -27.895.
[I 2026-07-18 20:40:24,869] Trial 60 finished with value: -49.45 and parameters: {'Q_INIT': 53, 'EPS_START': 0.9933538000124275, 'EPS_DECAY': 0.8881228260180158, 'GAMMA': 0.9171407334210245, 'ALPHA': 0.8570201377845901, 'SHAPE_W': 130.42423173705126}. Best is trial 25 with value: -27.895.
[I 2026-07-18 20:40:52,773] Trial 61 finished with value: -52.22 and parameters: {'Q_INIT': 59, 'EPS_START': 0.9994474377899002, 'EPS_DECAY': 0.8256991380340284, 'GAMMA': 0.8704206278563273, 'ALPHA': 0.8201698949705363, 'SHAPE_W': 140.86453727838665}. Best is trial 25 with value: -27.895.
[I 2026-07-18 20:41:14,809] Trial 62 finished with value: -35.455 and parameters: {'Q_INIT': 50, 'EPS_START': 0.9650653053021375, 'EPS_DECAY': 0.8376241290000663, 'GAMMA': 0.9456452010000076, 'ALPHA': 0.8971629015219086, 'SHAPE_W': 135.56760720755045}. Best is trial 25 with value: -27.895.
[I 2026-07-18 20:41:33,020] Trial 63 finished with value: -34.81 and parameters: {'Q_INIT': 60, 'EPS_START': 0.9790530051132855, 'EPS_DECAY': 0.790402836628582, 'GAMMA': 0.9722154582956734, 'ALPHA': 0.7688252572415425, 'SHAPE_W': 146.54631864642022}. Best is trial 25 with value: -27.895.
[I 2026-07-18 20:41:59,226] Trial 64 finished with value: -35.53 and parameters: {'Q_INIT': 53, 'EPS_START': 0.991488448841312, 'EPS_DECAY': 0.7644409227867042, 'GAMMA': 0.8978261304043442, 'ALPHA': 0.7463440700285763, 'SHAPE_W': 142.34903875925266}. Best is trial 25 with value: -27.895.
[I 2026-07-18 20:42:19,531] Trial 65 finished with value: -58.97 and parameters: {'Q_INIT': 69, 'EPS_START': 0.9677752163556624, 'EPS_DECAY': 0.80609535877802, 'GAMMA': 0.9342725825552624, 'ALPHA': 0.8415392452704336, 'SHAPE_W': 146.13797525437053}. Best is trial 25 with value: -27.895.
[I 2026-07-18 20:42:30,573] Trial 66 finished with value: -51.51 and parameters: {'Q_INIT': 57, 'EPS_START': 0.9837891878844988, 'EPS_DECAY': 0.8592683509041681, 'GAMMA': 0.9997719413814298, 'ALPHA': 0.9456682889525161, 'SHAPE_W': 101.70989486292369}. Best is trial 25 with value: -27.895.
[I 2026-07-18 20:42:55,745] Trial 67 finished with value: -64.995 and parameters: {'Q_INIT': 65, 'EPS_START': 0.9547113377313071, 'EPS_DECAY': 0.7830827001463948, 'GAMMA': 0.8842887914244248, 'ALPHA': 0.785452039167873, 'SHAPE_W': 139.3220272890623}. Best is trial 25 with value: -27.895.
[I 2026-07-18 20:43:14,013] Trial 68 finished with value: -45.22 and parameters: {'Q_INIT': 53, 'EPS_START': 0.9896892028337404, 'EPS_DECAY': 0.8216964304144592, 'GAMMA': 0.9638688713452551, 'ALPHA': 0.872323611714335, 'SHAPE_W': 133.83885310447624}. Best is trial 25 with value: -27.895.
[I 2026-07-18 20:43:46,829] Trial 69 finished with value: -61.935 and parameters: {'Q_INIT': 61, 'EPS_START': 0.9720876458453308, 'EPS_DECAY': 0.879206107075665, 'GAMMA': 0.8337553371069736, 'ALPHA': 0.7789925862130168, 'SHAPE_W': 149.91705087604157}. Best is trial 25 with value: -27.895.
[I 2026-07-18 20:44:03,432] Trial 70 finished with value: -39.81 and parameters: {'Q_INIT': 57, 'EPS_START': 0.9798898434121474, 'EPS_DECAY': 0.7363894644702068, 'GAMMA': 0.9807273893731976, 'ALPHA': 0.8088206091948724, 'SHAPE_W': 146.76720795526455}. Best is trial 25 with value: -27.895.
[I 2026-07-18 20:44:22,578] Trial 71 finished with value: -22.505 and parameters: {'Q_INIT': 52, 'EPS_START': 0.8419451066164527, 'EPS_DECAY': 0.7180871275119134, 'GAMMA': 0.9519154324745775, 'ALPHA': 0.7137323280439146, 'SHAPE_W': 141.08527358702727}. Best is trial 71 with value: -22.505.
[I 2026-07-18 20:44:44,535] Trial 72 finished with value: -31.105 and parameters: {'Q_INIT': 50, 'EPS_START': 0.8410435937753564, 'EPS_DECAY': 0.7719985738917622, 'GAMMA': 0.9531266844186935, 'ALPHA': 0.6984461924770364, 'SHAPE_W': 141.0679167221235}. Best is trial 71 with value: -22.505.
[I 2026-07-18 20:45:04,464] Trial 73 finished with value: -34.715 and parameters: {'Q_INIT': 50, 'EPS_START': 0.8399849011214522, 'EPS_DECAY': 0.7749600292426602, 'GAMMA': 0.9541536700243383, 'ALPHA': 0.7124717458188009, 'SHAPE_W': 127.58238442883084}. Best is trial 71 with value: -22.505.
[I 2026-07-18 20:45:29,574] Trial 74 finished with value: -29.885 and parameters: {'Q_INIT': 53, 'EPS_START': 0.8160624036418375, 'EPS_DECAY': 0.7572510671763186, 'GAMMA': 0.9102210294653018, 'ALPHA': 0.6941003251274716, 'SHAPE_W': 137.95196760883113}. Best is trial 71 with value: -22.505.
