[I 2026-07-18 22:00:18,514] Trial 303 finished with value: -7.81 and parameters: {'Q_INIT': 53, 'EPS_START': 0.8758157620126018, 'EPS_DECAY': 0.6168318574674746, 'GAMMA': 0.9414926972929564, 'ALPHA': 0.5293561307618363, 'SHAPE_W': 140.07487716149603}. Best is trial 262 with value: 1.685.
[I 2026-07-18 22:00:37,039] Trial 304 finished with value: -2.2 and parameters: {'Q_INIT': 57, 'EPS_START': 0.8715761702516123, 'EPS_DECAY': 0.6130036201511179, 'GAMMA': 0.9487704218968305, 'ALPHA': 0.5186877926977527, 'SHAPE_W': 143.15018327700994}. Best is trial 262 with value: 1.685.
[I 2026-07-18 22:00:58,714] Trial 305 finished with value: -15.92 and parameters: {'Q_INIT': 58, 'EPS_START': 0.8704476551111298, 'EPS_DECAY': 0.6162310268821507, 'GAMMA': 0.9449455711938918, 'ALPHA': 0.5459617093684863, 'SHAPE_W': 144.52259801652062}. Best is trial 262 with value: 1.685.
[I 2026-07-18 22:01:17,966] Trial 306 finished with value: -9.98 and parameters: {'Q_INIT': 57, 'EPS_START': 0.866329289701321, 'EPS_DECAY': 0.6057798546457437, 'GAMMA': 0.9483920836593385, 'ALPHA': 0.5208171789926507, 'SHAPE_W': 143.38227027183484}. Best is trial 262 with value: 1.685.
[I 2026-07-18 22:01:37,421] Trial 307 finished with value: -9.81 and parameters: {'Q_INIT': 54, 'EPS_START': 0.8610712519813228, 'EPS_DECAY': 0.6011976217994506, 'GAMMA': 0.9487659623816267, 'ALPHA': 0.5314065406864131, 'SHAPE_W': 147.66302899715012}. Best is trial 262 with value: 1.685.
[I 2026-07-18 22:01:58,420] Trial 308 finished with value: -9.565 and parameters: {'Q_INIT': 50, 'EPS_START': 0.872071539442527, 'EPS_DECAY': 0.6253462476232529, 'GAMMA': 0.9397299925252154, 'ALPHA': 0.5085253494292931, 'SHAPE_W': 141.34412887864198}. Best is trial 262 with value: 1.685.
[I 2026-07-18 22:02:21,442] Trial 309 finished with value: -16.86 and parameters: {'Q_INIT': 54, 'EPS_START': 0.8785180989212739, 'EPS_DECAY': 0.6405176535995029, 'GAMMA': 0.9226629530483366, 'ALPHA': 0.5204239596305341, 'SHAPE_W': 138.71032349589993}. Best is trial 262 with value: 1.685.
[I 2026-07-18 22:02:43,277] Trial 310 finished with value: -23.765 and parameters: {'Q_INIT': 57, 'EPS_START': 0.8660522371545076, 'EPS_DECAY': 0.6068052530965482, 'GAMMA': 0.9377906599137898, 'ALPHA': 0.5378858341498381, 'SHAPE_W': 137.1787133501663}. Best is trial 262 with value: 1.685.
[I 2026-07-18 22:02:55,051] Trial 311 finished with value: -61.225 and parameters: {'Q_INIT': 105, 'EPS_START': 0.8710875774749937, 'EPS_DECAY': 0.6123145170294657, 'GAMMA': 0.9512376003740581, 'ALPHA': 0.5003152907127326, 'SHAPE_W': 144.41159834325578}. Best is trial 262 with value: 1.685.
[I 2026-07-18 22:03:18,434] Trial 312 finished with value: -8.235 and parameters: {'Q_INIT': 54, 'EPS_START': 0.8758834843771202, 'EPS_DECAY': 0.5981665103266314, 'GAMMA': 0.9292195790777256, 'ALPHA': 0.5191474453397508, 'SHAPE_W': 139.63698623229686}. Best is trial 262 with value: 1.685.
[I 2026-07-18 22:03:36,798] Trial 313 finished with value: -3.58 and parameters: {'Q_INIT': 52, 'EPS_START': 0.862580577674923, 'EPS_DECAY': 0.61791152099842, 'GAMMA': 0.9507889193208808, 'ALPHA': 0.50995214688113, 'SHAPE_W': 142.04952378958436}. Best is trial 262 with value: 1.685.
[I 2026-07-18 22:03:54,992] Trial 314 finished with value: -7.71 and parameters: {'Q_INIT': 52, 'EPS_START': 0.8795183854491233, 'EPS_DECAY': 0.6340954047210077, 'GAMMA': 0.9474634840157646, 'ALPHA': 0.5080296846434341, 'SHAPE_W': 142.62845299459403}. Best is trial 262 with value: 1.685.
[I 2026-07-18 22:04:17,142] Trial 315 finished with value: -14.085 and parameters: {'Q_INIT': 57, 'EPS_START': 0.8614835194673008, 'EPS_DECAY': 0.6192463233072155, 'GAMMA': 0.9161608971258655, 'ALPHA': 0.5003536439227624, 'SHAPE_W': 141.25936068873048}. Best is trial 262 with value: 1.685.
[I 2026-07-18 22:04:38,802] Trial 316 finished with value: -13.25 and parameters: {'Q_INIT': 55, 'EPS_START': 0.8735397543873002, 'EPS_DECAY': 0.5923835633253209, 'GAMMA': 0.9383686650130942, 'ALPHA': 0.5315187614007415, 'SHAPE_W': 146.47168802331413}. Best is trial 262 with value: 1.685.
[I 2026-07-18 22:04:57,492] Trial 317 finished with value: -34.635 and parameters: {'Q_INIT': 50, 'EPS_START': 0.8694386355571155, 'EPS_DECAY': 0.6166477514345851, 'GAMMA': 0.9257549619140891, 'ALPHA': 0.5186342911636088, 'SHAPE_W': 92.9198177394248}. Best is trial 262 with value: 1.685.
[I 2026-07-18 22:05:16,839] Trial 318 finished with value: -9.48 and parameters: {'Q_INIT': 52, 'EPS_START': 0.879646271775643, 'EPS_DECAY': 0.6042603234603539, 'GAMMA': 0.9539886410424374, 'ALPHA': 0.500226453931871, 'SHAPE_W': 138.78728402263891}. Best is trial 262 with value: 1.685.
[I 2026-07-18 22:05:27,920] Trial 319 finished with value: -97.865 and parameters: {'Q_INIT': 111, 'EPS_START': 0.8652408988624263, 'EPS_DECAY': 0.6274441288230147, 'GAMMA': 0.9367604422756203, 'ALPHA': 0.5250994214025365, 'SHAPE_W': 129.78285378544268}. Best is trial 262 with value: 1.685.
[I 2026-07-18 22:05:50,533] Trial 320 finished with value: -16.1 and parameters: {'Q_INIT': 54, 'EPS_START': 0.8748009310166871, 'EPS_DECAY': 0.5907168638374432, 'GAMMA': 0.9126379549704347, 'ALPHA': 0.5107684191497789, 'SHAPE_W': 143.01790710587778}. Best is trial 262 with value: 1.685.
[I 2026-07-18 22:06:08,980] Trial 321 finished with value: -5.08 and parameters: {'Q_INIT': 52, 'EPS_START': 0.8690794025715906, 'EPS_DECAY': 0.6105835634232479, 'GAMMA': 0.9457746171242989, 'ALPHA': 0.5194065844941862, 'SHAPE_W': 136.39201329813613}. Best is trial 262 with value: 1.685.
[I 2026-07-18 22:06:30,770] Trial 322 finished with value: -16.515 and parameters: {'Q_INIT': 50, 'EPS_START': 0.8701748356341367, 'EPS_DECAY': 0.6128916953804214, 'GAMMA': 0.9442411766300377, 'ALPHA': 0.5498969727171136, 'SHAPE_W': 137.0041642087338}. Best is trial 262 with value: 1.685.
[I 2026-07-18 22:06:51,829] Trial 323 finished with value: -19.22 and parameters: {'Q_INIT': 52, 'EPS_START': 0.8770033128779937, 'EPS_DECAY': 0.650480061449079, 'GAMMA': 0.9262251568005503, 'ALPHA': 0.5315655442518253, 'SHAPE_W': 134.93644957408412}. Best is trial 262 with value: 1.685.
[I 2026-07-18 22:07:10,039] Trial 324 finished with value: -14.32 and parameters: {'Q_INIT': 56, 'EPS_START': 0.8728792006161494, 'EPS_DECAY': 0.6012982020983862, 'GAMMA': 0.9503684171303186, 'ALPHA': 0.5197046916430494, 'SHAPE_W': 140.17846693187644}. Best is trial 262 with value: 1.685.
[I 2026-07-18 22:07:32,725] Trial 325 finished with value: -12.8 and parameters: {'Q_INIT': 50, 'EPS_START': 0.8804535309899011, 'EPS_DECAY': 0.6144637979984122, 'GAMMA': 0.9334193813151497, 'ALPHA': 0.5420332471174825, 'SHAPE_W': 136.8547851477702}. Best is trial 262 with value: 1.685.
[I 2026-07-18 22:07:53,064] Trial 326 finished with value: -9.45 and parameters: {'Q_INIT': 52, 'EPS_START': 0.8666330574963169, 'EPS_DECAY': 0.5925154133048461, 'GAMMA': 0.9420078325867096, 'ALPHA': 0.5086412509004314, 'SHAPE_W': 134.05552613465593}. Best is trial 262 with value: 1.685.
[I 2026-07-18 22:08:38,088] Trial 327 finished with value: -45.63 and parameters: {'Q_INIT': 55, 'EPS_START': 0.873401176648598, 'EPS_DECAY': 0.6347651811842852, 'GAMMA': 0.7039708376517101, 'ALPHA': 0.5250863777382303, 'SHAPE_W': 138.58551214056297}. Best is trial 262 with value: 1.685.
[I 2026-07-18 22:08:51,234] Trial 328 finished with value: -95.695 and parameters: {'Q_INIT': 97, 'EPS_START': 0.8782151311719233, 'EPS_DECAY': 0.603363909305735, 'GAMMA': 0.8950860339441316, 'ALPHA': 0.5184169875718109, 'SHAPE_W': 141.43498904902728}. Best is trial 262 with value: 1.685.
[I 2026-07-18 22:09:14,634] Trial 329 finished with value: -11.405 and parameters: {'Q_INIT': 58, 'EPS_START': 0.8687834941382905, 'EPS_DECAY': 0.6231368155831204, 'GAMMA': 0.9195675021842619, 'ALPHA': 0.5007211399918347, 'SHAPE_W': 135.56514742916718}. Best is trial 262 with value: 1.685.
[I 2026-07-18 22:09:35,570] Trial 330 finished with value: -18.43 and parameters: {'Q_INIT': 53, 'EPS_START': 0.8710874653439571, 'EPS_DECAY': 0.5428281939486509, 'GAMMA': 0.951457675024323, 'ALPHA': 0.5375992599093673, 'SHAPE_W': 139.5329270947822}. Best is trial 262 with value: 1.685.
[I 2026-07-18 22:09:55,037] Trial 331 finished with value: 7.19 and parameters: {'Q_INIT': 50, 'EPS_START': 0.8631200935071711, 'EPS_DECAY': 0.5854599400280917, 'GAMMA': 0.9334796776056539, 'ALPHA': 0.500123328706958, 'SHAPE_W': 145.72396113366045}. Best is trial 331 with value: 7.19.
[I 2026-07-18 22:10:24,399] Trial 332 finished with value: -3.675 and parameters: {'Q_INIT': 50, 'EPS_START': 0.8644017181226407, 'EPS_DECAY': 0.5861114287878781, 'GAMMA': 0.8582666940088118, 'ALPHA': 0.5091977990585715, 'SHAPE_W': 144.31400582915333}. Best is trial 331 with value: 7.19.
[I 2026-07-18 22:10:46,738] Trial 333 finished with value: -82.025 and parameters: {'Q_INIT': 80, 'EPS_START': 0.8648599159613956, 'EPS_DECAY': 0.5876764051835388, 'GAMMA': 0.849458543173427, 'ALPHA': 0.5101073004727484, 'SHAPE_W': 146.9987096606825}. Best is trial 331 with value: 7.19.
[I 2026-07-18 22:11:29,124] Trial 334 finished with value: -39.26 and parameters: {'Q_INIT': 50, 'EPS_START': 0.861999636964987, 'EPS_DECAY': 0.5879695776545893, 'GAMMA': 0.7859145018703089, 'ALPHA': 0.5091031889153917, 'SHAPE_W': 146.21717506738275}. Best is trial 331 with value: 7.19.
[I 2026-07-18 22:11:59,366] Trial 335 finished with value: -3.315 and parameters: {'Q_INIT': 52, 'EPS_START': 0.8604820022512506, 'EPS_DECAY': 0.5813433922083667, 'GAMMA': 0.8557944095423355, 'ALPHA': 0.5002420357431226, 'SHAPE_W': 144.90880289642593}. Best is trial 331 with value: 7.19.
[I 2026-07-18 22:12:35,025] Trial 336 finished with value: -25.87 and parameters: {'Q_INIT': 50, 'EPS_START': 0.8616487571944087, 'EPS_DECAY': 0.5765964259657442, 'GAMMA': 0.834581285368227, 'ALPHA': 0.5169466837493316, 'SHAPE_W': 145.23286670439697}. Best is trial 331 with value: 7.19.
[I 2026-07-18 22:13:06,682] Trial 337 finished with value: -24.545 and parameters: {'Q_INIT': 52, 'EPS_START': 0.8618667229228635, 'EPS_DECAY': 0.5942625366949209, 'GAMMA': 0.8503116509707265, 'ALPHA': 0.5083441881204722, 'SHAPE_W': 143.40793788861092}. Best is trial 331 with value: 7.19.
[I 2026-07-18 22:13:32,912] Trial 338 finished with value: -15.335 and parameters: {'Q_INIT': 54, 'EPS_START': 0.8668882385526704, 'EPS_DECAY': 0.5813110516433059, 'GAMMA': 0.8667750691283825, 'ALPHA': 0.5006440673751464, 'SHAPE_W': 144.31692572484192}. Best is trial 331 with value: 7.19.
[I 2026-07-18 22:14:09,777] Trial 339 finished with value: -40.25 and parameters: {'Q_INIT': 52, 'EPS_START': 0.8640423426607619, 'EPS_DECAY': 0.6080729789417949, 'GAMMA': 0.8299362669276017, 'ALPHA': 0.5003147605530027, 'SHAPE_W': 142.21929671637173}. Best is trial 331 with value: 7.19.
[I 2026-07-18 22:14:42,807] Trial 340 finished with value: 7.455 and parameters: {'Q_INIT': 50, 'EPS_START': 0.860096854285927, 'EPS_DECAY': 0.6009180494305488, 'GAMMA': 0.8512739322292145, 'ALPHA': 0.5179280089690655, 'SHAPE_W': 148.87809690553826}. Best is trial 340 with value: 7.455.
[I 2026-07-18 22:15:14,594] Trial 341 finished with value: -4.925 and parameters: {'Q_INIT': 50, 'EPS_START': 0.8590189355968693, 'EPS_DECAY': 0.5945438868346274, 'GAMMA': 0.8633360403092912, 'ALPHA': 0.5205001543685969, 'SHAPE_W': 148.03870857068705}. Best is trial 340 with value: 7.455.
[I 2026-07-18 22:15:49,469] Trial 342 finished with value: -0.28 and parameters: {'Q_INIT': 50, 'EPS_START': 0.8608864950191866, 'EPS_DECAY': 0.5782639416753829, 'GAMMA': 0.8451051098918607, 'ALPHA': 0.5300715981321422, 'SHAPE_W': 148.80570643052457}. Best is trial 340 with value: 7.455.
[I 2026-07-18 22:16:22,097] Trial 343 finished with value: -9.21 and parameters: {'Q_INIT': 50, 'EPS_START': 0.8594431622123594, 'EPS_DECAY': 0.5881330707253778, 'GAMMA': 0.8452606452094102, 'ALPHA': 0.5263790196638611, 'SHAPE_W': 145.45161636313762}. Best is trial 340 with value: 7.455.
[I 2026-07-18 22:16:52,510] Trial 344 finished with value: 3.665 and parameters: {'Q_INIT': 50, 'EPS_START': 0.8606842502686137, 'EPS_DECAY': 0.5806490694375366, 'GAMMA': 0.8568389464463595, 'ALPHA': 0.5186747867923321, 'SHAPE_W': 145.9511699574079}. Best is trial 340 with value: 7.455.
[I 2026-07-18 22:17:23,935] Trial 345 finished with value: 6.105 and parameters: {'Q_INIT': 50, 'EPS_START': 0.8600444852428092, 'EPS_DECAY': 0.5797866561287606, 'GAMMA': 0.8606185010816209, 'ALPHA': 0.5538109474774587, 'SHAPE_W': 148.8412086835881}. Best is trial 340 with value: 7.455.
[I 2026-07-18 22:17:57,257] Trial 346 finished with value: -8.39 and parameters: {'Q_INIT': 50, 'EPS_START': 0.8568799135587036, 'EPS_DECAY': 0.5817739128099072, 'GAMMA': 0.8585545305299818, 'ALPHA': 0.5581138353961538, 'SHAPE_W': 149.05424217090376}. Best is trial 340 with value: 7.455.
[I 2026-07-18 22:18:26,910] Trial 347 finished with value: -7.72 and parameters: {'Q_INIT': 52, 'EPS_START': 0.8594760893856953, 'EPS_DECAY': 0.5754343295435372, 'GAMMA': 0.8639353696856613, 'ALPHA': 0.5490362582225744, 'SHAPE_W': 148.39748801044828}. Best is trial 340 with value: 7.455.
[I 2026-07-18 22:19:05,199] Trial 348 finished with value: -37.13 and parameters: {'Q_INIT': 52, 'EPS_START': 0.8609472841322401, 'EPS_DECAY': 0.5643532188117679, 'GAMMA': 0.8149446576502478, 'ALPHA': 0.5406359671024382, 'SHAPE_W': 149.34959336282813}. Best is trial 340 with value: 7.455.
[I 2026-07-18 22:19:39,949] Trial 349 finished with value: -18.585 and parameters: {'Q_INIT': 50, 'EPS_START': 0.8603622390758895, 'EPS_DECAY': 0.5791233515364913, 'GAMMA': 0.8405592021425663, 'ALPHA': 0.5364876089153559, 'SHAPE_W': 147.679581569613}. Best is trial 340 with value: 7.455.
[I 2026-07-18 22:20:08,569] Trial 350 finished with value: -18.78 and parameters: {'Q_INIT': 52, 'EPS_START': 0.8635272865702528, 'EPS_DECAY': 0.5947997930315605, 'GAMMA': 0.8684366698709681, 'ALPHA': 0.5288235264280927, 'SHAPE_W': 149.66611308291604}. Best is trial 340 with value: 7.455.
[I 2026-07-18 22:20:42,086] Trial 351 finished with value: -8.45 and parameters: {'Q_INIT': 50, 'EPS_START': 0.8596000314336296, 'EPS_DECAY': 0.5818869693872011, 'GAMMA': 0.8569311682605955, 'ALPHA': 0.5699910776804256, 'SHAPE_W': 146.8527995592306}. Best is trial 340 with value: 7.455.
[I 2026-07-18 22:21:16,547] Trial 352 finished with value: -11.33 and parameters: {'Q_INIT': 52, 'EPS_START': 0.8565255304894086, 'EPS_DECAY': 0.5735155945475038, 'GAMMA': 0.8530184816234554, 'ALPHA': 0.5523212931158874, 'SHAPE_W': 147.97768591638467}. Best is trial 340 with value: 7.455.
[I 2026-07-18 22:21:26,770] Trial 353 finished with value: -99.465 and parameters: {'Q_INIT': 146, 'EPS_START': 0.8629726339423838, 'EPS_DECAY': 0.5658230394523819, 'GAMMA': 0.8420741857203937, 'ALPHA': 0.5216828205059388, 'SHAPE_W': 146.62465482724596}. Best is trial 340 with value: 7.455.
[I 2026-07-18 22:21:58,252] Trial 354 finished with value: -0.625 and parameters: {'Q_INIT': 50, 'EPS_START': 0.866933072477627, 'EPS_DECAY': 0.5885147851469851, 'GAMMA': 0.8576476455808121, 'ALPHA': 0.5418282064493888, 'SHAPE_W': 148.16452759579414}. Best is trial 340 with value: 7.455.
[I 2026-07-18 22:22:38,333] Trial 355 finished with value: -38.325 and parameters: {'Q_INIT': 53, 'EPS_START': 0.8661529896436098, 'EPS_DECAY': 0.598440715477079, 'GAMMA': 0.8232430464188022, 'ALPHA': 0.5472032788433898, 'SHAPE_W': 149.2556891749918}. Best is trial 340 with value: 7.455.
[I 2026-07-18 22:23:09,691] Trial 356 finished with value: -12.14 and parameters: {'Q_INIT': 52, 'EPS_START': 0.8593790417704926, 'EPS_DECAY': 0.6109467598652372, 'GAMMA': 0.864789760612976, 'ALPHA': 0.5632174933917512, 'SHAPE_W': 145.62616859470728}. Best is trial 340 with value: 7.455.
[I 2026-07-18 22:23:37,396] Trial 357 finished with value: -2.86 and parameters: {'Q_INIT': 50, 'EPS_START': 0.8665140348838825, 'EPS_DECAY': 0.6224733583334706, 'GAMMA': 0.875994708176769, 'ALPHA': 0.5396580598549858, 'SHAPE_W': 147.2645534335912}. Best is trial 340 with value: 7.455.
[I 2026-07-18 22:24:09,311] Trial 358 finished with value: -3.12 and parameters: {'Q_INIT': 50, 'EPS_START': 0.8637885045421764, 'EPS_DECAY': 0.6236292437028045, 'GAMMA': 0.8746626779444371, 'ALPHA': 0.5557736721851649, 'SHAPE_W': 147.3893437263073}. Best is trial 340 with value: 7.455.
[I 2026-07-18 22:24:39,989] Trial 359 finished with value: -15.915 and parameters: {'Q_INIT': 50, 'EPS_START': 0.8642902282740023, 'EPS_DECAY': 0.6453047776327512, 'GAMMA': 0.8744661128335046, 'ALPHA': 0.5592726073850292, 'SHAPE_W': 149.93001095492892}. Best is trial 340 with value: 7.455.
[I 2026-07-18 22:25:09,885] Trial 360 finished with value: -27.91 and parameters: {'Q_INIT': 54, 'EPS_START': 0.865599266379441, 'EPS_DECAY': 0.6351074013867729, 'GAMMA': 0.8782692695704838, 'ALPHA': 0.5804994834316959, 'SHAPE_W': 145.78166594178452}. Best is trial 340 with value: 7.455.
[I 2026-07-18 22:25:41,026] Trial 361 finished with value: -13.8 and parameters: {'Q_INIT': 50, 'EPS_START': 0.8624134618848943, 'EPS_DECAY': 0.6244561861376011, 'GAMMA': 0.8518959054394456, 'ALPHA': 0.5509084588701686, 'SHAPE_W': 144.16451933119288}. Best is trial 340 with value: 7.455.
[I 2026-07-18 22:26:15,677] Trial 362 finished with value: -34.165 and parameters: {'Q_INIT': 52, 'EPS_START': 0.8689704013861205, 'EPS_DECAY': 0.6252031576436061, 'GAMMA': 0.8402208037150195, 'ALPHA': 0.5679958592521706, 'SHAPE_W': 147.46558819550535}. Best is trial 340 with value: 7.455.
[I 2026-07-18 22:26:44,936] Trial 363 finished with value: -24.325 and parameters: {'Q_INIT': 54, 'EPS_START': 0.8561838275050049, 'EPS_DECAY': 0.619382087637418, 'GAMMA': 0.8616025439674815, 'ALPHA': 0.5580150636826753, 'SHAPE_W': 145.23514158735728}. Best is trial 340 with value: 7.455.
[I 2026-07-18 22:27:19,631] Trial 364 finished with value: -7.8 and parameters: {'Q_INIT': 52, 'EPS_START': 0.8684849741908172, 'EPS_DECAY': 0.5628980801129829, 'GAMMA': 0.8546549007893384, 'ALPHA': 0.542039318734549, 'SHAPE_W': 147.10198875171187}. Best is trial 340 with value: 7.455.
[I 2026-07-18 22:27:45,797] Trial 365 finished with value: -12.35 and parameters: {'Q_INIT': 50, 'EPS_START': 0.8635194545674368, 'EPS_DECAY': 0.5753666211207771, 'GAMMA': 0.8822342273508487, 'ALPHA': 0.5425530452950461, 'SHAPE_W': 144.0825488403562}. Best is trial 340 with value: 7.455.
[I 2026-07-18 22:28:23,607] Trial 366 finished with value: -27.98 and parameters: {'Q_INIT': 53, 'EPS_START': 0.8672319742252553, 'EPS_DECAY': 0.5842646403595918, 'GAMMA': 0.8292077370134012, 'ALPHA': 0.5367113900325812, 'SHAPE_W': 148.55955786727648}. Best is trial 340 with value: 7.455.
[I 2026-07-18 22:28:54,798] Trial 367 finished with value: -9.97 and parameters: {'Q_INIT': 50, 'EPS_START': 0.8710455911158377, 'EPS_DECAY': 0.6179963292691419, 'GAMMA': 0.8726339302418304, 'ALPHA': 0.5497121118425351, 'SHAPE_W': 145.78354899179934}. Best is trial 340 with value: 7.455.
[I 2026-07-18 22:29:31,694] Trial 368 finished with value: -38.58 and parameters: {'Q_INIT': 52, 'EPS_START': 0.8615225075012486, 'EPS_DECAY': 0.5670530254915664, 'GAMMA': 0.8065707602155194, 'ALPHA': 0.5314301072655209, 'SHAPE_W': 143.14572374216365}. Best is trial 340 with value: 7.455.
[I 2026-07-18 22:30:04,978] Trial 369 finished with value: -26.63 and parameters: {'Q_INIT': 54, 'EPS_START': 0.8669346426617791, 'EPS_DECAY': 0.6016226413565816, 'GAMMA': 0.8514394172918733, 'ALPHA': 0.5531790463984874, 'SHAPE_W': 148.1400695224326}. Best is trial 340 with value: 7.455.
[I 2026-07-18 22:30:40,458] Trial 370 finished with value: -8.62 and parameters: {'Q_INIT': 50, 'EPS_START': 0.871625718880231, 'EPS_DECAY': 0.6321930201454238, 'GAMMA': 0.8601183621260872, 'ALPHA': 0.5913550333736716, 'SHAPE_W': 149.9734617197949}. Best is trial 340 with value: 7.455.
[I 2026-07-18 22:31:05,960] Trial 371 finished with value: -31.53 and parameters: {'Q_INIT': 54, 'EPS_START': 0.8615318271879763, 'EPS_DECAY': 0.5832098086032101, 'GAMMA': 0.8779129865822909, 'ALPHA': 0.5296050805663736, 'SHAPE_W': 145.15256092632995}. Best is trial 340 with value: 7.455.
[I 2026-07-18 22:31:41,321] Trial 372 finished with value: -26.92 and parameters: {'Q_INIT': 52, 'EPS_START': 0.8544287711758809, 'EPS_DECAY': 0.5583123218131697, 'GAMMA': 0.8510203194743656, 'ALPHA': 0.5412844475862345, 'SHAPE_W': 143.48339504372927}. Best is trial 340 with value: 7.455.
[I 2026-07-18 22:31:59,083] Trial 373 finished with value: -88.515 and parameters: {'Q_INIT': 50, 'EPS_START': 0.8672349622972644, 'EPS_DECAY': 0.6130199234760152, 'GAMMA': 0.8405509246297056, 'ALPHA': 0.5338079855273103, 'SHAPE_W': 77.13967273381803}. Best is trial 340 with value: 7.455.
[I 2026-07-18 22:32:33,839] Trial 374 finished with value: -47.545 and parameters: {'Q_INIT': 56, 'EPS_START': 0.8728574781668497, 'EPS_DECAY': 0.593881407355251, 'GAMMA': 0.8392918426574715, 'ALPHA': 0.5265232365236592, 'SHAPE_W': 146.99719677481437}. Best is trial 340 with value: 7.455.
[I 2026-07-18 22:33:02,028] Trial 375 finished with value: -14.315 and parameters: {'Q_INIT': 52, 'EPS_START': 0.857335531586097, 'EPS_DECAY': 0.5723453789642313, 'GAMMA': 0.869518835305579, 'ALPHA': 0.5756025797572184, 'SHAPE_W': 147.31138987255434}. Best is trial 340 with value: 7.455.
[I 2026-07-18 22:33:12,780] Trial 376 finished with value: -99.325 and parameters: {'Q_INIT': 54, 'EPS_START': 0.8646437247306735, 'EPS_DECAY': 0.604425589899007, 'GAMMA': 0.8607738314769148, 'ALPHA': 0.5611891218684835, 'SHAPE_W': 64.07602978176142}. Best is trial 340 with value: 7.455.
[I 2026-07-18 22:33:47,968] Trial 377 finished with value: -38.925 and parameters: {'Q_INIT': 52, 'EPS_START': 0.870398156557028, 'EPS_DECAY': 0.5899042864442336, 'GAMMA': 0.8479817290461593, 'ALPHA': 0.542736715311858, 'SHAPE_W': 144.67216194287587}. Best is trial 340 with value: 7.455.
[I 2026-07-18 22:34:21,994] Trial 378 finished with value: -25.67 and parameters: {'Q_INIT': 50, 'EPS_START': 0.8738129999210568, 'EPS_DECAY': 0.6237180570654383, 'GAMMA': 0.87866821513358, 'ALPHA': 0.9270359771851369, 'SHAPE_W': 143.2015018023454}. Best is trial 340 with value: 7.455.
