[I 2026-07-18 21:09:07,919] Trial 151 finished with value: -16.88 and parameters: {'Q_INIT': 54, 'EPS_START': 0.8444274167392734, 'EPS_DECAY': 0.5428565636383887, 'GAMMA': 0.9905639890400052, 'ALPHA': 0.5327952403039562, 'SHAPE_W': 110.87649252530683}. Best is trial 121 with value: -7.0.
[I 2026-07-18 21:09:24,946] Trial 152 finished with value: -19.735 and parameters: {'Q_INIT': 54, 'EPS_START': 0.8426311450920897, 'EPS_DECAY': 0.5695909893525194, 'GAMMA': 0.9784156883395217, 'ALPHA': 0.5589229202742891, 'SHAPE_W': 111.71787740913801}. Best is trial 121 with value: -7.0.
[I 2026-07-18 21:09:44,243] Trial 153 finished with value: -9.875 and parameters: {'Q_INIT': 50, 'EPS_START': 0.8348899488088224, 'EPS_DECAY': 0.5143139884939844, 'GAMMA': 0.9648508980985036, 'ALPHA': 0.5148333855730438, 'SHAPE_W': 121.94649997350207}. Best is trial 121 with value: -7.0.
[I 2026-07-18 21:10:02,849] Trial 154 finished with value: -18.61 and parameters: {'Q_INIT': 51, 'EPS_START': 0.8346644077586728, 'EPS_DECAY': 0.5119555108107925, 'GAMMA': 0.963379861066234, 'ALPHA': 0.5099564232716259, 'SHAPE_W': 121.60342264003697}. Best is trial 121 with value: -7.0.
[I 2026-07-18 21:10:22,588] Trial 155 finished with value: -19.05 and parameters: {'Q_INIT': 50, 'EPS_START': 0.8303175500854192, 'EPS_DECAY': 0.5130190499010185, 'GAMMA': 0.9620930813997344, 'ALPHA': 0.5109352951377957, 'SHAPE_W': 120.74626663897655}. Best is trial 121 with value: -7.0.
[I 2026-07-18 21:10:44,045] Trial 156 finished with value: -20.865 and parameters: {'Q_INIT': 50, 'EPS_START': 0.8308294332813797, 'EPS_DECAY': 0.5001460464470917, 'GAMMA': 0.962479032410535, 'ALPHA': 0.507033479703544, 'SHAPE_W': 121.4471564932139}. Best is trial 121 with value: -7.0.
[I 2026-07-18 21:11:04,000] Trial 157 finished with value: -17.77 and parameters: {'Q_INIT': 50, 'EPS_START': 0.8328082735404467, 'EPS_DECAY': 0.5101440808607013, 'GAMMA': 0.9651508636107958, 'ALPHA': 0.5001415149071031, 'SHAPE_W': 116.73469869844179}. Best is trial 121 with value: -7.0.
[I 2026-07-18 21:11:22,050] Trial 158 finished with value: -14.4 and parameters: {'Q_INIT': 52, 'EPS_START': 0.8360135110463678, 'EPS_DECAY': 0.510898173505126, 'GAMMA': 0.9891391081440153, 'ALPHA': 0.5044524886978927, 'SHAPE_W': 116.30932832533725}. Best is trial 121 with value: -7.0.
[I 2026-07-18 21:11:39,715] Trial 159 finished with value: -23.755 and parameters: {'Q_INIT': 53, 'EPS_START': 0.8463459215212461, 'EPS_DECAY': 0.5245280300854739, 'GAMMA': 0.9936932765927966, 'ALPHA': 0.5017609444287671, 'SHAPE_W': 116.53519351229814}. Best is trial 121 with value: -7.0.
[I 2026-07-18 21:11:58,926] Trial 160 finished with value: -26.35 and parameters: {'Q_INIT': 53, 'EPS_START': 0.8357474063418818, 'EPS_DECAY': 0.5090673848913319, 'GAMMA': 0.9864753288013832, 'ALPHA': 0.5235013500818408, 'SHAPE_W': 113.6481184351987}. Best is trial 121 with value: -7.0.
[I 2026-07-18 21:12:17,194] Trial 161 finished with value: -22.105 and parameters: {'Q_INIT': 50, 'EPS_START': 0.8340449084208462, 'EPS_DECAY': 0.5134439811755857, 'GAMMA': 0.9717936742979368, 'ALPHA': 0.5008919206106529, 'SHAPE_W': 110.35166879440868}. Best is trial 121 with value: -7.0.
[I 2026-07-18 21:12:35,754] Trial 162 finished with value: -22.025 and parameters: {'Q_INIT': 52, 'EPS_START': 0.8408601412317834, 'EPS_DECAY': 0.533184990746149, 'GAMMA': 0.9734021169334782, 'ALPHA': 0.5165495488799202, 'SHAPE_W': 116.00408878229224}. Best is trial 121 with value: -7.0.
[I 2026-07-18 21:12:55,171] Trial 163 finished with value: -20.29 and parameters: {'Q_INIT': 54, 'EPS_START': 0.8273810115221121, 'EPS_DECAY': 0.5192461955828291, 'GAMMA': 0.9499241538751712, 'ALPHA': 0.5003008639181895, 'SHAPE_W': 117.90767304461541}. Best is trial 121 with value: -7.0.
[I 2026-07-18 21:13:13,022] Trial 164 finished with value: -19.67 and parameters: {'Q_INIT': 52, 'EPS_START': 0.8355489218145565, 'EPS_DECAY': 0.5077200338168817, 'GAMMA': 0.9999317563113581, 'ALPHA': 0.5244284359241334, 'SHAPE_W': 114.43885660301007}. Best is trial 121 with value: -7.0.
[I 2026-07-18 21:13:31,551] Trial 165 finished with value: -17.155 and parameters: {'Q_INIT': 50, 'EPS_START': 0.8185185952868409, 'EPS_DECAY': 0.5272247320917406, 'GAMMA': 0.9890168336062133, 'ALPHA': 0.5135794020631133, 'SHAPE_W': 108.41467748805755}. Best is trial 121 with value: -7.0.
[I 2026-07-18 21:13:46,516] Trial 166 finished with value: -24.83 and parameters: {'Q_INIT': 59, 'EPS_START': 0.8193637045823524, 'EPS_DECAY': 0.5258239769899138, 'GAMMA': 0.9886149244589343, 'ALPHA': 0.5297668185568245, 'SHAPE_W': 107.82223190750975}. Best is trial 121 with value: -7.0.
[I 2026-07-18 21:14:04,317] Trial 167 finished with value: -16.995 and parameters: {'Q_INIT': 55, 'EPS_START': 0.820372946579979, 'EPS_DECAY': 0.5003310348326653, 'GAMMA': 0.9776507493811496, 'ALPHA': 0.5152740649422283, 'SHAPE_W': 109.82857062741049}. Best is trial 121 with value: -7.0.
[I 2026-07-18 21:14:20,331] Trial 168 finished with value: -27.165 and parameters: {'Q_INIT': 55, 'EPS_START': 0.8231879285231425, 'EPS_DECAY': 0.5372640018805593, 'GAMMA': 0.9798131018348362, 'ALPHA': 0.517228448878085, 'SHAPE_W': 109.82425873319814}. Best is trial 121 with value: -7.0.
[I 2026-07-18 21:14:36,759] Trial 169 finished with value: -23.37 and parameters: {'Q_INIT': 56, 'EPS_START': 0.816457321643299, 'EPS_DECAY': 0.5025322955423703, 'GAMMA': 0.9862992897835764, 'ALPHA': 0.5377933365571091, 'SHAPE_W': 107.61650011797681}. Best is trial 121 with value: -7.0.
[I 2026-07-18 21:14:51,849] Trial 170 finished with value: -25.965 and parameters: {'Q_INIT': 59, 'EPS_START': 0.8440388577235103, 'EPS_DECAY': 0.5209045230820154, 'GAMMA': 0.9910904434774018, 'ALPHA': 0.5489046905238827, 'SHAPE_W': 111.77985706887968}. Best is trial 121 with value: -7.0.
[I 2026-07-18 21:15:10,870] Trial 171 finished with value: -19.75 and parameters: {'Q_INIT': 50, 'EPS_START': 0.8545451118465947, 'EPS_DECAY': 0.5172600710721054, 'GAMMA': 0.9699247554678468, 'ALPHA': 0.5153486976008325, 'SHAPE_W': 113.92901859416122}. Best is trial 121 with value: -7.0.
[I 2026-07-18 21:15:29,657] Trial 172 finished with value: -11.86 and parameters: {'Q_INIT': 53, 'EPS_START': 0.8497204144263669, 'EPS_DECAY': 0.5312069993823755, 'GAMMA': 0.9770381002339198, 'ALPHA': 0.5250711812111308, 'SHAPE_W': 111.50022574020225}. Best is trial 121 with value: -7.0.
[I 2026-07-18 21:15:48,118] Trial 173 finished with value: -17.12 and parameters: {'Q_INIT': 53, 'EPS_START': 0.8494583730309946, 'EPS_DECAY': 0.5322650985263827, 'GAMMA': 0.9798472985157194, 'ALPHA': 0.5265390088575638, 'SHAPE_W': 111.56495696335962}. Best is trial 121 with value: -7.0.
[I 2026-07-18 21:16:08,153] Trial 174 finished with value: -20.5 and parameters: {'Q_INIT': 54, 'EPS_START': 0.8494699352727081, 'EPS_DECAY': 0.5414893963533991, 'GAMMA': 0.9762322853913706, 'ALPHA': 0.5286953594655958, 'SHAPE_W': 111.61829341049123}. Best is trial 121 with value: -7.0.
[I 2026-07-18 21:16:25,709] Trial 175 finished with value: -34.305 and parameters: {'Q_INIT': 56, 'EPS_START': 0.8460949062320603, 'EPS_DECAY': 0.5004730132096392, 'GAMMA': 0.9549671088250556, 'ALPHA': 0.5385235997509965, 'SHAPE_W': 109.93760565210624}. Best is trial 121 with value: -7.0.
[I 2026-07-18 21:16:44,958] Trial 176 finished with value: -12.28 and parameters: {'Q_INIT': 53, 'EPS_START': 0.8410698522210183, 'EPS_DECAY': 0.5295619352552547, 'GAMMA': 0.979113172505711, 'ALPHA': 0.5241093236765242, 'SHAPE_W': 112.9317194161405}. Best is trial 121 with value: -7.0.
[I 2026-07-18 21:17:03,068] Trial 177 finished with value: -27.98 and parameters: {'Q_INIT': 60, 'EPS_START': 0.840547967553655, 'EPS_DECAY': 0.5494875574517804, 'GAMMA': 0.9467074513109284, 'ALPHA': 0.520241375742052, 'SHAPE_W': 114.11966122972692}. Best is trial 121 with value: -7.0.
[I 2026-07-18 21:17:18,457] Trial 178 finished with value: -19.635 and parameters: {'Q_INIT': 56, 'EPS_START': 0.8533509933446227, 'EPS_DECAY': 0.6051730326801449, 'GAMMA': 0.9997135678041115, 'ALPHA': 0.5465453529578856, 'SHAPE_W': 119.13808970858642}. Best is trial 121 with value: -7.0.
[I 2026-07-18 21:17:36,795] Trial 179 finished with value: -13.75 and parameters: {'Q_INIT': 53, 'EPS_START': 0.8417862982502867, 'EPS_DECAY': 0.5197499983357755, 'GAMMA': 0.9695866209552, 'ALPHA': 0.5097126160530033, 'SHAPE_W': 115.76125326744281}. Best is trial 121 with value: -7.0.
[I 2026-07-18 21:17:54,941] Trial 180 finished with value: -9.845 and parameters: {'Q_INIT': 52, 'EPS_START': 0.8388614842362554, 'EPS_DECAY': 0.5202596174914668, 'GAMMA': 0.9620803124970045, 'ALPHA': 0.5106976862196967, 'SHAPE_W': 112.83940024863155}. Best is trial 121 with value: -7.0.
[I 2026-07-18 21:18:13,904] Trial 181 finished with value: -10.765 and parameters: {'Q_INIT': 53, 'EPS_START': 0.8424184957536389, 'EPS_DECAY': 0.5181096927300051, 'GAMMA': 0.9628167934529707, 'ALPHA': 0.5088673780900648, 'SHAPE_W': 112.94240245763717}. Best is trial 121 with value: -7.0.
[I 2026-07-18 21:18:23,931] Trial 182 finished with value: -98.15 and parameters: {'Q_INIT': 142, 'EPS_START': 0.841780105651346, 'EPS_DECAY': 0.5204483569999917, 'GAMMA': 0.9599439442535894, 'ALPHA': 0.5072849891021339, 'SHAPE_W': 113.25557063772067}. Best is trial 121 with value: -7.0.
[I 2026-07-18 21:18:41,826] Trial 183 finished with value: -20.355 and parameters: {'Q_INIT': 52, 'EPS_START': 0.8378177198228023, 'EPS_DECAY': 0.530555680992398, 'GAMMA': 0.967971180115232, 'ALPHA': 0.5091138665152366, 'SHAPE_W': 115.2742002123481}. Best is trial 121 with value: -7.0.
[I 2026-07-18 21:19:00,532] Trial 184 finished with value: -22.52 and parameters: {'Q_INIT': 53, 'EPS_START': 0.8445984905966943, 'EPS_DECAY': 0.5160501932569589, 'GAMMA': 0.9517433676833076, 'ALPHA': 0.5211390207855537, 'SHAPE_W': 118.87168230933275}. Best is trial 121 with value: -7.0.
[I 2026-07-18 21:19:17,392] Trial 185 finished with value: -25.39 and parameters: {'Q_INIT': 58, 'EPS_START': 0.8398991006179646, 'EPS_DECAY': 0.5377700731001083, 'GAMMA': 0.9655360835434262, 'ALPHA': 0.5091013341137729, 'SHAPE_W': 111.81636194423889}. Best is trial 121 with value: -7.0.
[I 2026-07-18 21:19:35,813] Trial 186 finished with value: -13.265 and parameters: {'Q_INIT': 52, 'EPS_START': 0.8474942446869012, 'EPS_DECAY': 0.5124365080743991, 'GAMMA': 0.9886795352236377, 'ALPHA': 0.5316981366974185, 'SHAPE_W': 116.03705599094272}. Best is trial 121 with value: -7.0.
[I 2026-07-18 21:19:57,878] Trial 187 finished with value: -10.57 and parameters: {'Q_INIT': 52, 'EPS_START': 0.8566098310759501, 'EPS_DECAY': 0.5110136153285306, 'GAMMA': 0.9436863922160871, 'ALPHA': 0.5209523422145416, 'SHAPE_W': 117.07276614412989}. Best is trial 121 with value: -7.0.
[I 2026-07-18 21:20:19,777] Trial 188 finished with value: -26.995 and parameters: {'Q_INIT': 52, 'EPS_START': 0.858305760912419, 'EPS_DECAY': 0.5100290017557338, 'GAMMA': 0.9337208035906742, 'ALPHA': 0.5593315842579341, 'SHAPE_W': 117.60134463035594}. Best is trial 121 with value: -7.0.
[I 2026-07-18 21:20:40,147] Trial 189 finished with value: -20.28 and parameters: {'Q_INIT': 56, 'EPS_START': 0.8550024389288371, 'EPS_DECAY': 0.5234521526905982, 'GAMMA': 0.9578656087263673, 'ALPHA': 0.5209906728315007, 'SHAPE_W': 115.0631911389664}. Best is trial 121 with value: -7.0.
[I 2026-07-18 21:20:58,132] Trial 190 finished with value: -14.575 and parameters: {'Q_INIT': 58, 'EPS_START': 0.8480927861647649, 'EPS_DECAY': 0.5130847610656324, 'GAMMA': 0.970009040097613, 'ALPHA': 0.536298882174047, 'SHAPE_W': 120.44843340847262}. Best is trial 121 with value: -7.0.
[I 2026-07-18 21:21:16,052] Trial 191 finished with value: -23.725 and parameters: {'Q_INIT': 58, 'EPS_START': 0.846433392235053, 'EPS_DECAY': 0.5150530535969093, 'GAMMA': 0.9713980211521379, 'ALPHA': 0.5364319701953201, 'SHAPE_W': 124.66347437342051}. Best is trial 121 with value: -7.0.
[I 2026-07-18 21:21:32,764] Trial 192 finished with value: -10.115 and parameters: {'Q_INIT': 61, 'EPS_START': 0.849025360314247, 'EPS_DECAY': 0.5250479770389029, 'GAMMA': 0.9849163923216131, 'ALPHA': 0.5103913638089906, 'SHAPE_W': 120.0445745455337}. Best is trial 121 with value: -7.0.
[I 2026-07-18 21:21:50,996] Trial 193 finished with value: -27.365 and parameters: {'Q_INIT': 61, 'EPS_START': 0.8511098179459834, 'EPS_DECAY': 0.5087429836202493, 'GAMMA': 0.9434329577767793, 'ALPHA': 0.5008464489018724, 'SHAPE_W': 120.37173151565625}. Best is trial 121 with value: -7.0.
[I 2026-07-18 21:22:07,415] Trial 194 finished with value: -16.265 and parameters: {'Q_INIT': 62, 'EPS_START': 0.8472032648063031, 'EPS_DECAY': 0.5299598382086336, 'GAMMA': 0.9703336978141943, 'ALPHA': 0.511739225102392, 'SHAPE_W': 118.72751741163745}. Best is trial 121 with value: -7.0.
[I 2026-07-18 21:22:26,294] Trial 195 finished with value: -15.11 and parameters: {'Q_INIT': 59, 'EPS_START': 0.8553621095909155, 'EPS_DECAY': 0.5176026759188261, 'GAMMA': 0.957746534943486, 'ALPHA': 0.5239767155533502, 'SHAPE_W': 123.86373278064126}. Best is trial 121 with value: -7.0.
[I 2026-07-18 21:22:39,118] Trial 196 finished with value: -40.44 and parameters: {'Q_INIT': 64, 'EPS_START': 0.8551666276754175, 'EPS_DECAY': 0.5269651291566259, 'GAMMA': 0.985360369563269, 'ALPHA': 0.9958330232811168, 'SHAPE_W': 123.48906330921592}. Best is trial 121 with value: -7.0.
[I 2026-07-18 21:22:57,206] Trial 197 finished with value: -22.12 and parameters: {'Q_INIT': 60, 'EPS_START': 0.8592575902852915, 'EPS_DECAY': 0.5163628778584357, 'GAMMA': 0.9631414457262697, 'ALPHA': 0.5299991665313896, 'SHAPE_W': 125.49766102304609}. Best is trial 121 with value: -7.0.
[I 2026-07-18 21:23:14,741] Trial 198 finished with value: -14.42 and parameters: {'Q_INIT': 52, 'EPS_START': 0.8506099178494329, 'EPS_DECAY': 0.5373606976787537, 'GAMMA': 0.9917935919479908, 'ALPHA': 0.5445696058419208, 'SHAPE_W': 120.86150712164974}. Best is trial 121 with value: -7.0.
[I 2026-07-18 21:23:32,992] Trial 199 finished with value: -20.835 and parameters: {'Q_INIT': 52, 'EPS_START': 0.8523261027306624, 'EPS_DECAY': 0.5370675957600007, 'GAMMA': 0.9752500369293934, 'ALPHA': 0.521678962194384, 'SHAPE_W': 121.94781815099282}. Best is trial 121 with value: -7.0.
[I 2026-07-18 21:23:52,887] Trial 200 finished with value: -14.935 and parameters: {'Q_INIT': 54, 'EPS_START': 0.8571390961866845, 'EPS_DECAY': 0.533465308989309, 'GAMMA': 0.951731541868701, 'ALPHA': 0.5349652254228521, 'SHAPE_W': 120.84157028647427}. Best is trial 121 with value: -7.0.
[I 2026-07-18 21:24:11,750] Trial 201 finished with value: -5.935 and parameters: {'Q_INIT': 54, 'EPS_START': 0.8664731923566275, 'EPS_DECAY': 0.5295134158151492, 'GAMMA': 0.9536179616690615, 'ALPHA': 0.5326436061784682, 'SHAPE_W': 124.03174030625173}. Best is trial 201 with value: -5.935.
[I 2026-07-18 21:24:33,521] Trial 202 finished with value: -24.27 and parameters: {'Q_INIT': 53, 'EPS_START': 0.8698118416702162, 'EPS_DECAY': 0.5227039000513571, 'GAMMA': 0.9272911392671321, 'ALPHA': 0.5432638681455537, 'SHAPE_W': 124.66353605570937}. Best is trial 201 with value: -5.935.
[I 2026-07-18 21:24:53,261] Trial 203 finished with value: -10.995 and parameters: {'Q_INIT': 50, 'EPS_START': 0.8582813876535434, 'EPS_DECAY': 0.5109795077427965, 'GAMMA': 0.9448927407227116, 'ALPHA': 0.5331706206199808, 'SHAPE_W': 121.3218352828644}. Best is trial 201 with value: -5.935.
[I 2026-07-18 21:25:15,347] Trial 204 finished with value: -29.095 and parameters: {'Q_INIT': 50, 'EPS_START': 0.8635095963919752, 'EPS_DECAY': 0.5088008300840435, 'GAMMA': 0.9450480247770198, 'ALPHA': 0.5524210956839724, 'SHAPE_W': 120.26503940515342}. Best is trial 201 with value: -5.935.
[I 2026-07-18 21:25:34,992] Trial 205 finished with value: -16.755 and parameters: {'Q_INIT': 52, 'EPS_START': 0.8667030518729038, 'EPS_DECAY': 0.5280230947457615, 'GAMMA': 0.9510328387674528, 'ALPHA': 0.5351204691588326, 'SHAPE_W': 120.87386014692034}. Best is trial 201 with value: -5.935.
[I 2026-07-18 21:25:57,230] Trial 206 finished with value: -16.605 and parameters: {'Q_INIT': 54, 'EPS_START': 0.860275278179342, 'EPS_DECAY': 0.5440016490163262, 'GAMMA': 0.9388986862248972, 'ALPHA': 0.530969478651838, 'SHAPE_W': 122.25600610281539}. Best is trial 201 with value: -5.935.
[I 2026-07-18 21:26:16,051] Trial 207 finished with value: -7.12 and parameters: {'Q_INIT': 51, 'EPS_START': 0.8567489878063054, 'EPS_DECAY': 0.5120964826514409, 'GAMMA': 0.9615212206928376, 'ALPHA': 0.5111863428793775, 'SHAPE_W': 119.53612940199893}. Best is trial 201 with value: -5.935.
[I 2026-07-18 21:26:35,833] Trial 208 finished with value: -10.265 and parameters: {'Q_INIT': 50, 'EPS_START': 0.8739751577075008, 'EPS_DECAY': 0.5104589078784391, 'GAMMA': 0.9668125586546598, 'ALPHA': 0.5115738982697753, 'SHAPE_W': 118.55341499430949}. Best is trial 201 with value: -5.935.
[I 2026-07-18 21:26:56,200] Trial 209 finished with value: -13.545 and parameters: {'Q_INIT': 50, 'EPS_START': 0.8759880782969138, 'EPS_DECAY': 0.5088288018212543, 'GAMMA': 0.9646425227911108, 'ALPHA': 0.5197496204775045, 'SHAPE_W': 118.66110536160443}. Best is trial 201 with value: -5.935.
[I 2026-07-18 21:27:13,608] Trial 210 finished with value: -15.905 and parameters: {'Q_INIT': 50, 'EPS_START': 0.8751170539722108, 'EPS_DECAY': 0.5013810945764661, 'GAMMA': 0.9617151017490158, 'ALPHA': 0.5176196864476652, 'SHAPE_W': 118.41538980128725}. Best is trial 201 with value: -5.935.
[I 2026-07-18 21:27:33,967] Trial 211 finished with value: -10.975 and parameters: {'Q_INIT': 51, 'EPS_START': 0.8669356789499071, 'EPS_DECAY': 0.5139766929444666, 'GAMMA': 0.9691160916142342, 'ALPHA': 0.5090298351059783, 'SHAPE_W': 119.4277553358487}. Best is trial 201 with value: -5.935.
[I 2026-07-18 21:27:51,581] Trial 212 finished with value: -3.43 and parameters: {'Q_INIT': 50, 'EPS_START': 0.8779470175342262, 'EPS_DECAY': 0.5002236230121797, 'GAMMA': 0.9765132939631902, 'ALPHA': 0.5083753485569487, 'SHAPE_W': 118.90359666787032}. Best is trial 212 with value: -3.43.
[I 2026-07-18 21:28:09,741] Trial 213 finished with value: -15.2 and parameters: {'Q_INIT': 50, 'EPS_START': 0.8785193433002484, 'EPS_DECAY': 0.5009204996321728, 'GAMMA': 0.9743010710092179, 'ALPHA': 0.5099054331729644, 'SHAPE_W': 115.99408249557085}. Best is trial 212 with value: -3.43.
[I 2026-07-18 21:28:29,854] Trial 214 finished with value: -16.17 and parameters: {'Q_INIT': 50, 'EPS_START': 0.8927899377194665, 'EPS_DECAY': 0.511851196944698, 'GAMMA': 0.9603811622334907, 'ALPHA': 0.5082297023517566, 'SHAPE_W': 118.3644905059735}. Best is trial 212 with value: -3.43.
[I 2026-07-18 21:28:48,863] Trial 215 finished with value: -19.075 and parameters: {'Q_INIT': 51, 'EPS_START': 0.8833228289877293, 'EPS_DECAY': 0.5102086620729317, 'GAMMA': 0.9770851634997898, 'ALPHA': 0.5173911777146839, 'SHAPE_W': 116.519674684228}. Best is trial 212 with value: -3.43.
[I 2026-07-18 21:29:09,397] Trial 216 finished with value: -20.105 and parameters: {'Q_INIT': 52, 'EPS_START': 0.8701119002041959, 'EPS_DECAY': 0.518517977534908, 'GAMMA': 0.9431620334068935, 'ALPHA': 0.5014399047277563, 'SHAPE_W': 118.70552651755261}. Best is trial 212 with value: -3.43.
[I 2026-07-18 21:29:28,395] Trial 217 finished with value: -13.475 and parameters: {'Q_INIT': 52, 'EPS_START': 0.87127707787975, 'EPS_DECAY': 0.5087855893235215, 'GAMMA': 0.9654819495582474, 'ALPHA': 0.5243272131905581, 'SHAPE_W': 123.07900185509854}. Best is trial 212 with value: -3.43.
[I 2026-07-18 21:29:49,150] Trial 218 finished with value: -16.77 and parameters: {'Q_INIT': 50, 'EPS_START': 0.8722122663948694, 'EPS_DECAY': 0.5257068526423346, 'GAMMA': 0.9519021061185379, 'ALPHA': 0.5228966289284438, 'SHAPE_W': 123.08057154675282}. Best is trial 212 with value: -3.43.
[I 2026-07-18 21:30:08,661] Trial 219 finished with value: -1.53 and parameters: {'Q_INIT': 54, 'EPS_START': 0.874310780364031, 'EPS_DECAY': 0.5013965602807078, 'GAMMA': 0.9648842327684617, 'ALPHA': 0.5254028607436678, 'SHAPE_W': 126.03866232075708}. Best is trial 219 with value: -1.53.
[I 2026-07-18 21:30:30,668] Trial 220 finished with value: -26.09 and parameters: {'Q_INIT': 54, 'EPS_START': 0.87965739667427, 'EPS_DECAY': 0.5010340937160661, 'GAMMA': 0.9287227535117223, 'ALPHA': 0.5255326765539338, 'SHAPE_W': 125.49562156791396}. Best is trial 219 with value: -1.53.
[I 2026-07-18 21:30:49,860] Trial 221 finished with value: -2.1 and parameters: {'Q_INIT': 53, 'EPS_START': 0.8758466114757686, 'EPS_DECAY': 0.5074584949818486, 'GAMMA': 0.9641086135537501, 'ALPHA': 0.5161028640398575, 'SHAPE_W': 128.6002109542947}. Best is trial 219 with value: -1.53.
[I 2026-07-18 21:31:09,634] Trial 222 finished with value: -16.71 and parameters: {'Q_INIT': 52, 'EPS_START': 0.8726569825175022, 'EPS_DECAY': 0.5002971703273631, 'GAMMA': 0.9593518366147924, 'ALPHA': 0.5189294053011244, 'SHAPE_W': 128.59457320949076}. Best is trial 219 with value: -1.53.
[I 2026-07-18 21:31:29,290] Trial 223 finished with value: -6.605 and parameters: {'Q_INIT': 50, 'EPS_START': 0.8839139008435771, 'EPS_DECAY': 0.5100334972311066, 'GAMMA': 0.9661239461663408, 'ALPHA': 0.5265093170667096, 'SHAPE_W': 127.93932794936916}. Best is trial 219 with value: -1.53.
[I 2026-07-18 21:31:48,086] Trial 224 finished with value: -15.285 and parameters: {'Q_INIT': 55, 'EPS_START': 0.8848144697553639, 'EPS_DECAY': 0.5114749670061188, 'GAMMA': 0.95112843469238, 'ALPHA': 0.5237671967001056, 'SHAPE_W': 126.80209739147097}. Best is trial 219 with value: -1.53.
[I 2026-07-18 21:32:07,815] Trial 225 finished with value: -7.065 and parameters: {'Q_INIT': 53, 'EPS_START': 0.8651472767115015, 'EPS_DECAY': 0.5226782365238261, 'GAMMA': 0.9774460002466006, 'ALPHA': 0.5117164664971242, 'SHAPE_W': 128.1537833570617}. Best is trial 219 with value: -1.53.
[I 2026-07-18 21:32:28,855] Trial 226 finished with value: -14.705 and parameters: {'Q_INIT': 54, 'EPS_START': 0.887796681627199, 'EPS_DECAY': 0.5227265697235226, 'GAMMA': 0.9812340095081363, 'ALPHA': 0.5114219162645388, 'SHAPE_W': 130.08140657824327}. Best is trial 219 with value: -1.53.
