nohup: Eingabe wird ignoriert
[I 2026-07-18 20:14:23,142] A new study created in RDB with name: n_step_sarsa
[I 2026-07-18 20:17:54,737] Trial 0 finished with value: -12.402000000000001 and parameters: {'Q_INIT': 60, 'EPS_START': 0.8981094771184545, 'EPS_DECAY': 0.9042170769289346, 'GAMMA': 0.5077322742388005, 'ALPHA': 0.8118036030099881, 'N_STEP': 8}. Best is trial 0 with value: -12.402000000000001.
[I 2026-07-18 20:19:44,796] Trial 1 finished with value: -50.773999999999994 and parameters: {'Q_INIT': 76, 'EPS_START': 0.8774261385939142, 'EPS_DECAY': 0.7572045680875915, 'GAMMA': 0.6973075512910245, 'ALPHA': 0.9234975794662554, 'N_STEP': 2}. Best is trial 0 with value: -12.402000000000001.
[I 2026-07-18 20:22:49,579] Trial 2 finished with value: -18.340000000000003 and parameters: {'Q_INIT': 123, 'EPS_START': 0.8411242276783756, 'EPS_DECAY': 0.7109882211524319, 'GAMMA': 0.5567822320835658, 'ALPHA': 0.6500948697759734, 'N_STEP': 4}. Best is trial 0 with value: -12.402000000000001.
[I 2026-07-18 20:25:53,113] Trial 3 finished with value: -19.31 and parameters: {'Q_INIT': 114, 'EPS_START': 0.9795310685883845, 'EPS_DECAY': 0.6700582461569755, 'GAMMA': 0.8062092967681738, 'ALPHA': 0.6024178725221756, 'N_STEP': 8}. Best is trial 0 with value: -12.402000000000001.
[I 2026-07-18 20:29:18,398] Trial 4 finished with value: -10.388 and parameters: {'Q_INIT': 75, 'EPS_START': 0.8240240675308689, 'EPS_DECAY': 0.6088283775348069, 'GAMMA': 0.5058495070455576, 'ALPHA': 0.7498393350821783, 'N_STEP': 6}. Best is trial 4 with value: -10.388.
[I 2026-07-18 20:30:41,083] Trial 5 finished with value: -80.11200000000001 and parameters: {'Q_INIT': 134, 'EPS_START': 0.9249156008926059, 'EPS_DECAY': 0.8731138361556537, 'GAMMA': 0.8233500704021453, 'ALPHA': 0.7746000276170935, 'N_STEP': 2}. Best is trial 4 with value: -10.388.
[I 2026-07-18 20:32:38,535] Trial 6 finished with value: -9.552 and parameters: {'Q_INIT': 96, 'EPS_START': 0.9782262054610075, 'EPS_DECAY': 0.8035230088430418, 'GAMMA': 0.9481455330120969, 'ALPHA': 0.9503123379459736, 'N_STEP': 8}. Best is trial 6 with value: -9.552.
[I 2026-07-18 20:35:30,993] Trial 7 finished with value: -14.174 and parameters: {'Q_INIT': 82, 'EPS_START': 0.9900079776346339, 'EPS_DECAY': 0.5056466920038186, 'GAMMA': 0.9336155393324492, 'ALPHA': 0.5379010446987808, 'N_STEP': 5}. Best is trial 6 with value: -9.552.
[I 2026-07-18 20:38:52,754] Trial 8 finished with value: -13.382 and parameters: {'Q_INIT': 81, 'EPS_START': 0.8389868356625102, 'EPS_DECAY': 0.6231358075943596, 'GAMMA': 0.6782760327295587, 'ALPHA': 0.6842297489200333, 'N_STEP': 7}. Best is trial 6 with value: -9.552.
[I 2026-07-18 20:40:24,217] Trial 9 finished with value: -80.422 and parameters: {'Q_INIT': 114, 'EPS_START': 0.8589098893788267, 'EPS_DECAY': 0.8062240305710974, 'GAMMA': 0.6272329731196543, 'ALPHA': 0.8459656738177334, 'N_STEP': 2}. Best is trial 6 with value: -9.552.
[I 2026-07-18 20:41:11,246] Trial 10 finished with value: -88.74399999999997 and parameters: {'Q_INIT': 150, 'EPS_START': 0.9434789230610445, 'EPS_DECAY': 0.966061268363247, 'GAMMA': 0.9986131475875997, 'ALPHA': 0.9993252738017943, 'N_STEP': 4}. Best is trial 6 with value: -9.552.
[I 2026-07-18 20:44:23,948] Trial 11 finished with value: -14.11 and parameters: {'Q_INIT': 97, 'EPS_START': 0.8012982420850759, 'EPS_DECAY': 0.5292196278694479, 'GAMMA': 0.8457587671910478, 'ALPHA': 0.7398771567653426, 'N_STEP': 6}. Best is trial 6 with value: -9.552.
[I 2026-07-18 20:47:50,700] Trial 12 finished with value: -3.8740000000000006 and parameters: {'Q_INIT': 51, 'EPS_START': 0.8054405718467439, 'EPS_DECAY': 0.6155995373848452, 'GAMMA': 0.7465039011734145, 'ALPHA': 0.9055374430159272, 'N_STEP': 6}. Best is trial 12 with value: -3.8740000000000006.
[I 2026-07-18 20:51:04,830] Trial 13 finished with value: -4.51 and parameters: {'Q_INIT': 55, 'EPS_START': 0.9487025031699591, 'EPS_DECAY': 0.8135914705915025, 'GAMMA': 0.7558136760728401, 'ALPHA': 0.9051662885002841, 'N_STEP': 7}. Best is trial 12 with value: -3.8740000000000006.
[I 2026-07-18 20:54:32,581] Trial 14 finished with value: -4.056 and parameters: {'Q_INIT': 52, 'EPS_START': 0.9422360407221142, 'EPS_DECAY': 0.5819160992151589, 'GAMMA': 0.7478282633678708, 'ALPHA': 0.8806726773472687, 'N_STEP': 6}. Best is trial 12 with value: -3.8740000000000006.
[I 2026-07-18 20:58:01,067] Trial 15 finished with value: -6.444 and parameters: {'Q_INIT': 50, 'EPS_START': 0.9025353126216811, 'EPS_DECAY': 0.5800096087364088, 'GAMMA': 0.7316726825359948, 'ALPHA': 0.8620207642568447, 'N_STEP': 5}. Best is trial 12 with value: -3.8740000000000006.
[I 2026-07-18 21:01:19,818] Trial 16 finished with value: -11.066 and parameters: {'Q_INIT': 65, 'EPS_START': 0.8792898617279672, 'EPS_DECAY': 0.6670129224740241, 'GAMMA': 0.6414306367536634, 'ALPHA': 0.9808393506647829, 'N_STEP': 6}. Best is trial 12 with value: -3.8740000000000006.
[I 2026-07-18 21:04:27,434] Trial 17 finished with value: -5.848 and parameters: {'Q_INIT': 65, 'EPS_START': 0.953289722803311, 'EPS_DECAY': 0.5457206441106193, 'GAMMA': 0.8723388296526443, 'ALPHA': 0.8656581316900279, 'N_STEP': 4}. Best is trial 12 with value: -3.8740000000000006.
[I 2026-07-18 21:07:45,534] Trial 18 finished with value: -10.146 and parameters: {'Q_INIT': 67, 'EPS_START': 0.8009500217292852, 'EPS_DECAY': 0.6593792797458906, 'GAMMA': 0.7713498956661298, 'ALPHA': 0.9164794641774385, 'N_STEP': 5}. Best is trial 12 with value: -3.8740000000000006.
[I 2026-07-18 21:11:03,842] Trial 19 finished with value: -8.13 and parameters: {'Q_INIT': 93, 'EPS_START': 0.917981772179078, 'EPS_DECAY': 0.5708060023793304, 'GAMMA': 0.6135390062087286, 'ALPHA': 0.8074215416178788, 'N_STEP': 7}. Best is trial 12 with value: -3.8740000000000006.
[I 2026-07-18 21:14:32,340] Trial 20 finished with value: 3.1480000000000006 and parameters: {'Q_INIT': 50, 'EPS_START': 0.8688880288573947, 'EPS_DECAY': 0.7405129123776661, 'GAMMA': 0.7038781652544347, 'ALPHA': 0.8847975752660515, 'N_STEP': 3}. Best is trial 20 with value: 3.1480000000000006.
[I 2026-07-18 21:17:54,148] Trial 21 finished with value: 0.4599999999999994 and parameters: {'Q_INIT': 50, 'EPS_START': 0.8680299116167152, 'EPS_DECAY': 0.7304694648504259, 'GAMMA': 0.7083298853180572, 'ALPHA': 0.8733849756371012, 'N_STEP': 3}. Best is trial 20 with value: 3.1480000000000006.
[I 2026-07-18 21:21:20,293] Trial 22 finished with value: -0.6120000000000008 and parameters: {'Q_INIT': 51, 'EPS_START': 0.8582949213277734, 'EPS_DECAY': 0.7293492458025777, 'GAMMA': 0.6861226847114508, 'ALPHA': 0.9477636084347413, 'N_STEP': 3}. Best is trial 20 with value: 3.1480000000000006.
[I 2026-07-18 21:24:41,761] Trial 23 finished with value: -1.3279999999999996 and parameters: {'Q_INIT': 58, 'EPS_START': 0.8687718065907193, 'EPS_DECAY': 0.7481706073466031, 'GAMMA': 0.691488350124625, 'ALPHA': 0.9631990204495533, 'N_STEP': 3}. Best is trial 20 with value: 3.1480000000000006.
[I 2026-07-18 21:28:02,835] Trial 24 finished with value: -6.792000000000001 and parameters: {'Q_INIT': 70, 'EPS_START': 0.8513448353465399, 'EPS_DECAY': 0.7268233921108138, 'GAMMA': 0.6035777566815745, 'ALPHA': 0.8195493230090112, 'N_STEP': 3}. Best is trial 20 with value: 3.1480000000000006.
[I 2026-07-18 21:31:20,561] Trial 25 finished with value: 0.6199999999999997 and parameters: {'Q_INIT': 63, 'EPS_START': 0.8983105211818482, 'EPS_DECAY': 0.698767281161835, 'GAMMA': 0.664698697580027, 'ALPHA': 0.9487878288252313, 'N_STEP': 3}. Best is trial 20 with value: 3.1480000000000006.
[I 2026-07-18 21:34:35,958] Trial 26 finished with value: -1.8380000000000003 and parameters: {'Q_INIT': 61, 'EPS_START': 0.89049641527386, 'EPS_DECAY': 0.6906864958900472, 'GAMMA': 0.6474023322050174, 'ALPHA': 0.8383392058893521, 'N_STEP': 3}. Best is trial 20 with value: 3.1480000000000006.
[I 2026-07-18 21:37:48,601] Trial 27 finished with value: -11.456 and parameters: {'Q_INIT': 86, 'EPS_START': 0.9147563963119761, 'EPS_DECAY': 0.7848681044654793, 'GAMMA': 0.5585974646058587, 'ALPHA': 0.8826505928306927, 'N_STEP': 4}. Best is trial 20 with value: 3.1480000000000006.
[I 2026-07-18 21:40:52,249] Trial 28 finished with value: -10.258 and parameters: {'Q_INIT': 72, 'EPS_START': 0.885189838037039, 'EPS_DECAY': 0.8730529372517493, 'GAMMA': 0.7853754935999748, 'ALPHA': 0.7711064228070681, 'N_STEP': 3}. Best is trial 20 with value: 3.1480000000000006.
[I 2026-07-18 21:43:39,115] Trial 29 finished with value: -10.857999999999999 and parameters: {'Q_INIT': 60, 'EPS_START': 0.9049734969756298, 'EPS_DECAY': 0.8427112943730902, 'GAMMA': 0.5720721756350473, 'ALPHA': 0.8022880627612462, 'N_STEP': 2}. Best is trial 20 with value: 3.1480000000000006.
[I 2026-07-18 21:47:00,493] Trial 30 finished with value: 0.07000000000000034 and parameters: {'Q_INIT': 59, 'EPS_START': 0.8268858125094352, 'EPS_DECAY': 0.7549604365636794, 'GAMMA': 0.7185962684775115, 'ALPHA': 0.9345273166555346, 'N_STEP': 3}. Best is trial 20 with value: 3.1480000000000006.
[I 2026-07-18 21:50:15,633] Trial 31 finished with value: -3.227999999999999 and parameters: {'Q_INIT': 60, 'EPS_START': 0.8194671169036503, 'EPS_DECAY': 0.7676054253349432, 'GAMMA': 0.720227312955795, 'ALPHA': 0.941108649856033, 'N_STEP': 3}. Best is trial 20 with value: 3.1480000000000006.
[I 2026-07-18 21:53:03,249] Trial 32 finished with value: 0.36199999999999977 and parameters: {'Q_INIT': 59, 'EPS_START': 0.8697896741333818, 'EPS_DECAY': 0.7029225069160173, 'GAMMA': 0.6640301765993168, 'ALPHA': 0.9112471235513803, 'N_STEP': 2}. Best is trial 20 with value: 3.1480000000000006.
[I 2026-07-18 21:55:40,139] Trial 33 finished with value: -17.17 and parameters: {'Q_INIT': 66, 'EPS_START': 0.8636710807995722, 'EPS_DECAY': 0.6830978180543552, 'GAMMA': 0.670165609127751, 'ALPHA': 0.8886039885395455, 'N_STEP': 2}. Best is trial 20 with value: 3.1480000000000006.
[I 2026-07-18 21:57:36,770] Trial 34 finished with value: -49.443999999999996 and parameters: {'Q_INIT': 77, 'EPS_START': 0.8734176131047083, 'EPS_DECAY': 0.7275321894151676, 'GAMMA': 0.5947797253393478, 'ALPHA': 0.9986959323529683, 'N_STEP': 2}. Best is trial 20 with value: 3.1480000000000006.
[I 2026-07-18 22:01:16,358] Trial 35 finished with value: -1.1659999999999995 and parameters: {'Q_INIT': 55, 'EPS_START': 0.8907836740380236, 'EPS_DECAY': 0.6919939777072976, 'GAMMA': 0.6661630423279693, 'ALPHA': 0.9133425535066811, 'N_STEP': 4}. Best is trial 20 with value: 3.1480000000000006.
[I 2026-07-18 22:03:37,050] Trial 36 finished with value: -34.367999999999995 and parameters: {'Q_INIT': 71, 'EPS_START': 0.8442509377988497, 'EPS_DECAY': 0.6404457560049797, 'GAMMA': 0.7100277905293706, 'ALPHA': 0.8506084116631399, 'N_STEP': 2}. Best is trial 20 with value: 3.1480000000000006.
[I 2026-07-18 22:07:16,534] Trial 37 finished with value: -3.22 and parameters: {'Q_INIT': 63, 'EPS_START': 0.8773848597943416, 'EPS_DECAY': 0.7068538745088435, 'GAMMA': 0.5254221290048879, 'ALPHA': 0.9608852393322928, 'N_STEP': 4}. Best is trial 20 with value: 3.1480000000000006.
[I 2026-07-18 22:10:55,001] Trial 38 finished with value: -1.05 and parameters: {'Q_INIT': 56, 'EPS_START': 0.8997353090137313, 'EPS_DECAY': 0.6508853085887566, 'GAMMA': 0.6560242085473961, 'ALPHA': 0.8253336661755054, 'N_STEP': 3}. Best is trial 20 with value: 3.1480000000000006.
[I 2026-07-18 22:12:41,563] Trial 39 finished with value: -36.971999999999994 and parameters: {'Q_INIT': 76, 'EPS_START': 0.8491309315234767, 'EPS_DECAY': 0.7774942096066869, 'GAMMA': 0.7884054548191373, 'ALPHA': 0.7159457662921426, 'N_STEP': 2}. Best is trial 20 with value: 3.1480000000000006.
[I 2026-07-18 22:16:20,377] Trial 40 finished with value: 1.0620000000000005 and parameters: {'Q_INIT': 50, 'EPS_START': 0.9311523255671892, 'EPS_DECAY': 0.8342347503429685, 'GAMMA': 0.6251035880503405, 'ALPHA': 0.5274494853723242, 'N_STEP': 3}. Best is trial 20 with value: 3.1480000000000006.
[I 2026-07-18 22:19:52,684] Trial 41 finished with value: -3.1279999999999997 and parameters: {'Q_INIT': 55, 'EPS_START': 0.929358442532954, 'EPS_DECAY': 0.9317060495365761, 'GAMMA': 0.6364907710967115, 'ALPHA': 0.5356359059112168, 'N_STEP': 3}. Best is trial 20 with value: 3.1480000000000006.
[I 2026-07-18 22:23:01,598] Trial 42 finished with value: 11.994000000000002 and parameters: {'Q_INIT': 50, 'EPS_START': 0.9119286446667485, 'EPS_DECAY': 0.8528965838367313, 'GAMMA': 0.5817791137312991, 'ALPHA': 0.5813677741898633, 'N_STEP': 2}. Best is trial 42 with value: 11.994000000000002.
[I 2026-07-18 22:26:28,595] Trial 43 finished with value: -0.4100000000000003 and parameters: {'Q_INIT': 51, 'EPS_START': 0.9320044107894662, 'EPS_DECAY': 0.8591456403538053, 'GAMMA': 0.5367826502815681, 'ALPHA': 0.5900622134927292, 'N_STEP': 3}. Best is trial 42 with value: 11.994000000000002.
[I 2026-07-18 22:29:31,715] Trial 44 finished with value: 4.724000000000001 and parameters: {'Q_INIT': 50, 'EPS_START': 0.962955033022798, 'EPS_DECAY': 0.9321314959121167, 'GAMMA': 0.5829840887337526, 'ALPHA': 0.5008868088449325, 'N_STEP': 2}. Best is trial 42 with value: 11.994000000000002.
[I 2026-07-18 22:32:28,849] Trial 45 finished with value: -2.8200000000000007 and parameters: {'Q_INIT': 55, 'EPS_START': 0.9657863416284939, 'EPS_DECAY': 0.9127380749471121, 'GAMMA': 0.5803508950421702, 'ALPHA': 0.5012577378807772, 'N_STEP': 2}. Best is trial 42 with value: 11.994000000000002.
[I 2026-07-18 22:34:45,787] Trial 46 finished with value: -47.916 and parameters: {'Q_INIT': 68, 'EPS_START': 0.9607351046057644, 'EPS_DECAY': 0.9845246303360266, 'GAMMA': 0.5052840240839235, 'ALPHA': 0.618565575241898, 'N_STEP': 2}. Best is trial 42 with value: 11.994000000000002.
[I 2026-07-18 22:38:21,549] Trial 47 finished with value: -7.799999999999999 and parameters: {'Q_INIT': 62, 'EPS_START': 0.9992747788127777, 'EPS_DECAY': 0.8366200216474923, 'GAMMA': 0.6155785759419401, 'ALPHA': 0.5568968386705764, 'N_STEP': 4}. Best is trial 42 with value: 11.994000000000002.
[I 2026-07-18 22:39:46,377] Trial 48 finished with value: -87.35999999999999 and parameters: {'Q_INIT': 132, 'EPS_START': 0.9742285608091104, 'EPS_DECAY': 0.9401179817949579, 'GAMMA': 0.54550298562319, 'ALPHA': 0.5200016779012226, 'N_STEP': 2}. Best is trial 42 with value: 11.994000000000002.
[I 2026-07-18 22:42:32,752] Trial 49 finished with value: -24.006 and parameters: {'Q_INIT': 106, 'EPS_START': 0.91219124652188, 'EPS_DECAY': 0.8932297422180316, 'GAMMA': 0.5899164513169888, 'ALPHA': 0.57135062589842, 'N_STEP': 3}. Best is trial 42 with value: 11.994000000000002.
[I 2026-07-18 22:45:51,340] Trial 50 finished with value: -13.503999999999998 and parameters: {'Q_INIT': 81, 'EPS_START': 0.9371709416025215, 'EPS_DECAY': 0.8209787466163675, 'GAMMA': 0.5689469959938384, 'ALPHA': 0.6499955759464614, 'N_STEP': 4}. Best is trial 42 with value: 11.994000000000002.
[I 2026-07-18 22:49:20,459] Trial 51 finished with value: -3.2659999999999996 and parameters: {'Q_INIT': 53, 'EPS_START': 0.9233585353715529, 'EPS_DECAY': 0.896013032821283, 'GAMMA': 0.700357899713697, 'ALPHA': 0.5561671932921777, 'N_STEP': 3}. Best is trial 42 with value: 11.994000000000002.
[I 2026-07-18 22:52:21,054] Trial 52 finished with value: 10.482000000000001 and parameters: {'Q_INIT': 50, 'EPS_START': 0.906932656586346, 'EPS_DECAY': 0.7959365242799139, 'GAMMA': 0.6168270492947427, 'ALPHA': 0.50918465106811, 'N_STEP': 2}. Best is trial 42 with value: 11.994000000000002.
[I 2026-07-18 22:55:20,553] Trial 53 finished with value: 9.977999999999998 and parameters: {'Q_INIT': 50, 'EPS_START': 0.8943105617981777, 'EPS_DECAY': 0.7893803735602168, 'GAMMA': 0.6218746134737868, 'ALPHA': 0.5050518675875941, 'N_STEP': 2}. Best is trial 42 with value: 11.994000000000002.
[I 2026-07-18 22:58:20,665] Trial 54 finished with value: 12.368 and parameters: {'Q_INIT': 50, 'EPS_START': 0.9067656864471352, 'EPS_DECAY': 0.7946906616503412, 'GAMMA': 0.6109533290826442, 'ALPHA': 0.5062010509928065, 'N_STEP': 2}. Best is trial 54 with value: 12.368.
[I 2026-07-18 23:01:17,247] Trial 55 finished with value: -1.332 and parameters: {'Q_INIT': 56, 'EPS_START': 0.9071461715488013, 'EPS_DECAY': 0.789455440734835, 'GAMMA': 0.6041797282251467, 'ALPHA': 0.5004177562097718, 'N_STEP': 2}. Best is trial 54 with value: 12.368.
[I 2026-07-18 23:04:13,789] Trial 56 finished with value: 3.2079999999999997 and parameters: {'Q_INIT': 54, 'EPS_START': 0.8904804179204806, 'EPS_DECAY': 0.8103655716730399, 'GAMMA': 0.527331534588483, 'ALPHA': 0.618370772739201, 'N_STEP': 2}. Best is trial 54 with value: 12.368.
[I 2026-07-18 23:07:16,444] Trial 57 finished with value: -2.3360000000000003 and parameters: {'Q_INIT': 54, 'EPS_START': 0.8903533140474196, 'EPS_DECAY': 0.7982522689787732, 'GAMMA': 0.5256647601970623, 'ALPHA': 0.6243351712984355, 'N_STEP': 2}. Best is trial 54 with value: 12.368.
[I 2026-07-18 23:10:07,340] Trial 58 finished with value: -3.634 and parameters: {'Q_INIT': 57, 'EPS_START': 0.9220339296576127, 'EPS_DECAY': 0.8632326522996432, 'GAMMA': 0.5558354820205147, 'ALPHA': 0.5843876151902399, 'N_STEP': 2}. Best is trial 54 with value: 12.368.
[I 2026-07-18 23:12:50,813] Trial 59 finished with value: -9.729999999999999 and parameters: {'Q_INIT': 63, 'EPS_START': 0.8939891525426518, 'EPS_DECAY': 0.8102653382496668, 'GAMMA': 0.5229060755016263, 'ALPHA': 0.5523362992375412, 'N_STEP': 2}. Best is trial 54 with value: 12.368.
[I 2026-07-18 23:15:41,325] Trial 60 finished with value: 11.791999999999996 and parameters: {'Q_INIT': 50, 'EPS_START': 0.8820567735784988, 'EPS_DECAY': 0.7657125205376579, 'GAMMA': 0.5807767236552511, 'ALPHA': 0.5198516092342615, 'N_STEP': 2}. Best is trial 54 with value: 12.368.
[I 2026-07-18 23:18:41,740] Trial 61 finished with value: 3.678000000000001 and parameters: {'Q_INIT': 53, 'EPS_START': 0.9092074118180943, 'EPS_DECAY': 0.8199188575555618, 'GAMMA': 0.5823970951426646, 'ALPHA': 0.5137082051034204, 'N_STEP': 2}. Best is trial 54 with value: 12.368.
[I 2026-07-18 23:21:30,803] Trial 62 finished with value: 15.716 and parameters: {'Q_INIT': 50, 'EPS_START': 0.8822008698473446, 'EPS_DECAY': 0.7697738587193497, 'GAMMA': 0.5832953526371106, 'ALPHA': 0.5184072590509663, 'N_STEP': 2}. Best is trial 62 with value: 15.716.
[I 2026-07-18 23:22:53,976] Trial 63 finished with value: -87.00200000000001 and parameters: {'Q_INIT': 150, 'EPS_START': 0.8825956644016709, 'EPS_DECAY': 0.767360968157827, 'GAMMA': 0.6341053609974274, 'ALPHA': 0.5428090410680473, 'N_STEP': 2}. Best is trial 62 with value: 15.716.
[I 2026-07-18 23:25:48,630] Trial 64 finished with value: -4.872 and parameters: {'Q_INIT': 58, 'EPS_START': 0.9008592845877972, 'EPS_DECAY': 0.7678075907440478, 'GAMMA': 0.6154850875165928, 'ALPHA': 0.5719638215313918, 'N_STEP': 2}. Best is trial 62 with value: 15.716.
[I 2026-07-18 23:28:43,615] Trial 65 finished with value: 9.092 and parameters: {'Q_INIT': 50, 'EPS_START': 0.8811870571644003, 'EPS_DECAY': 0.8485875933549486, 'GAMMA': 0.5557976102022417, 'ALPHA': 0.5168215981796594, 'N_STEP': 2}. Best is trial 62 with value: 15.716.
[I 2026-07-18 23:31:42,375] Trial 66 finished with value: 12.968 and parameters: {'Q_INIT': 50, 'EPS_START': 0.8824683374370424, 'EPS_DECAY': 0.7940715996074862, 'GAMMA': 0.5619232656166999, 'ALPHA': 0.5201476176385623, 'N_STEP': 2}. Best is trial 62 with value: 15.716.
[I 2026-07-18 23:34:35,290] Trial 67 finished with value: -2.022 and parameters: {'Q_INIT': 58, 'EPS_START': 0.9163750240415449, 'EPS_DECAY': 0.7931025967574217, 'GAMMA': 0.6028655431400084, 'ALPHA': 0.533064094184616, 'N_STEP': 2}. Best is trial 62 with value: 15.716.
[I 2026-07-18 23:37:38,548] Trial 68 finished with value: 3.2720000000000002 and parameters: {'Q_INIT': 53, 'EPS_START': 0.857866832163, 'EPS_DECAY': 0.7430389681714381, 'GAMMA': 0.5668012588860875, 'ALPHA': 0.5701843795464544, 'N_STEP': 2}. Best is trial 62 with value: 15.716.
[I 2026-07-18 23:41:16,076] Trial 69 finished with value: -9.038 and parameters: {'Q_INIT': 65, 'EPS_START': 0.8952920311659899, 'EPS_DECAY': 0.7825413992127522, 'GAMMA': 0.6241850751536815, 'ALPHA': 0.5506447464273296, 'N_STEP': 8}. Best is trial 62 with value: 15.716.
[I 2026-07-18 23:43:55,155] Trial 70 finished with value: -5.843999999999999 and parameters: {'Q_INIT': 60, 'EPS_START': 0.8856018457169222, 'EPS_DECAY': 0.7589553330344304, 'GAMMA': 0.6485622271389698, 'ALPHA': 0.6058482728238539, 'N_STEP': 2}. Best is trial 62 with value: 15.716.
[I 2026-07-18 23:46:55,224] Trial 71 finished with value: 6.525999999999999 and parameters: {'Q_INIT': 52, 'EPS_START': 0.8776078398153953, 'EPS_DECAY': 0.8461048021081998, 'GAMMA': 0.5422222438958255, 'ALPHA': 0.5148763578370243, 'N_STEP': 2}. Best is trial 62 with value: 15.716.
[I 2026-07-18 23:49:55,649] Trial 72 finished with value: 9.49 and parameters: {'Q_INIT': 50, 'EPS_START': 0.8822686868400677, 'EPS_DECAY': 0.8325731150617102, 'GAMMA': 0.5491185612388398, 'ALPHA': 0.5195885632965567, 'N_STEP': 2}. Best is trial 62 with value: 15.716.
[I 2026-07-18 23:52:49,115] Trial 73 finished with value: 1.426 and parameters: {'Q_INIT': 57, 'EPS_START': 0.8731853252626343, 'EPS_DECAY': 0.8264633598279828, 'GAMMA': 0.6072020823008784, 'ALPHA': 0.5277910836189338, 'N_STEP': 2}. Best is trial 62 with value: 15.716.
[I 2026-07-18 23:55:50,209] Trial 74 finished with value: -2.7319999999999998 and parameters: {'Q_INIT': 54, 'EPS_START': 0.9021380923357103, 'EPS_DECAY': 0.7988634766207258, 'GAMMA': 0.5908240331124978, 'ALPHA': 0.539576825587073, 'N_STEP': 2}. Best is trial 62 with value: 15.716.
[I 2026-07-18 23:58:57,883] Trial 75 finished with value: 10.097999999999999 and parameters: {'Q_INIT': 50, 'EPS_START': 0.9095440797951638, 'EPS_DECAY': 0.8751077602097453, 'GAMMA': 0.5752976168668389, 'ALPHA': 0.5655191434722999, 'N_STEP': 2}. Best is trial 62 with value: 15.716.
