[I 2026-07-18 22:34:41,373] Trial 379 finished with value: -72.625 and parameters: {'Q_INIT': 55, 'EPS_START': 0.8635338415330955, 'EPS_DECAY': 0.9741781470122899, 'GAMMA': 0.8336415774761314, 'ALPHA': 0.5179818023848631, 'SHAPE_W': 146.06149019070313}. Best is trial 340 with value: 7.455.
[I 2026-07-18 22:35:09,048] Trial 380 finished with value: -10.24 and parameters: {'Q_INIT': 52, 'EPS_START': 0.8682231919624365, 'EPS_DECAY': 0.5809125626216649, 'GAMMA': 0.867180877245325, 'ALPHA': 0.5179123991775179, 'SHAPE_W': 142.13357323246703}. Best is trial 340 with value: 7.455.
[I 2026-07-18 22:35:46,521] Trial 381 finished with value: -34.51 and parameters: {'Q_INIT': 50, 'EPS_START': 0.8585569345171626, 'EPS_DECAY': 0.6398982416311235, 'GAMMA': 0.8216564721951517, 'ALPHA': 0.5318721357866814, 'SHAPE_W': 147.8059974247242}. Best is trial 340 with value: 7.455.
[I 2026-07-18 22:36:11,634] Trial 382 finished with value: -21.04 and parameters: {'Q_INIT': 54, 'EPS_START': 0.8768635615310384, 'EPS_DECAY': 0.5609135199574166, 'GAMMA': 0.887081713653946, 'ALPHA': 0.516586834565273, 'SHAPE_W': 146.29727650440918}. Best is trial 340 with value: 7.455.
[I 2026-07-18 22:36:42,300] Trial 383 finished with value: -33.68 and parameters: {'Q_INIT': 57, 'EPS_START': 0.870350073414972, 'EPS_DECAY': 0.6018657148960018, 'GAMMA': 0.8594463482515659, 'ALPHA': 0.5256913863439363, 'SHAPE_W': 144.26632776033816}. Best is trial 340 with value: 7.455.
[I 2026-07-18 22:37:16,277] Trial 384 finished with value: -29.665 and parameters: {'Q_INIT': 52, 'EPS_START': 0.8624399573875786, 'EPS_DECAY': 0.6128793604724898, 'GAMMA': 0.8427000129600576, 'ALPHA': 0.5533623221726899, 'SHAPE_W': 149.50002010665423}. Best is trial 340 with value: 7.455.
[I 2026-07-18 22:37:50,872] Trial 385 finished with value: -16.285 and parameters: {'Q_INIT': 50, 'EPS_START': 0.8747122555559254, 'EPS_DECAY': 0.5702921956190533, 'GAMMA': 0.8548143718895418, 'ALPHA': 0.5381222058328, 'SHAPE_W': 141.87916860173218}. Best is trial 340 with value: 7.455.
[I 2026-07-18 22:38:18,126] Trial 386 finished with value: -13.095 and parameters: {'Q_INIT': 54, 'EPS_START': 0.8547511823895647, 'EPS_DECAY': 0.5889957999899923, 'GAMMA': 0.8668711366777425, 'ALPHA': 0.5149009493751395, 'SHAPE_W': 144.53618775943377}. Best is trial 340 with value: 7.455.
[I 2026-07-18 22:38:46,729] Trial 387 finished with value: -7.45 and parameters: {'Q_INIT': 52, 'EPS_START': 0.8666638947667094, 'EPS_DECAY': 0.5992786975557443, 'GAMMA': 0.8741703737313486, 'ALPHA': 0.5158689883897795, 'SHAPE_W': 149.84092576817264}. Best is trial 340 with value: 7.455.
[I 2026-07-18 22:39:19,659] Trial 388 finished with value: -56.28 and parameters: {'Q_INIT': 56, 'EPS_START': 0.8604102219732196, 'EPS_DECAY': 0.5790772051167239, 'GAMMA': 0.8496658134846288, 'ALPHA': 0.9849318972958123, 'SHAPE_W': 147.72988439720413}. Best is trial 340 with value: 7.455.
[I 2026-07-18 22:39:54,235] Trial 389 finished with value: -27.27 and parameters: {'Q_INIT': 50, 'EPS_START': 0.8703796396312332, 'EPS_DECAY': 0.5517812760490808, 'GAMMA': 0.8350038917460877, 'ALPHA': 0.5275973273676398, 'SHAPE_W': 142.55633417030097}. Best is trial 340 with value: 7.455.
[I 2026-07-18 22:40:20,332] Trial 390 finished with value: -18.805 and parameters: {'Q_INIT': 53, 'EPS_START': 0.8759754872657552, 'EPS_DECAY': 0.6300029421735379, 'GAMMA': 0.8848836748321979, 'ALPHA': 0.5121057435785472, 'SHAPE_W': 145.5614209948714}. Best is trial 340 with value: 7.455.
[I 2026-07-18 22:40:58,630] Trial 391 finished with value: -51.71 and parameters: {'Q_INIT': 52, 'EPS_START': 0.8646355682280843, 'EPS_DECAY': 0.5644788825285352, 'GAMMA': 0.8050172889651643, 'ALPHA': 0.8911255014896141, 'SHAPE_W': 140.80628001881553}. Best is trial 340 with value: 7.455.
[I 2026-07-18 22:41:28,668] Trial 392 finished with value: -23.58 and parameters: {'Q_INIT': 55, 'EPS_START': 0.871818745459622, 'EPS_DECAY': 0.6133765911783085, 'GAMMA': 0.8610084985569153, 'ALPHA': 0.5446692889652384, 'SHAPE_W': 147.92032408363224}. Best is trial 340 with value: 7.455.
[I 2026-07-18 22:42:02,763] Trial 393 finished with value: -27.585 and parameters: {'Q_INIT': 50, 'EPS_START': 0.857902820968379, 'EPS_DECAY': 0.5883438554914606, 'GAMMA': 0.8477639772932236, 'ALPHA': 0.5255391280444406, 'SHAPE_W': 143.7042685193377}. Best is trial 340 with value: 7.455.
[I 2026-07-18 22:42:27,868] Trial 394 finished with value: -17.725 and parameters: {'Q_INIT': 58, 'EPS_START': 0.8650478768051367, 'EPS_DECAY': 0.6045744285336397, 'GAMMA': 0.8730791301016739, 'ALPHA': 0.5101351631134409, 'SHAPE_W': 149.9797045815833}. Best is trial 340 with value: 7.455.
[I 2026-07-18 22:42:55,362] Trial 395 finished with value: -18.7 and parameters: {'Q_INIT': 53, 'EPS_START': 0.8692523558651212, 'EPS_DECAY': 0.5759615051948228, 'GAMMA': 0.8605223516611268, 'ALPHA': 0.5322790855358954, 'SHAPE_W': 146.75372117316735}. Best is trial 340 with value: 7.455.
[I 2026-07-18 22:43:42,922] Trial 396 finished with value: -36.075 and parameters: {'Q_INIT': 50, 'EPS_START': 0.8781281412933011, 'EPS_DECAY': 0.5960449650964121, 'GAMMA': 0.7531803356778121, 'ALPHA': 0.5194232801734556, 'SHAPE_W': 140.98310088321176}. Best is trial 340 with value: 7.455.
[I 2026-07-18 22:44:09,064] Trial 397 finished with value: -21.025 and parameters: {'Q_INIT': 54, 'EPS_START': 0.8549224938108276, 'EPS_DECAY': 0.5588530408849812, 'GAMMA': 0.8899826326866072, 'ALPHA': 0.5106749108719126, 'SHAPE_W': 145.6859367885353}. Best is trial 340 with value: 7.455.
[I 2026-07-18 22:44:40,690] Trial 398 finished with value: -27.465 and parameters: {'Q_INIT': 52, 'EPS_START': 0.8618528210222357, 'EPS_DECAY': 0.6131021503347286, 'GAMMA': 0.8544868015871435, 'ALPHA': 0.5656366963961327, 'SHAPE_W': 143.6776422644472}. Best is trial 340 with value: 7.455.
[I 2026-07-18 22:45:29,115] Trial 399 finished with value: -39.055 and parameters: {'Q_INIT': 56, 'EPS_START': 0.8741840326745003, 'EPS_DECAY': 0.620067013599308, 'GAMMA': 0.6496268241672833, 'ALPHA': 0.538729997615874, 'SHAPE_W': 141.19307934830806}. Best is trial 340 with value: 7.455.
[I 2026-07-18 22:46:02,239] Trial 400 finished with value: -60.02 and parameters: {'Q_INIT': 52, 'EPS_START': 0.8669759016707274, 'EPS_DECAY': 0.9184122228235312, 'GAMMA': 0.8268135256522997, 'ALPHA': 0.5229390923752072, 'SHAPE_W': 138.86339781511947}. Best is trial 340 with value: 7.455.
[I 2026-07-18 22:46:24,015] Trial 401 finished with value: -1.605 and parameters: {'Q_INIT': 50, 'EPS_START': 0.8599880392438257, 'EPS_DECAY': 0.5450600942623492, 'GAMMA': 0.9341472732381312, 'ALPHA': 0.5095792146499595, 'SHAPE_W': 147.56713028252872}. Best is trial 340 with value: 7.455.
[I 2026-07-18 22:46:45,836] Trial 402 finished with value: -5.93 and parameters: {'Q_INIT': 54, 'EPS_START': 0.8548217744378215, 'EPS_DECAY': 0.5605357690433512, 'GAMMA': 0.9350808960095619, 'ALPHA': 0.5529641536165589, 'SHAPE_W': 148.1484869417502}. Best is trial 340 with value: 7.455.
[I 2026-07-18 22:47:07,870] Trial 403 finished with value: -8.355 and parameters: {'Q_INIT': 52, 'EPS_START': 0.8601997320609012, 'EPS_DECAY': 0.6562409492024597, 'GAMMA': 0.9286371414851438, 'ALPHA': 0.5317001396513192, 'SHAPE_W': 146.70849669991625}. Best is trial 340 with value: 7.455.
[I 2026-07-18 22:47:29,811] Trial 404 finished with value: -3.81 and parameters: {'Q_INIT': 50, 'EPS_START': 0.8799157805220014, 'EPS_DECAY': 0.546360871480289, 'GAMMA': 0.9422192178860661, 'ALPHA': 0.5167852097282374, 'SHAPE_W': 145.74148814607602}. Best is trial 340 with value: 7.455.
[I 2026-07-18 22:47:49,965] Trial 405 finished with value: -5.545 and parameters: {'Q_INIT': 56, 'EPS_START': 0.8737950336065622, 'EPS_DECAY': 0.5435396144595456, 'GAMMA': 0.9542256044375358, 'ALPHA': 0.524123601821717, 'SHAPE_W': 148.27682854719222}. Best is trial 340 with value: 7.455.
[I 2026-07-18 22:48:10,225] Trial 406 finished with value: -7.855 and parameters: {'Q_INIT': 59, 'EPS_START': 0.8694037776503021, 'EPS_DECAY': 0.5534171160907089, 'GAMMA': 0.9379481999076613, 'ALPHA': 0.5095736997640866, 'SHAPE_W': 138.06898265830986}. Best is trial 340 with value: 7.455.
[I 2026-07-18 22:48:33,810] Trial 407 finished with value: -8.96 and parameters: {'Q_INIT': 54, 'EPS_START': 0.8586233284007017, 'EPS_DECAY': 0.5430002412863789, 'GAMMA': 0.9295347850459792, 'ALPHA': 0.544924106627072, 'SHAPE_W': 148.04959843778764}. Best is trial 340 with value: 7.455.
[I 2026-07-18 22:48:55,115] Trial 408 finished with value: -12.04 and parameters: {'Q_INIT': 52, 'EPS_START': 0.8767811641708674, 'EPS_DECAY': 0.5692384412928859, 'GAMMA': 0.9092600219147131, 'ALPHA': 0.5095235004388149, 'SHAPE_W': 142.13529830652266}. Best is trial 340 with value: 7.455.
[I 2026-07-18 22:49:16,362] Trial 409 finished with value: -5.91 and parameters: {'Q_INIT': 50, 'EPS_START': 0.8667895007762683, 'EPS_DECAY': 0.6447485338952692, 'GAMMA': 0.9454692215612746, 'ALPHA': 0.538355348668031, 'SHAPE_W': 149.932520253993}. Best is trial 340 with value: 7.455.
[I 2026-07-18 22:50:07,732] Trial 410 finished with value: -34.095 and parameters: {'Q_INIT': 52, 'EPS_START': 0.8529658767916812, 'EPS_DECAY': 0.6298717132739097, 'GAMMA': 0.5529927460021743, 'ALPHA': 0.5203388429936103, 'SHAPE_W': 145.12428515063485}. Best is trial 340 with value: 7.455.
[I 2026-07-18 22:50:27,063] Trial 411 finished with value: -1.965 and parameters: {'Q_INIT': 54, 'EPS_START': 0.8621270986204592, 'EPS_DECAY': 0.6086927415853574, 'GAMMA': 0.950751906556151, 'ALPHA': 0.5078803949602035, 'SHAPE_W': 133.65014638591398}. Best is trial 340 with value: 7.455.
[I 2026-07-18 22:50:47,837] Trial 412 finished with value: -7.51 and parameters: {'Q_INIT': 57, 'EPS_START': 0.8714441604647317, 'EPS_DECAY': 0.5976347928235537, 'GAMMA': 0.9335753575166773, 'ALPHA': 0.5000504942334233, 'SHAPE_W': 133.21655145233672}. Best is trial 340 with value: 7.455.
[I 2026-07-18 22:51:07,658] Trial 413 finished with value: -11.175 and parameters: {'Q_INIT': 55, 'EPS_START': 0.8580972258822233, 'EPS_DECAY': 0.5532096145937048, 'GAMMA': 0.9558339499959619, 'ALPHA': 0.530639596367532, 'SHAPE_W': 131.16884448281763}. Best is trial 340 with value: 7.455.
[I 2026-07-18 22:51:29,543] Trial 414 finished with value: -13.05 and parameters: {'Q_INIT': 54, 'EPS_START': 0.8677908221867867, 'EPS_DECAY': 0.6065281737152859, 'GAMMA': 0.9235251189814822, 'ALPHA': 0.5177169291793655, 'SHAPE_W': 133.9569013920086}. Best is trial 340 with value: 7.455.
[I 2026-07-18 22:52:04,462] Trial 415 finished with value: -42.285 and parameters: {'Q_INIT': 50, 'EPS_START': 0.8760896935381337, 'EPS_DECAY': 0.5808723039663911, 'GAMMA': 0.8445168669828873, 'ALPHA': 0.5087644769217842, 'SHAPE_W': 132.2656760906835}. Best is trial 340 with value: 7.455.
[I 2026-07-18 22:52:26,498] Trial 416 finished with value: -19.485 and parameters: {'Q_INIT': 58, 'EPS_START': 0.8620342072007882, 'EPS_DECAY': 0.5700200035247879, 'GAMMA': 0.9423161287364524, 'ALPHA': 0.5255619689405812, 'SHAPE_W': 136.64708467297908}. Best is trial 340 with value: 7.455.
[I 2026-07-18 22:52:49,602] Trial 417 finished with value: -21.14 and parameters: {'Q_INIT': 54, 'EPS_START': 0.8797685023891731, 'EPS_DECAY': 0.5404115473969378, 'GAMMA': 0.9098649727844115, 'ALPHA': 0.5006174164235421, 'SHAPE_W': 137.8358922829364}. Best is trial 340 with value: 7.455.
[I 2026-07-18 22:53:16,742] Trial 418 finished with value: -17.27 and parameters: {'Q_INIT': 50, 'EPS_START': 0.8721216809120627, 'EPS_DECAY': 0.5923105415509728, 'GAMMA': 0.8850261252349808, 'ALPHA': 0.5353503092124758, 'SHAPE_W': 134.37204791939627}. Best is trial 340 with value: 7.455.
[I 2026-07-18 22:53:44,610] Trial 419 finished with value: -16.245 and parameters: {'Q_INIT': 52, 'EPS_START': 0.8639644532966986, 'EPS_DECAY': 0.5768577300880153, 'GAMMA': 0.8704812550800981, 'ALPHA': 0.556836575949655, 'SHAPE_W': 147.1711771668039}. Best is trial 340 with value: 7.455.
[I 2026-07-18 22:54:05,194] Trial 420 finished with value: -18.12 and parameters: {'Q_INIT': 56, 'EPS_START': 0.8672295572823654, 'EPS_DECAY': 0.5964880763979806, 'GAMMA': 0.9315018073569321, 'ALPHA': 0.5185380464738815, 'SHAPE_W': 131.4302632071224}. Best is trial 340 with value: 7.455.
[I 2026-07-18 22:54:16,135] Trial 421 finished with value: -96.85 and parameters: {'Q_INIT': 127, 'EPS_START': 0.8582704511331415, 'EPS_DECAY': 0.6109055992578315, 'GAMMA': 0.95286088691861, 'ALPHA': 0.5107935832413556, 'SHAPE_W': 136.98431827130986}. Best is trial 340 with value: 7.455.
[I 2026-07-18 22:55:06,347] Trial 422 finished with value: -37.435 and parameters: {'Q_INIT': 53, 'EPS_START': 0.8744635175934523, 'EPS_DECAY': 0.5589608536276377, 'GAMMA': 0.5827660049864304, 'ALPHA': 0.527871546216366, 'SHAPE_W': 140.047751577733}. Best is trial 340 with value: 7.455.
[I 2026-07-18 22:55:29,388] Trial 423 finished with value: -11.435 and parameters: {'Q_INIT': 50, 'EPS_START': 0.8711792857154297, 'EPS_DECAY': 0.5857637070987118, 'GAMMA': 0.921088459395331, 'ALPHA': 0.5464729425240241, 'SHAPE_W': 146.63101071770689}. Best is trial 340 with value: 7.455.
[I 2026-07-18 22:55:51,410] Trial 424 finished with value: -3.135 and parameters: {'Q_INIT': 52, 'EPS_START': 0.8805404940161399, 'EPS_DECAY': 0.6228908584644512, 'GAMMA': 0.9419046611778455, 'ALPHA': 0.5004521382293127, 'SHAPE_W': 149.70531075512153}. Best is trial 340 with value: 7.455.
[I 2026-07-18 22:56:11,460] Trial 425 finished with value: -13.885 and parameters: {'Q_INIT': 56, 'EPS_START': 0.8803987457784613, 'EPS_DECAY': 0.6254608531562856, 'GAMMA': 0.9405130762778324, 'ALPHA': 0.5005107090075098, 'SHAPE_W': 149.77017542394992}. Best is trial 340 with value: 7.455.
[I 2026-07-18 22:56:30,554] Trial 426 finished with value: -21.77 and parameters: {'Q_INIT': 59, 'EPS_START': 0.8529770753120652, 'EPS_DECAY': 0.6393746458882417, 'GAMMA': 0.9455526970651779, 'ALPHA': 0.5738012335064778, 'SHAPE_W': 148.13662630043368}. Best is trial 340 with value: 7.455.
[I 2026-07-18 22:56:52,540] Trial 427 finished with value: -11.62 and parameters: {'Q_INIT': 54, 'EPS_START': 0.9239778063269496, 'EPS_DECAY': 0.6238724905060542, 'GAMMA': 0.9352597118583352, 'ALPHA': 0.5080787152280704, 'SHAPE_W': 149.9134996012669}. Best is trial 340 with value: 7.455.
[I 2026-07-18 22:57:16,205] Trial 428 finished with value: -7.195 and parameters: {'Q_INIT': 52, 'EPS_START': 0.8640604147835101, 'EPS_DECAY': 0.6078879056786942, 'GAMMA': 0.9235529993693029, 'ALPHA': 0.5160941893868778, 'SHAPE_W': 145.86104629825846}. Best is trial 340 with value: 7.455.
[I 2026-07-18 22:57:40,827] Trial 429 finished with value: -14.465 and parameters: {'Q_INIT': 55, 'EPS_START': 0.8609515720591161, 'EPS_DECAY': 0.6020332753171556, 'GAMMA': 0.902550592249993, 'ALPHA': 0.5001040140257489, 'SHAPE_W': 148.01671142219553}. Best is trial 340 with value: 7.455.
[I 2026-07-18 22:58:18,550] Trial 430 finished with value: -35.225 and parameters: {'Q_INIT': 52, 'EPS_START': 0.8675819120760764, 'EPS_DECAY': 0.6173545013669088, 'GAMMA': 0.8338308668926054, 'ALPHA': 0.5209801456999796, 'SHAPE_W': 143.592960551481}. Best is trial 340 with value: 7.455.
[I 2026-07-18 22:58:41,513] Trial 431 finished with value: -0.265 and parameters: {'Q_INIT': 54, 'EPS_START': 0.870726422548464, 'EPS_DECAY': 0.6316794195533276, 'GAMMA': 0.9143620114081609, 'ALPHA': 0.537133193954709, 'SHAPE_W': 145.0316595269882}. Best is trial 340 with value: 7.455.
[I 2026-07-18 22:59:03,009] Trial 432 finished with value: -17.345 and parameters: {'Q_INIT': 53, 'EPS_START': 0.870010800848975, 'EPS_DECAY': 0.6491201681117922, 'GAMMA': 0.9215443229310433, 'ALPHA': 0.5626082607978249, 'SHAPE_W': 145.54658083052448}. Best is trial 340 with value: 7.455.
[I 2026-07-18 22:59:31,339] Trial 433 finished with value: -8.855 and parameters: {'Q_INIT': 50, 'EPS_START': 0.8577046998133756, 'EPS_DECAY': 0.5671478289008406, 'GAMMA': 0.8947205104523271, 'ALPHA': 0.5542547194465843, 'SHAPE_W': 147.55911444564285}. Best is trial 340 with value: 7.455.
[I 2026-07-18 22:59:56,611] Trial 434 finished with value: -11.31 and parameters: {'Q_INIT': 54, 'EPS_START': 0.8659012410825472, 'EPS_DECAY': 0.6309231532851081, 'GAMMA': 0.9064826700405414, 'ALPHA': 0.5430724440029541, 'SHAPE_W': 149.9925732973171}. Best is trial 340 with value: 7.455.
[I 2026-07-18 23:00:20,868] Trial 435 finished with value: -13.45 and parameters: {'Q_INIT': 52, 'EPS_START': 0.8630845587258774, 'EPS_DECAY': 0.6388107561392755, 'GAMMA': 0.915258140752994, 'ALPHA': 0.5356146691420833, 'SHAPE_W': 144.61389037871027}. Best is trial 340 with value: 7.455.
[I 2026-07-18 23:01:13,352] Trial 436 finished with value: -32.13 and parameters: {'Q_INIT': 52, 'EPS_START': 0.8714808187957962, 'EPS_DECAY': 0.6284401200837383, 'GAMMA': 0.5157276689628827, 'ALPHA': 0.5495992095256225, 'SHAPE_W': 146.49880638215868}. Best is trial 340 with value: 7.455.
[I 2026-07-18 23:01:40,083] Trial 437 finished with value: -23.18 and parameters: {'Q_INIT': 50, 'EPS_START': 0.8549395977047959, 'EPS_DECAY': 0.6662452048474481, 'GAMMA': 0.8817483088162197, 'ALPHA': 0.5276859297452724, 'SHAPE_W': 143.77185124646007}. Best is trial 340 with value: 7.455.
[I 2026-07-18 23:02:13,719] Trial 438 finished with value: -34.305 and parameters: {'Q_INIT': 55, 'EPS_START': 0.8677595445555027, 'EPS_DECAY': 0.6193906083841648, 'GAMMA': 0.8457753125532697, 'ALPHA': 0.5422305559804936, 'SHAPE_W': 147.48706430697126}. Best is trial 340 with value: 7.455.
[I 2026-07-18 23:02:38,520] Trial 439 finished with value: -29.735 and parameters: {'Q_INIT': 53, 'EPS_START': 0.9093869522854059, 'EPS_DECAY': 0.5529299630781523, 'GAMMA': 0.8947321262951681, 'ALPHA': 0.5333634745316446, 'SHAPE_W': 129.77028082660408}. Best is trial 340 with value: 7.455.
[I 2026-07-18 23:02:49,289] Trial 440 finished with value: -99.17 and parameters: {'Q_INIT': 50, 'EPS_START': 0.8759941955616046, 'EPS_DECAY': 0.5755452715338337, 'GAMMA': 0.913625649707562, 'ALPHA': 0.5184406704727947, 'SHAPE_W': 58.337111460146936}. Best is trial 340 with value: 7.455.
[I 2026-07-18 23:03:11,712] Trial 441 finished with value: -6.195 and parameters: {'Q_INIT': 52, 'EPS_START': 0.8606310320695004, 'EPS_DECAY': 0.63430633851792, 'GAMMA': 0.9285493643702147, 'ALPHA': 0.5251482094386734, 'SHAPE_W': 145.39333595052332}. Best is trial 340 with value: 7.455.
[I 2026-07-18 23:03:59,462] Trial 442 finished with value: -41.21 and parameters: {'Q_INIT': 55, 'EPS_START': 0.8645384543515601, 'EPS_DECAY': 0.5408306819169683, 'GAMMA': 0.6740005099908326, 'ALPHA': 0.508777644038721, 'SHAPE_W': 147.53916231833466}. Best is trial 340 with value: 7.455.
[I 2026-07-18 23:04:09,989] Trial 443 finished with value: -99.23 and parameters: {'Q_INIT': 136, 'EPS_START': 0.872044549064252, 'EPS_DECAY': 0.5854057749205097, 'GAMMA': 0.8663013746287374, 'ALPHA': 0.5371649191485307, 'SHAPE_W': 148.52688468630143}. Best is trial 340 with value: 7.455.
[I 2026-07-18 23:04:30,768] Trial 444 finished with value: -3.995 and parameters: {'Q_INIT': 52, 'EPS_START': 0.8820374420439911, 'EPS_DECAY': 0.5647432435617963, 'GAMMA': 0.9536396714682022, 'ALPHA': 0.518071711568582, 'SHAPE_W': 142.55395648695836}. Best is trial 340 with value: 7.455.
[I 2026-07-18 23:04:53,120] Trial 445 finished with value: 6.965 and parameters: {'Q_INIT': 50, 'EPS_START': 0.8596203879262997, 'EPS_DECAY': 0.6107614568954012, 'GAMMA': 0.9346848026651271, 'ALPHA': 0.5007165082238074, 'SHAPE_W': 144.517198851046}. Best is trial 340 with value: 7.455.
[I 2026-07-18 23:05:12,716] Trial 446 finished with value: -8.875 and parameters: {'Q_INIT': 50, 'EPS_START': 0.8684083128939125, 'EPS_DECAY': 0.6181188263634738, 'GAMMA': 0.9319110124345225, 'ALPHA': 0.5293488479515002, 'SHAPE_W': 134.04317668416894}. Best is trial 340 with value: 7.455.
[I 2026-07-18 23:05:34,637] Trial 447 finished with value: -2.9 and parameters: {'Q_INIT': 50, 'EPS_START': 0.8774072402574462, 'EPS_DECAY': 0.6096243228399125, 'GAMMA': 0.9460260145904356, 'ALPHA': 0.5463755591327654, 'SHAPE_W': 146.14796905656414}. Best is trial 340 with value: 7.455.
[I 2026-07-18 23:05:53,705] Trial 448 finished with value: -4.905 and parameters: {'Q_INIT': 50, 'EPS_START': 0.8744335628041245, 'EPS_DECAY': 0.6061045334016246, 'GAMMA': 0.9479257649722073, 'ALPHA': 0.5854499582121983, 'SHAPE_W': 142.77866033213022}. Best is trial 340 with value: 7.455.
[I 2026-07-18 23:06:18,608] Trial 449 finished with value: -9.275 and parameters: {'Q_INIT': 50, 'EPS_START': 0.8553698051258161, 'EPS_DECAY': 0.6114975261455527, 'GAMMA': 0.9261868610055033, 'ALPHA': 0.561975807033175, 'SHAPE_W': 144.50899483901333}. Best is trial 340 with value: 7.455.
[I 2026-07-18 23:07:06,266] Trial 450 finished with value: -41.555 and parameters: {'Q_INIT': 54, 'EPS_START': 0.8643955242183371, 'EPS_DECAY': 0.5969673778766704, 'GAMMA': 0.6103835662512966, 'ALPHA': 0.5534380276385243, 'SHAPE_W': 140.646923453277}. Best is trial 340 with value: 7.455.
[I 2026-07-18 23:07:25,475] Trial 451 finished with value: -17.53 and parameters: {'Q_INIT': 50, 'EPS_START': 0.8698464281237928, 'EPS_DECAY': 0.6107021955517359, 'GAMMA': 0.957175834905528, 'ALPHA': 0.5467541121023421, 'SHAPE_W': 135.78880492917273}. Best is trial 340 with value: 7.455.
[I 2026-07-18 23:07:46,579] Trial 452 finished with value: -23.43 and parameters: {'Q_INIT': 52, 'EPS_START': 0.8776049184461089, 'EPS_DECAY': 0.8416876018080597, 'GAMMA': 0.9136985703183633, 'ALPHA': 0.5660493954691826, 'SHAPE_W': 138.1543789955577}. Best is trial 340 with value: 7.455.
[I 2026-07-18 23:08:09,335] Trial 453 finished with value: -7.365 and parameters: {'Q_INIT': 54, 'EPS_START': 0.859473698031956, 'EPS_DECAY': 0.5500433600851825, 'GAMMA': 0.9324261334557269, 'ALPHA': 0.5413085790567536, 'SHAPE_W': 146.41455288210847}. Best is trial 340 with value: 7.455.
[I 2026-07-18 23:08:31,219] Trial 454 finished with value: -9.51 and parameters: {'Q_INIT': 50, 'EPS_START': 0.8739868125694972, 'EPS_DECAY': 0.6000464471958931, 'GAMMA': 0.9433327584107827, 'ALPHA': 0.5729618898850661, 'SHAPE_W': 142.93703345684213}. Best is trial 340 with value: 7.455.
