[I 2026-07-18 21:32:48,261] Trial 227 finished with value: -19.945 and parameters: {'Q_INIT': 50, 'EPS_START': 0.8657531595363588, 'EPS_DECAY': 0.5262465393692933, 'GAMMA': 0.9801025981562507, 'ALPHA': 0.5001935165097219, 'SHAPE_W': 127.58606086159585}. Best is trial 219 with value: -1.53.
[I 2026-07-18 21:33:07,630] Trial 228 finished with value: -14.545 and parameters: {'Q_INIT': 55, 'EPS_START': 0.8798999821714495, 'EPS_DECAY': 0.5177215952187022, 'GAMMA': 0.9712754692640944, 'ALPHA': 0.5289438313266642, 'SHAPE_W': 128.99673930075474}. Best is trial 219 with value: -1.53.
[I 2026-07-18 21:33:28,125] Trial 229 finished with value: -17.28 and parameters: {'Q_INIT': 53, 'EPS_START': 0.8677178533536177, 'EPS_DECAY': 0.5314744063491177, 'GAMMA': 0.9582780986526179, 'ALPHA': 0.5145566130631543, 'SHAPE_W': 125.53522131192143}. Best is trial 219 with value: -1.53.
[I 2026-07-18 21:33:48,981] Trial 230 finished with value: -14.28 and parameters: {'Q_INIT': 56, 'EPS_START': 0.8870183529490299, 'EPS_DECAY': 0.5175352587980697, 'GAMMA': 0.934414409164569, 'ALPHA': 0.5103151240301231, 'SHAPE_W': 132.55420693012618}. Best is trial 219 with value: -1.53.
[I 2026-07-18 21:34:07,234] Trial 231 finished with value: -10.455 and parameters: {'Q_INIT': 52, 'EPS_START': 0.8726171477265359, 'EPS_DECAY': 0.5082507004823653, 'GAMMA': 0.969167969220448, 'ALPHA': 0.5309004962328123, 'SHAPE_W': 123.78465343685079}. Best is trial 219 with value: -1.53.
[I 2026-07-18 21:34:26,858] Trial 232 finished with value: -17.215 and parameters: {'Q_INIT': 52, 'EPS_START': 0.8768463901380602, 'EPS_DECAY': 0.5013580616954385, 'GAMMA': 0.9748023672483197, 'ALPHA': 0.531272843256333, 'SHAPE_W': 126.50827118846684}. Best is trial 219 with value: -1.53.
[I 2026-07-18 21:34:46,950] Trial 233 finished with value: -13.395 and parameters: {'Q_INIT': 50, 'EPS_START': 0.8690110792229376, 'EPS_DECAY': 0.5114940096858102, 'GAMMA': 0.9643568194214522, 'ALPHA': 0.5153162920115409, 'SHAPE_W': 124.3415846765677}. Best is trial 219 with value: -1.53.
[I 2026-07-18 21:35:05,040] Trial 234 finished with value: -20.67 and parameters: {'Q_INIT': 54, 'EPS_START': 0.8751366206149281, 'EPS_DECAY': 0.5213599367109955, 'GAMMA': 0.983566699900972, 'ALPHA': 0.5391422107057455, 'SHAPE_W': 122.47008163768156}. Best is trial 219 with value: -1.53.
[I 2026-07-18 21:35:27,148] Trial 235 finished with value: -16.45 and parameters: {'Q_INIT': 52, 'EPS_START': 0.8812510370639443, 'EPS_DECAY': 0.5000499124632596, 'GAMMA': 0.9457792250511703, 'ALPHA': 0.5269103535239875, 'SHAPE_W': 128.05231311011426}. Best is trial 219 with value: -1.53.
[I 2026-07-18 21:35:44,591] Trial 236 finished with value: -12.28 and parameters: {'Q_INIT': 54, 'EPS_START': 0.8637756681107501, 'EPS_DECAY': 0.510205946164148, 'GAMMA': 0.9711291724682495, 'ALPHA': 0.5172206949278007, 'SHAPE_W': 130.33619057309775}. Best is trial 219 with value: -1.53.
[I 2026-07-18 21:36:06,224] Trial 237 finished with value: -17.645 and parameters: {'Q_INIT': 56, 'EPS_START': 0.8645810262048728, 'EPS_DECAY': 0.5307546834463328, 'GAMMA': 0.9572870269611659, 'ALPHA': 0.5095414296891467, 'SHAPE_W': 130.8234952557318}. Best is trial 219 with value: -1.53.
[I 2026-07-18 21:36:26,509] Trial 238 finished with value: -9.14 and parameters: {'Q_INIT': 54, 'EPS_START': 0.8685075077319598, 'EPS_DECAY': 0.5184636415481989, 'GAMMA': 0.9695124617545606, 'ALPHA': 0.5156079148111649, 'SHAPE_W': 134.0848013860888}. Best is trial 219 with value: -1.53.
[I 2026-07-18 21:36:46,319] Trial 239 finished with value: -12.185 and parameters: {'Q_INIT': 54, 'EPS_START': 0.8726975022370514, 'EPS_DECAY': 0.525825967773181, 'GAMMA': 0.9672816534600586, 'ALPHA': 0.5013045784942095, 'SHAPE_W': 134.57438824196868}. Best is trial 219 with value: -1.53.
[I 2026-07-18 21:37:07,487] Trial 240 finished with value: -8.325 and parameters: {'Q_INIT': 50, 'EPS_START': 0.8725871157249084, 'EPS_DECAY': 0.5263512410132009, 'GAMMA': 0.9513226757934666, 'ALPHA': 0.5000105258987868, 'SHAPE_W': 134.85038028769276}. Best is trial 219 with value: -1.53.
[I 2026-07-18 21:37:29,527] Trial 241 finished with value: -18.435 and parameters: {'Q_INIT': 50, 'EPS_START': 0.8760591267324647, 'EPS_DECAY': 0.5260239561959178, 'GAMMA': 0.9539169640824325, 'ALPHA': 0.5009607656251556, 'SHAPE_W': 132.977544499013}. Best is trial 219 with value: -1.53.
[I 2026-07-18 21:37:48,323] Trial 242 finished with value: -6.48 and parameters: {'Q_INIT': 52, 'EPS_START': 0.8729851417375931, 'EPS_DECAY': 0.5419583633872126, 'GAMMA': 0.9654287029004754, 'ALPHA': 0.5075499449659443, 'SHAPE_W': 135.85879459673382}. Best is trial 219 with value: -1.53.
[I 2026-07-18 21:38:10,602] Trial 243 finished with value: -1.59 and parameters: {'Q_INIT': 50, 'EPS_START': 0.8721636653986529, 'EPS_DECAY': 0.5431576318189756, 'GAMMA': 0.9439322210554693, 'ALPHA': 0.5012681068728806, 'SHAPE_W': 134.9926156979743}. Best is trial 219 with value: -1.53.
[I 2026-07-18 21:38:31,480] Trial 244 finished with value: 1.38 and parameters: {'Q_INIT': 51, 'EPS_START': 0.8709844707724055, 'EPS_DECAY': 0.5446429677426154, 'GAMMA': 0.9418084206461913, 'ALPHA': 0.5000179778410027, 'SHAPE_W': 135.36177897192908}. Best is trial 244 with value: 1.38.
[I 2026-07-18 21:38:52,218] Trial 245 finished with value: -2.295 and parameters: {'Q_INIT': 50, 'EPS_START': 0.8684696320405001, 'EPS_DECAY': 0.5463733977722177, 'GAMMA': 0.9380873055576378, 'ALPHA': 0.5100749958576641, 'SHAPE_W': 135.76612566238495}. Best is trial 244 with value: 1.38.
[I 2026-07-18 21:39:14,183] Trial 246 finished with value: -5.405 and parameters: {'Q_INIT': 50, 'EPS_START': 0.8694544038632551, 'EPS_DECAY': 0.552213056749415, 'GAMMA': 0.9372424159982048, 'ALPHA': 0.5007112107724168, 'SHAPE_W': 135.3886490672429}. Best is trial 244 with value: 1.38.
[I 2026-07-18 21:39:37,027] Trial 247 finished with value: -10.13 and parameters: {'Q_INIT': 50, 'EPS_START': 0.867709379582618, 'EPS_DECAY': 0.5612168314819649, 'GAMMA': 0.9123387777155874, 'ALPHA': 0.5003677991224912, 'SHAPE_W': 136.19697939686648}. Best is trial 244 with value: 1.38.
[I 2026-07-18 21:39:58,988] Trial 248 finished with value: -2.405 and parameters: {'Q_INIT': 50, 'EPS_START': 0.8717693690438796, 'EPS_DECAY': 0.5718302868605359, 'GAMMA': 0.9243483011407354, 'ALPHA': 0.500338862718299, 'SHAPE_W': 135.5327910170994}. Best is trial 244 with value: 1.38.
[I 2026-07-18 21:40:21,780] Trial 249 finished with value: -1.745 and parameters: {'Q_INIT': 50, 'EPS_START': 0.870278709749432, 'EPS_DECAY': 0.558178345308401, 'GAMMA': 0.9220228686844419, 'ALPHA': 0.5025024324858485, 'SHAPE_W': 135.83430977351412}. Best is trial 244 with value: 1.38.
[I 2026-07-18 21:40:46,062] Trial 250 finished with value: -16.55 and parameters: {'Q_INIT': 50, 'EPS_START': 0.8715121915319416, 'EPS_DECAY': 0.5713352645708529, 'GAMMA': 0.9062045680478876, 'ALPHA': 0.500182079616974, 'SHAPE_W': 135.66768851409023}. Best is trial 244 with value: 1.38.
[I 2026-07-18 21:41:09,813] Trial 251 finished with value: -21.945 and parameters: {'Q_INIT': 50, 'EPS_START': 0.8701090843710105, 'EPS_DECAY': 0.5576820415583779, 'GAMMA': 0.9161322021312017, 'ALPHA': 0.5012990016053863, 'SHAPE_W': 136.01249091878293}. Best is trial 244 with value: 1.38.
[I 2026-07-18 21:41:32,523] Trial 252 finished with value: -5.39 and parameters: {'Q_INIT': 50, 'EPS_START': 0.8741291694910244, 'EPS_DECAY': 0.5885802208197424, 'GAMMA': 0.9206524974198643, 'ALPHA': 0.5006912514408972, 'SHAPE_W': 134.31292243383518}. Best is trial 244 with value: 1.38.
[I 2026-07-18 21:41:54,282] Trial 253 finished with value: -9.665 and parameters: {'Q_INIT': 50, 'EPS_START': 0.8795219405389583, 'EPS_DECAY': 0.5630904744596796, 'GAMMA': 0.924002800812065, 'ALPHA': 0.5014947947990616, 'SHAPE_W': 139.27920556252383}. Best is trial 244 with value: 1.38.
[I 2026-07-18 21:42:14,398] Trial 254 finished with value: -6.005 and parameters: {'Q_INIT': 50, 'EPS_START': 0.8813295657787975, 'EPS_DECAY': 0.5913016457098139, 'GAMMA': 0.9211740267696222, 'ALPHA': 0.5005214626537565, 'SHAPE_W': 139.38476202403007}. Best is trial 244 with value: 1.38.
[I 2026-07-18 21:42:35,384] Trial 255 finished with value: -12.09 and parameters: {'Q_INIT': 52, 'EPS_START': 0.8822802013939809, 'EPS_DECAY': 0.5907704028002143, 'GAMMA': 0.922577053666917, 'ALPHA': 0.5089840316124888, 'SHAPE_W': 139.12741667421653}. Best is trial 244 with value: 1.38.
[I 2026-07-18 21:42:56,894] Trial 256 finished with value: -9.28 and parameters: {'Q_INIT': 52, 'EPS_START': 0.8787407744782498, 'EPS_DECAY': 0.5832021806878598, 'GAMMA': 0.9220385168214009, 'ALPHA': 0.5000773450189431, 'SHAPE_W': 134.33382839521556}. Best is trial 244 with value: 1.38.
[I 2026-07-18 21:43:20,363] Trial 257 finished with value: -11.36 and parameters: {'Q_INIT': 50, 'EPS_START': 0.8781620439380539, 'EPS_DECAY': 0.5831975721297139, 'GAMMA': 0.901704576040191, 'ALPHA': 0.500065971123524, 'SHAPE_W': 133.68317774259276}. Best is trial 244 with value: 1.38.
[I 2026-07-18 21:43:41,109] Trial 258 finished with value: -12.865 and parameters: {'Q_INIT': 52, 'EPS_START': 0.8883140934805651, 'EPS_DECAY': 0.5767341486606464, 'GAMMA': 0.9210560555121333, 'ALPHA': 0.5075032381379943, 'SHAPE_W': 138.03112959561685}. Best is trial 244 with value: 1.38.
[I 2026-07-18 21:44:00,996] Trial 259 finished with value: -9.315 and parameters: {'Q_INIT': 52, 'EPS_START': 0.8800853659051274, 'EPS_DECAY': 0.5851927724464385, 'GAMMA': 0.9281439929724047, 'ALPHA': 0.5003598649241996, 'SHAPE_W': 134.14735198766016}. Best is trial 244 with value: 1.38.
[I 2026-07-18 21:44:26,317] Trial 260 finished with value: -16.835 and parameters: {'Q_INIT': 52, 'EPS_START': 0.8817114663270574, 'EPS_DECAY': 0.5930036998736697, 'GAMMA': 0.8910475513457246, 'ALPHA': 0.5014914193348256, 'SHAPE_W': 134.32454781357882}. Best is trial 244 with value: 1.38.
[I 2026-07-18 21:44:47,023] Trial 261 finished with value: -17.125 and parameters: {'Q_INIT': 55, 'EPS_START': 0.8926064827394954, 'EPS_DECAY': 0.5734944352544625, 'GAMMA': 0.9240211769093506, 'ALPHA': 0.5103703519836876, 'SHAPE_W': 132.4359142372514}. Best is trial 244 with value: 1.38.
[I 2026-07-18 21:45:09,203] Trial 262 finished with value: 1.685 and parameters: {'Q_INIT': 52, 'EPS_START': 0.8777211918986687, 'EPS_DECAY': 0.6004147654446843, 'GAMMA': 0.9120789205119778, 'ALPHA': 0.5003840458076912, 'SHAPE_W': 136.96332089508815}. Best is trial 262 with value: 1.685.
[I 2026-07-18 21:45:31,832] Trial 263 finished with value: -14.255 and parameters: {'Q_INIT': 54, 'EPS_START': 0.8788581294744082, 'EPS_DECAY': 0.6095569019109525, 'GAMMA': 0.916184060022761, 'ALPHA': 0.5030067311834303, 'SHAPE_W': 137.62550390911974}. Best is trial 262 with value: 1.685.
[I 2026-07-18 21:45:54,748] Trial 264 finished with value: -7.815 and parameters: {'Q_INIT': 50, 'EPS_START': 0.8768651089694969, 'EPS_DECAY': 0.5823427053452692, 'GAMMA': 0.905377223635011, 'ALPHA': 0.5001802844266523, 'SHAPE_W': 140.1164991211867}. Best is trial 262 with value: 1.685.
[I 2026-07-18 21:46:17,849] Trial 265 finished with value: -7.175 and parameters: {'Q_INIT': 52, 'EPS_START': 0.8755632227876388, 'EPS_DECAY': 0.5849609283157218, 'GAMMA': 0.9057048873974725, 'ALPHA': 0.5127345767664987, 'SHAPE_W': 135.68097607407066}. Best is trial 262 with value: 1.685.
[I 2026-07-18 21:46:41,096] Trial 266 finished with value: -5.575 and parameters: {'Q_INIT': 55, 'EPS_START': 0.8764305835526426, 'EPS_DECAY': 0.6007584271428211, 'GAMMA': 0.8999164844367987, 'ALPHA': 0.5005722386180265, 'SHAPE_W': 141.57546444259518}. Best is trial 262 with value: 1.685.
[I 2026-07-18 21:47:05,052] Trial 267 finished with value: -28.66 and parameters: {'Q_INIT': 56, 'EPS_START': 0.8843065638978117, 'EPS_DECAY': 0.6064604390793015, 'GAMMA': 0.8942992585654407, 'ALPHA': 0.5000743542671015, 'SHAPE_W': 141.9966494749086}. Best is trial 262 with value: 1.685.
[I 2026-07-18 21:47:29,719] Trial 268 finished with value: -23.91 and parameters: {'Q_INIT': 54, 'EPS_START': 0.8750995662865957, 'EPS_DECAY': 0.5973225595648511, 'GAMMA': 0.9063694446091151, 'ALPHA': 0.515315702931024, 'SHAPE_W': 140.987206236993}. Best is trial 262 with value: 1.685.
[I 2026-07-18 21:47:51,471] Trial 269 finished with value: -19.625 and parameters: {'Q_INIT': 56, 'EPS_START': 0.875389596792691, 'EPS_DECAY': 0.5943613704060134, 'GAMMA': 0.9014630664642269, 'ALPHA': 0.5000448413680538, 'SHAPE_W': 136.24258764339976}. Best is trial 262 with value: 1.685.
[I 2026-07-18 21:48:16,415] Trial 270 finished with value: -17.565 and parameters: {'Q_INIT': 50, 'EPS_START': 0.8724658363636619, 'EPS_DECAY': 0.582738089202833, 'GAMMA': 0.8874366169250357, 'ALPHA': 0.517069188546802, 'SHAPE_W': 131.77157668843773}. Best is trial 262 with value: 1.685.
[I 2026-07-18 21:48:31,138] Trial 271 finished with value: -92.855 and parameters: {'Q_INIT': 88, 'EPS_START': 0.8769759275349507, 'EPS_DECAY': 0.5716512385507798, 'GAMMA': 0.9084932550276832, 'ALPHA': 0.5138059087370613, 'SHAPE_W': 135.4870699251655}. Best is trial 262 with value: 1.685.
[I 2026-07-18 21:48:51,348] Trial 272 finished with value: -9.185 and parameters: {'Q_INIT': 54, 'EPS_START': 0.8687656100626966, 'EPS_DECAY': 0.5960645619873995, 'GAMMA': 0.9339613907573328, 'ALPHA': 0.5096692773844519, 'SHAPE_W': 139.81792069328938}. Best is trial 262 with value: 1.685.
[I 2026-07-18 21:49:19,618] Trial 273 finished with value: -16.975 and parameters: {'Q_INIT': 54, 'EPS_START': 0.8684360191074063, 'EPS_DECAY': 0.6224747671936339, 'GAMMA': 0.8725312662389983, 'ALPHA': 0.5123204552636885, 'SHAPE_W': 144.3573259832429}. Best is trial 262 with value: 1.685.
[I 2026-07-18 21:49:40,560] Trial 274 finished with value: -12.695 and parameters: {'Q_INIT': 55, 'EPS_START': 0.8694222530146957, 'EPS_DECAY': 0.5974183516381364, 'GAMMA': 0.9363450588027872, 'ALPHA': 0.5189409144678072, 'SHAPE_W': 140.06157793965215}. Best is trial 262 with value: 1.685.
[I 2026-07-18 21:50:02,123] Trial 275 finished with value: -2.195 and parameters: {'Q_INIT': 52, 'EPS_START': 0.8654929416621502, 'EPS_DECAY': 0.5520685315579958, 'GAMMA': 0.9328058373529786, 'ALPHA': 0.5101197010809156, 'SHAPE_W': 138.1739478396796}. Best is trial 262 with value: 1.685.
[I 2026-07-18 21:50:27,034] Trial 276 finished with value: -13.93 and parameters: {'Q_INIT': 50, 'EPS_START': 0.8648536318025866, 'EPS_DECAY': 0.552512203406769, 'GAMMA': 0.9116453845973992, 'ALPHA': 0.5194830918265845, 'SHAPE_W': 137.23379381038066}. Best is trial 262 with value: 1.685.
[I 2026-07-18 21:50:50,491] Trial 277 finished with value: -16.125 and parameters: {'Q_INIT': 52, 'EPS_START': 0.8726320279412899, 'EPS_DECAY': 0.5628637994463601, 'GAMMA': 0.9015657160872781, 'ALPHA': 0.5097371008505178, 'SHAPE_W': 137.77307936333867}. Best is trial 262 with value: 1.685.
[I 2026-07-18 21:51:12,242] Trial 278 finished with value: -7.6 and parameters: {'Q_INIT': 52, 'EPS_START': 0.8838758029837893, 'EPS_DECAY': 0.550952130919984, 'GAMMA': 0.9307126735060263, 'ALPHA': 0.5096997447038745, 'SHAPE_W': 132.32715647428716}. Best is trial 262 with value: 1.685.
[I 2026-07-18 21:51:34,973] Trial 279 finished with value: -16.75 and parameters: {'Q_INIT': 50, 'EPS_START': 0.8897395044948119, 'EPS_DECAY': 0.5592857929793026, 'GAMMA': 0.9340927782028394, 'ALPHA': 0.5079682535408353, 'SHAPE_W': 131.57789163324884}. Best is trial 262 with value: 1.685.
[I 2026-07-18 21:51:57,937] Trial 280 finished with value: -11.185 and parameters: {'Q_INIT': 52, 'EPS_START': 0.8839077079590308, 'EPS_DECAY': 0.549900450820891, 'GAMMA': 0.9145002474818009, 'ALPHA': 0.5001991767467655, 'SHAPE_W': 135.71936083945937}. Best is trial 262 with value: 1.685.
[I 2026-07-18 21:52:25,223] Trial 281 finished with value: -12.79 and parameters: {'Q_INIT': 52, 'EPS_START': 0.8747706498717833, 'EPS_DECAY': 0.5463027563748234, 'GAMMA': 0.8804198661113621, 'ALPHA': 0.5204889630450111, 'SHAPE_W': 143.07006054147183}. Best is trial 262 with value: 1.685.
[I 2026-07-18 21:52:47,373] Trial 282 finished with value: -8.78 and parameters: {'Q_INIT': 56, 'EPS_START': 0.8822845682041303, 'EPS_DECAY': 0.5711626224736887, 'GAMMA': 0.929417711116759, 'ALPHA': 0.5092606827154207, 'SHAPE_W': 137.80258609908188}. Best is trial 262 with value: 1.685.
[I 2026-07-18 21:53:09,425] Trial 283 finished with value: -7.615 and parameters: {'Q_INIT': 56, 'EPS_START': 0.8838090689923576, 'EPS_DECAY': 0.5708451818406413, 'GAMMA': 0.9297940639373075, 'ALPHA': 0.5100208934125043, 'SHAPE_W': 138.52279424134582}. Best is trial 262 with value: 1.685.
[I 2026-07-18 21:53:32,496] Trial 284 finished with value: -7.575 and parameters: {'Q_INIT': 50, 'EPS_START': 0.8867790357777414, 'EPS_DECAY': 0.5675622580585433, 'GAMMA': 0.9369296532353676, 'ALPHA': 0.5245374779415054, 'SHAPE_W': 141.39352364624185}. Best is trial 262 with value: 1.685.
[I 2026-07-18 21:53:55,208] Trial 285 finished with value: -9.595 and parameters: {'Q_INIT': 53, 'EPS_START': 0.8968301349775, 'EPS_DECAY': 0.5716004250624486, 'GAMMA': 0.9292303190880264, 'ALPHA': 0.5246006441178281, 'SHAPE_W': 142.15211304183885}. Best is trial 262 with value: 1.685.
[I 2026-07-18 21:54:20,121] Trial 286 finished with value: -28.54 and parameters: {'Q_INIT': 52, 'EPS_START': 0.886140188396437, 'EPS_DECAY': 0.58735617831608, 'GAMMA': 0.8960106874069799, 'ALPHA': 0.5226357763165763, 'SHAPE_W': 138.35241101764473}. Best is trial 262 with value: 1.685.
[I 2026-07-18 21:54:42,390] Trial 287 finished with value: -10.605 and parameters: {'Q_INIT': 50, 'EPS_START': 0.8900419832292489, 'EPS_DECAY': 0.5586373536904403, 'GAMMA': 0.9185199284180187, 'ALPHA': 0.5187286917738525, 'SHAPE_W': 141.2600093940154}. Best is trial 262 with value: 1.685.
[I 2026-07-18 21:55:03,218] Trial 288 finished with value: -6.04 and parameters: {'Q_INIT': 56, 'EPS_START': 0.8830517437626811, 'EPS_DECAY': 0.6047380178630096, 'GAMMA': 0.9317434856659924, 'ALPHA': 0.5105008685241167, 'SHAPE_W': 139.6686298886642}. Best is trial 262 with value: 1.685.
[I 2026-07-18 21:55:26,498] Trial 289 finished with value: -13.295 and parameters: {'Q_INIT': 56, 'EPS_START': 0.8819088574115828, 'EPS_DECAY': 0.6171505612065918, 'GAMMA': 0.9397837288940494, 'ALPHA': 0.527748881361607, 'SHAPE_W': 130.47019949543113}. Best is trial 262 with value: 1.685.
[I 2026-07-18 21:55:46,190] Trial 290 finished with value: -14.095 and parameters: {'Q_INIT': 56, 'EPS_START': 0.883772283881641, 'EPS_DECAY': 0.6083234569777727, 'GAMMA': 0.9361998401536631, 'ALPHA': 0.5121526394362784, 'SHAPE_W': 131.97182876697025}. Best is trial 262 with value: 1.685.
[I 2026-07-18 21:56:06,352] Trial 291 finished with value: -8.24 and parameters: {'Q_INIT': 54, 'EPS_START': 0.891311950238335, 'EPS_DECAY': 0.5996562596974386, 'GAMMA': 0.9297605274186364, 'ALPHA': 0.5253720240855001, 'SHAPE_W': 136.99929407999753}. Best is trial 262 with value: 1.685.
[I 2026-07-18 21:56:28,758] Trial 292 finished with value: -15.035 and parameters: {'Q_INIT': 53, 'EPS_START': 0.8857792378517882, 'EPS_DECAY': 0.5527800846226634, 'GAMMA': 0.9204313847660204, 'ALPHA': 0.5169871164848879, 'SHAPE_W': 132.77619593105558}. Best is trial 262 with value: 1.685.
[I 2026-07-18 21:56:51,512] Trial 293 finished with value: -15.775 and parameters: {'Q_INIT': 55, 'EPS_START': 0.8782517434968454, 'EPS_DECAY': 0.564923137784837, 'GAMMA': 0.9367982504928539, 'ALPHA': 0.5106406793163181, 'SHAPE_W': 139.45806703758953}. Best is trial 262 with value: 1.685.
[I 2026-07-18 21:57:13,960] Trial 294 finished with value: -11.575 and parameters: {'Q_INIT': 52, 'EPS_START': 0.8655076936583329, 'EPS_DECAY': 0.5476632655779436, 'GAMMA': 0.9144181516321739, 'ALPHA': 0.5363930957550874, 'SHAPE_W': 135.1839670880346}. Best is trial 262 with value: 1.685.
[I 2026-07-18 21:57:35,880] Trial 295 finished with value: -19.445 and parameters: {'Q_INIT': 54, 'EPS_START': 0.8631501128591128, 'EPS_DECAY': 0.5738987085739965, 'GAMMA': 0.9294460233324283, 'ALPHA': 0.5101357172350764, 'SHAPE_W': 128.8959660336521}. Best is trial 262 with value: 1.685.
[I 2026-07-18 21:57:58,406] Trial 296 finished with value: -14.07 and parameters: {'Q_INIT': 52, 'EPS_START': 0.9019847288184817, 'EPS_DECAY': 0.5568407706136135, 'GAMMA': 0.941838275501275, 'ALPHA': 0.5264683969505044, 'SHAPE_W': 136.42042343794722}. Best is trial 262 with value: 1.685.
[I 2026-07-18 21:58:19,335] Trial 297 finished with value: -12.465 and parameters: {'Q_INIT': 56, 'EPS_START': 0.8866243164125783, 'EPS_DECAY': 0.5780417357691793, 'GAMMA': 0.9248066505661046, 'ALPHA': 0.5181868063705284, 'SHAPE_W': 133.04310544398703}. Best is trial 262 with value: 1.685.
[I 2026-07-18 21:58:40,398] Trial 298 finished with value: -3.425 and parameters: {'Q_INIT': 57, 'EPS_START': 0.8749148054400852, 'EPS_DECAY': 0.6027005494429035, 'GAMMA': 0.9392106347363942, 'ALPHA': 0.5099972346657331, 'SHAPE_W': 139.57604443076443}. Best is trial 262 with value: 1.685.
[I 2026-07-18 21:59:01,184] Trial 299 finished with value: -3.135 and parameters: {'Q_INIT': 50, 'EPS_START': 0.8738298910994687, 'EPS_DECAY': 0.6053481684866392, 'GAMMA': 0.9396052562158128, 'ALPHA': 0.5275649817317152, 'SHAPE_W': 143.74962330779405}. Best is trial 262 with value: 1.685.
[I 2026-07-18 21:59:12,247] Trial 300 finished with value: -97.305 and parameters: {'Q_INIT': 125, 'EPS_START': 0.8731593686614372, 'EPS_DECAY': 0.6058225280315073, 'GAMMA': 0.943965933169925, 'ALPHA': 0.5431252349637329, 'SHAPE_W': 145.3096703086093}. Best is trial 262 with value: 1.685.
[I 2026-07-18 21:59:35,697] Trial 301 finished with value: -10.16 and parameters: {'Q_INIT': 50, 'EPS_START': 0.8691515635198219, 'EPS_DECAY': 0.6275512851481039, 'GAMMA': 0.9153473638143627, 'ALPHA': 0.5355489825960478, 'SHAPE_W': 142.87792697646034}. Best is trial 262 with value: 1.685.
[I 2026-07-18 21:59:56,423] Trial 302 finished with value: -1.63 and parameters: {'Q_INIT': 50, 'EPS_START': 0.8756115034519796, 'EPS_DECAY': 0.6095885322356267, 'GAMMA': 0.939588270267049, 'ALPHA': 0.5254826003281876, 'SHAPE_W': 140.72029019212383}. Best is trial 262 with value: 1.685.
